2025-09-20 00:51:26,988 [INFO] Authentication successful - eyJhbGciOiJIUzI1NiIsInR5cCI6IkpXVCJ9.eyJhdWQiOlsiZDoxIiwiZDoyIiwieDowIiwieDoxIiwieDoyIl0sImF0X2hhc2giOiJnQUFBQUFCb3phMDFKeEVRSG82Y3MtUjlEYXhQU2hsV0ZQbHNIdFRVMDRMNjgyNzFaSXYyT0pKZlF6TWFjZ1k2NDFGUXMxY2xCVFZiOXgxQ0kxRTdVczdxamsya0oyRk5wOHJGWEZCeVJVNHY3djZSUVhZeDlHYz0iLCJkaXNwbGF5X25hbWUiOiIiLCJvbXMiOiJLMSIsImhzbV9rZXkiOiI2NWI4NzU5ZGNmZjE2NDAyYTViMTA2ZTYxMGU0YmYxNmRkM2ZjMDFiZWY3YmE3NmZjYmY1MjdkMCIsImlzRGRwaUVuYWJsZWQiOiJZIiwiaXNNdGZFbmFibGVkIjoiTiIsImZ5X2lkIjoiWFIwNDc1MCIsImFwcFR5cGUiOjEwMCwiZXhwIjoxNzU4NDE0NjAwLCJpYXQiOjE3NTgzMDk2ODUsImlzcyI6ImFwaS5meWVycy5pbiIsIm5iZiI6MTc1ODMwOTY4NSwic3ViIjoiYWNjZXNzX3Rva2VuIn0.cjVxml8q_jFSPFAykcKeVVyGnX7Wzbw8r5-cPOFKClY
2025-09-20 00:52:28,224 [INFO] Authentication successful - eyJhbGciOiJIUzI1NiIsInR5cCI6IkpXVCJ9.eyJhdWQiOlsiZDoxIiwiZDoyIiwieDowIiwieDoxIiwieDoyIl0sImF0X2hhc2giOiJnQUFBQUFCb3phMXkyNEJyTlE3dUFqdlpIZ09CRHZTc09aVHYzelFVU19jRDdWU0dlNTZtVXFDSENfcWZhaUN2OXJVamdDS0lqZVIwVXpzLWxoaE16bTZCUnU3aF8yMVYwRGVJTVFtR3Q5dkU3NWt1YXk0aG5sQT0iLCJkaXNwbGF5X25hbWUiOiIiLCJvbXMiOiJLMSIsImhzbV9rZXkiOiIwZGJhMTQ3MWRmMGY3ODViNGEzYjA5OGZhOWI4YjcyOGIyZjNmMDI4NGY5YjllNzVmMmMzYTc2YSIsImlzRGRwaUVuYWJsZWQiOiJZIiwiaXNNdGZFbmFibGVkIjoiTiIsImZ5X2lkIjoiWFIwNDc1MCIsImFwcFR5cGUiOjEwMCwiZXhwIjoxNzU4NDE0NjAwLCJpYXQiOjE3NTgzMDk3NDYsImlzcyI6ImFwaS5meWVycy5pbiIsIm5iZiI6MTc1ODMwOTc0Niwic3ViIjoiYWNjZXNzX3Rva2VuIn0.LCTvc9AIuFIJQBrsU5JY85dvxbbMnMyMk-mw3kjsNio
2025-09-20 01:01:42,267 [INFO] Starting trading script...
2025-09-20 01:01:42,273 [INFO] Authenticating with Fyers to use its API...
2025-09-20 01:01:44,608 [INFO] Access token is valid.
2025-09-20 01:01:44,608 [INFO] Authentication is already done as access token is valid.
2025-09-20 01:01:44,608 [INFO] Creating FyersModel instance with access token...
2025-09-20 01:01:44,608 [INFO] Authenticated Fyers instance created.
2025-09-20 01:01:44,608 [INFO] Fetching index symbols and running filtering stages...
2025-09-20 01:01:44,608 [INFO] Starting WebSocket to fetch gap-up stocks...
2025-09-20 01:01:46,096 [INFO] Loaded symbols from Stock_list.xlsx.
2025-09-20 01:01:47,538 [INFO] Websocket connected
2025-09-20 01:01:48,137 [INFO] WebSocket connection opened. Subscribing to data...
2025-09-20 01:02:47,574 [INFO] Gap-up stocks saved to gapup_data.csv with 7 entries.
2025-09-20 01:02:47,598 [INFO] Gap-up stocks loaded: 7
2025-09-20 01:02:49,707 [INFO] Symbol              Gap Up %    Avg Volume  Status
2025-09-20 01:02:49,707 [INFO] Included NSE:ATGL-EQ | Volume: 963083
2025-09-20 01:02:49,709 [INFO] Included NSE:ADANIENSOL-EQ | Volume: 1772226
2025-09-20 01:02:49,709 [INFO] Included NSE:ADANIPORTS-EQ | Volume: 1968238
2025-09-20 01:02:49,709 [INFO] Included NSE:ADANIPOWER-EQ | Volume: 6881011
2025-09-20 01:02:49,709 [INFO] Included NSE:ADANIENT-EQ | Volume: 943645
2025-09-20 01:02:49,713 [INFO] Included NSE:ADANIGREEN-EQ | Volume: 1927016
2025-09-20 01:02:49,713 [INFO] Included NSE:JSWENERGY-EQ | Volume: 2770100
2025-09-20 01:02:49,718 [INFO] Final filtered stocks after volume check: 7
2025-09-20 01:02:49,718 [INFO] Stocks to be traded: NSE:ATGL-EQ, NSE:ADANIENSOL-EQ, NSE:ADANIPORTS-EQ, NSE:ADANIPOWER-EQ, NSE:ADANIENT-EQ, NSE:ADANIGREEN-EQ, NSE:JSWENERGY-EQ
2025-09-20 01:02:49,723 [INFO] Filtered stocks saved to filtered_stocks.json.
2025-09-20 01:02:49,723 [INFO] Entering monitoring loop...
2025-09-20 01:02:49,723 [INFO] Market closed. Sleeping for 60 seconds.
2025-09-20 01:03:49,726 [INFO] Market closed. Sleeping for 60 seconds.
2025-09-20 01:04:49,727 [INFO] Market closed. Sleeping for 60 seconds.
2025-09-20 01:05:49,729 [INFO] file filtered_stocks.csv deleted successfully
2025-09-20 01:05:49,733 [INFO] file filtered_stocks.json deleted successfully
2025-09-20 01:05:49,733 [INFO] file gapup_data.csv deleted successfully
2025-09-20 01:05:49,733 [INFO] file gapup_data.json deleted successfully
2025-09-20 01:05:49,733 [INFO] file trades.txt deleted successfully
2025-09-20 01:05:49,738 [INFO] Market closed, Exiting......
2025-09-20 01:08:39,890 [INFO] Starting trading script...
2025-09-20 01:08:39,918 [INFO] Authenticating with Fyers to use its API...
2025-09-20 01:08:41,147 [INFO] Access token is valid.
2025-09-20 01:08:41,148 [INFO] Authentication is already done as access token is valid.
2025-09-20 01:08:41,148 [INFO] Creating FyersModel instance with access token...
2025-09-20 01:08:41,148 [INFO] Authenticated Fyers instance created.
2025-09-20 01:08:41,148 [INFO] Fetching index symbols and running filtering stages...
2025-09-20 01:08:41,148 [INFO] Starting WebSocket to fetch gap-up stocks...
2025-09-20 01:08:41,683 [INFO] Loaded symbols from Stock_list.xlsx.
2025-09-20 01:08:42,888 [INFO] Websocket connected
2025-09-20 01:08:43,690 [INFO] WebSocket connection opened. Subscribing to data...
2025-09-20 01:09:42,908 [INFO] Gap-up stocks saved to gapup_data.csv with 7 entries.
2025-09-20 01:09:42,915 [INFO] Gap-up stocks loaded: 7
2025-09-20 01:09:45,009 [INFO] Symbol              Gap Up %    Avg Volume  Status
2025-09-20 01:09:45,009 [INFO] Included NSE:ATGL-EQ | Volume: 963083
2025-09-20 01:09:45,009 [INFO] Included NSE:ADANIENSOL-EQ | Volume: 1772226
2025-09-20 01:09:45,009 [INFO] Included NSE:ADANIPORTS-EQ | Volume: 1968238
2025-09-20 01:09:45,012 [INFO] Included NSE:ADANIPOWER-EQ | Volume: 6881011
2025-09-20 01:09:45,012 [INFO] Included NSE:ADANIENT-EQ | Volume: 943645
2025-09-20 01:09:45,012 [INFO] Included NSE:ADANIGREEN-EQ | Volume: 1927016
2025-09-20 01:09:45,012 [INFO] Included NSE:JSWENERGY-EQ | Volume: 2770100
2025-09-20 01:09:45,018 [INFO] Final filtered stocks after volume check: 7
2025-09-20 01:09:45,018 [INFO] Stocks to be traded: NSE:ATGL-EQ, NSE:ADANIENSOL-EQ, NSE:ADANIPORTS-EQ, NSE:ADANIPOWER-EQ, NSE:ADANIENT-EQ, NSE:ADANIGREEN-EQ, NSE:JSWENERGY-EQ
2025-09-20 01:09:45,021 [INFO] Filtered stocks saved to filtered_stocks.json.
2025-09-20 01:09:45,023 [INFO] Entering monitoring loop...
2025-09-20 01:09:45,023 [INFO] Market closed. Sleeping for 60 seconds.
2025-09-20 01:10:45,025 [INFO] Market closed. Sleeping for 60 seconds.
2025-09-20 01:11:58,993 [INFO] Starting trading script...
2025-09-20 01:11:58,995 [INFO] Authenticating with Fyers to use its API...
2025-09-20 01:12:00,123 [INFO] Access token is valid.
2025-09-20 01:12:00,123 [INFO] Authentication is already done as access token is valid.
2025-09-20 01:12:00,123 [INFO] Creating FyersModel instance with access token...
2025-09-20 01:12:00,123 [INFO] Authenticated Fyers instance created.
2025-09-20 01:12:00,123 [INFO] Loading filtered stocks from filtered_stocks.json...
2025-09-20 01:12:00,130 [INFO] Loaded 7 stocks.
2025-09-20 01:12:00,130 [INFO] Stocks to be traded: NSE:ATGL-EQ, NSE:ADANIENSOL-EQ, NSE:ADANIPORTS-EQ, NSE:ADANIPOWER-EQ, NSE:ADANIENT-EQ, NSE:ADANIGREEN-EQ, NSE:JSWENERGY-EQ
2025-09-20 01:12:00,130 [INFO] Entering monitoring loop...
2025-09-20 01:12:00,130 [INFO] Market closed. Sleeping for 60 seconds.
2025-09-20 01:13:00,136 [INFO] Market closed. Sleeping for 60 seconds.
2025-09-20 01:14:00,138 [INFO] Market closed. Sleeping for 60 seconds.
2025-09-20 01:15:00,139 [INFO] file filtered_stocks.csv deleted successfully
2025-09-20 01:15:00,142 [INFO] file filtered_stocks.json deleted successfully
2025-09-20 01:15:00,143 [INFO] file gapup_data.csv deleted successfully
2025-09-20 01:15:00,144 [INFO] file gapup_data.json deleted successfully
2025-09-20 01:15:00,146 [INFO] file trades.txt deleted successfully
2025-09-20 01:15:00,148 [INFO] Market closed, Exiting......
2025-09-20 01:32:46,573 [INFO] Starting trading script...
2025-09-20 01:32:46,573 [INFO] Authenticating with Fyers to use its API...
2025-09-20 01:32:48,009 [INFO] Access token is valid.
2025-09-20 01:32:48,010 [INFO] Authentication is already done as access token is valid.
2025-09-20 01:32:48,010 [INFO] Creating FyersModel instance with access token...
2025-09-20 01:32:48,010 [INFO] Authenticated Fyers instance created.
2025-09-20 01:32:48,010 [INFO] Fetching index symbols and running filtering stages...
2025-09-20 01:32:48,010 [INFO] Starting WebSocket to fetch gap-up stocks...
2025-09-20 01:32:48,616 [INFO] Loaded symbols from Stock_list.xlsx.
2025-09-20 01:32:49,850 [INFO] Websocket connected
2025-09-20 01:32:50,636 [INFO] WebSocket connection opened. Subscribing to data...
2025-09-20 01:33:49,874 [INFO] Gap-up stocks saved to gapup_data.csv with 7 entries.
2025-09-20 01:33:49,880 [INFO] Gap-up stocks loaded: 7
2025-09-20 01:33:51,374 [INFO] Symbol              Gap Up %    Avg Volume  Status
2025-09-20 01:33:51,374 [INFO] Included NSE:ATGL-EQ | Volume: 963083
2025-09-20 01:33:51,374 [INFO] Included NSE:ADANIENSOL-EQ | Volume: 1772226
2025-09-20 01:33:51,374 [INFO] Included NSE:ADANIPORTS-EQ | Volume: 1968238
2025-09-20 01:33:51,383 [INFO] Included NSE:ADANIPOWER-EQ | Volume: 6881011
2025-09-20 01:33:51,383 [INFO] Included NSE:ADANIENT-EQ | Volume: 943645
2025-09-20 01:33:51,383 [INFO] Included NSE:ADANIGREEN-EQ | Volume: 1927016
2025-09-20 01:33:51,383 [INFO] Included NSE:JSWENERGY-EQ | Volume: 2770100
2025-09-20 01:33:51,394 [INFO] Final filtered stocks after volume check: 7
2025-09-20 01:33:51,394 [INFO] Stocks to be traded: NSE:ATGL-EQ, NSE:ADANIENSOL-EQ, NSE:ADANIPORTS-EQ, NSE:ADANIPOWER-EQ, NSE:ADANIENT-EQ, NSE:ADANIGREEN-EQ, NSE:JSWENERGY-EQ
2025-09-20 01:33:51,398 [INFO] Filtered stocks saved to filtered_stocks.json.
2025-09-20 01:33:51,402 [INFO] Entering monitoring loop...
2025-09-20 01:33:51,403 [INFO] Market closed. Sleeping for 60 seconds.
2025-09-20 01:34:51,407 [INFO] Market closed. Sleeping for 60 seconds.
2025-09-20 01:35:51,409 [INFO] Market closed. Sleeping for 60 seconds.
2025-09-20 01:36:51,413 [INFO] file filtered_stocks.csv deleted successfully
2025-09-20 01:36:51,417 [INFO] file filtered_stocks.json deleted successfully
2025-09-20 01:36:51,433 [INFO] file gapup_data.csv deleted successfully
2025-09-20 01:36:51,434 [INFO] file gapup_data.json deleted successfully
2025-09-20 01:36:51,439 [INFO] file trades.txt deleted successfully
2025-09-20 01:36:51,444 [INFO] file GapUp_stocks.json deleted successfully
2025-09-20 01:36:51,446 [INFO] Market closed, Exiting......
2025-09-20 01:40:25,283 [INFO] Starting trading script...
2025-09-20 01:40:25,295 [INFO] Authenticating with Fyers to use its API...
2025-09-20 01:40:26,359 [INFO] Access token is valid.
2025-09-20 01:40:26,359 [INFO] Authentication is already done as access token is valid.
2025-09-20 01:40:26,359 [INFO] Creating FyersModel instance with access token...
2025-09-20 01:40:26,359 [INFO] Authenticated Fyers instance created.
2025-09-20 01:40:26,359 [INFO] Fetching index symbols and running filtering stages...
2025-09-20 01:40:26,371 [INFO] Starting WebSocket to fetch gap-up stocks...
2025-09-20 01:40:26,948 [INFO] Loaded symbols from Stock_list.xlsx.
2025-09-20 01:40:28,120 [INFO] Websocket connected
2025-09-20 01:40:28,961 [INFO] WebSocket connection opened. Subscribing to data...
2025-09-20 01:41:03,434 [INFO] Starting trading script...
2025-09-20 01:41:03,434 [INFO] Authenticating with Fyers to use its API...
2025-09-20 01:41:04,558 [INFO] Access token is valid.
2025-09-20 01:41:04,558 [INFO] Authentication is already done as access token is valid.
2025-09-20 01:41:04,566 [INFO] Creating FyersModel instance with access token...
2025-09-20 01:41:04,566 [INFO] Authenticated Fyers instance created.
2025-09-20 01:41:04,566 [INFO] Fetching index symbols and running filtering stages...
2025-09-20 01:41:04,566 [INFO] Starting WebSocket to fetch gap-up stocks...
2025-09-20 01:41:04,645 [INFO] Loaded symbols from Stock_list.xlsx.
2025-09-20 01:41:05,580 [INFO] Websocket connected
2025-09-20 01:41:06,652 [INFO] WebSocket connection opened. Subscribing to data...
2025-09-20 01:41:25,608 [INFO] Gap-up stocks saved to gapup_data.csv with 7 entries.
2025-09-20 01:41:25,617 [INFO] Gap-up stocks loaded: 7
2025-09-20 01:41:27,299 [INFO] Symbol              Gap Up %    Avg Volume  Status
2025-09-20 01:41:27,299 [INFO] Included NSE:ATGL-EQ | Volume: 963083
2025-09-20 01:41:27,307 [INFO] Included NSE:ADANIENSOL-EQ | Volume: 1772226
2025-09-20 01:41:27,309 [INFO] Included NSE:ADANIPORTS-EQ | Volume: 1968238
2025-09-20 01:41:27,309 [INFO] Included NSE:ADANIPOWER-EQ | Volume: 6881011
2025-09-20 01:41:27,309 [INFO] Included NSE:ADANIENT-EQ | Volume: 943645
2025-09-20 01:41:27,309 [INFO] Included NSE:ADANIGREEN-EQ | Volume: 1927016
2025-09-20 01:41:27,314 [INFO] Included NSE:JSWENERGY-EQ | Volume: 2770100
2025-09-20 01:41:27,316 [INFO] Final filtered stocks after volume check: 7
2025-09-20 01:41:27,316 [INFO] Stocks to be traded: NSE:ATGL-EQ, NSE:ADANIENSOL-EQ, NSE:ADANIPORTS-EQ, NSE:ADANIPOWER-EQ, NSE:ADANIENT-EQ, NSE:ADANIGREEN-EQ, NSE:JSWENERGY-EQ
2025-09-20 01:41:27,324 [INFO] Filtered stocks saved to filtered_stocks.json.
2025-09-20 01:41:27,324 [INFO] Entering monitoring loop...
2025-09-20 01:41:27,325 [INFO] Market closed. Sleeping for 60 seconds.
2025-09-20 01:41:58,467 [INFO] Gap-up stocks saved to gapup_data.csv with 7 entries.
2025-09-20 01:41:58,479 [INFO] Gap-up stocks loaded: 7
2025-09-20 01:41:59,998 [INFO] Symbol              Gap Up %    Avg Volume  Status
2025-09-20 01:42:00,002 [INFO] Included NSE:ATGL-EQ | Volume: 963083
2025-09-20 01:42:00,021 [INFO] Included NSE:ADANIENSOL-EQ | Volume: 1772226
2025-09-20 01:42:00,036 [INFO] Included NSE:ADANIPORTS-EQ | Volume: 1968238
2025-09-20 01:42:00,056 [INFO] Included NSE:ADANIPOWER-EQ | Volume: 6881011
2025-09-20 01:42:00,077 [INFO] Included NSE:ADANIENT-EQ | Volume: 943645
2025-09-20 01:42:00,092 [INFO] Included NSE:ADANIGREEN-EQ | Volume: 1927016
2025-09-20 01:42:00,103 [INFO] Included NSE:JSWENERGY-EQ | Volume: 2770100
2025-09-20 01:42:00,115 [INFO] Final filtered stocks after volume check: 7
2025-09-20 01:42:00,117 [INFO] Stocks to be traded: NSE:ATGL-EQ, NSE:ADANIENSOL-EQ, NSE:ADANIPORTS-EQ, NSE:ADANIPOWER-EQ, NSE:ADANIENT-EQ, NSE:ADANIGREEN-EQ, NSE:JSWENERGY-EQ
2025-09-20 01:42:00,117 [INFO] Filtered stocks saved to filtered_stocks.json.
2025-09-20 01:42:00,117 [INFO] Entering monitoring loop...
2025-09-20 01:42:00,122 [INFO] Market closed. Sleeping for 60 seconds.
2025-09-20 01:42:27,328 [INFO] Market closed. Sleeping for 60 seconds.
2025-09-20 01:43:00,124 [INFO] Market closed. Sleeping for 60 seconds.
2025-09-20 01:43:27,332 [INFO] Market closed. Sleeping for 60 seconds.
2025-09-20 01:44:00,126 [INFO] Market closed. Sleeping for 60 seconds.
2025-09-20 01:44:27,339 [INFO] file filtered_stocks.csv deleted successfully
2025-09-20 01:44:27,358 [INFO] file filtered_stocks.json deleted successfully
2025-09-20 01:44:27,359 [INFO] file gapup_data.csv deleted successfully
2025-09-20 01:44:27,359 [INFO] file gapup_data.json deleted successfully
2025-09-20 01:44:27,362 [INFO] file trades.txt deleted successfully
2025-09-20 01:44:27,362 [INFO] file GapUp_stocks.json deleted successfully
2025-09-20 01:44:27,362 [INFO] Market closed, Exiting......
2025-09-20 01:44:57,132 [INFO] Starting trading script...
2025-09-20 01:44:57,132 [INFO] Authenticating with Fyers to use its API...
2025-09-20 01:44:58,242 [INFO] Access token is valid.
2025-09-20 01:44:58,242 [INFO] Authentication is already done as access token is valid.
2025-09-20 01:44:58,242 [INFO] Creating FyersModel instance with access token...
2025-09-20 01:44:58,242 [INFO] Authenticated Fyers instance created.
2025-09-20 01:44:58,256 [INFO] Fetching index symbols and running filtering stages...
2025-09-20 01:44:58,256 [INFO] Starting WebSocket to fetch gap-up stocks...
2025-09-20 01:44:58,730 [INFO] Loaded symbols from Stock_list.xlsx.
2025-09-20 01:45:00,083 [INFO] Websocket connected
2025-09-20 01:45:00,128 [INFO] file filtered_stocks.csv deleted successfully
2025-09-20 01:45:00,128 [INFO] file filtered_stocks.json deleted successfully
2025-09-20 01:45:00,128 [INFO] file gapup_data.csv deleted successfully
2025-09-20 01:45:00,128 [INFO] file gapup_data.json deleted successfully
2025-09-20 01:45:00,128 [INFO] file trades.txt deleted successfully
2025-09-20 01:45:00,128 [INFO] file GapUp_stocks.json deleted successfully
2025-09-20 01:45:00,128 [INFO] Market closed, Exiting......
2025-09-20 01:45:00,749 [INFO] WebSocket connection opened. Subscribing to data...
2025-09-20 01:46:00,108 [INFO] Gap-up stocks saved to gapup_data.csv with 7 entries.
2025-09-20 01:46:00,114 [INFO] Gap-up stocks loaded: 7
2025-09-20 01:46:01,846 [INFO] Symbol              Gap Up %    Avg Volume  Status
2025-09-20 01:46:01,846 [INFO] Included NSE:ATGL-EQ | Volume: 963083
2025-09-20 01:46:01,848 [INFO] Included NSE:ADANIENSOL-EQ | Volume: 1772226
2025-09-20 01:46:01,848 [INFO] Included NSE:ADANIPORTS-EQ | Volume: 1968238
2025-09-20 01:46:01,850 [INFO] Included NSE:ADANIPOWER-EQ | Volume: 6881011
2025-09-20 01:46:01,850 [INFO] Included NSE:ADANIENT-EQ | Volume: 943645
2025-09-20 01:46:01,850 [INFO] Included NSE:ADANIGREEN-EQ | Volume: 1927016
2025-09-20 01:46:01,850 [INFO] Included NSE:JSWENERGY-EQ | Volume: 2770100
2025-09-20 01:46:01,855 [INFO] Final filtered stocks after volume check: 7
2025-09-20 01:46:01,855 [INFO] Stocks to be traded: NSE:ATGL-EQ, NSE:ADANIENSOL-EQ, NSE:ADANIPORTS-EQ, NSE:ADANIPOWER-EQ, NSE:ADANIENT-EQ, NSE:ADANIGREEN-EQ, NSE:JSWENERGY-EQ
2025-09-20 01:46:01,862 [INFO] Filtered stocks saved to filtered_stocks.json.
2025-09-20 01:46:01,864 [INFO] Entering monitoring loop...
2025-09-20 01:46:01,866 [INFO] Market closed. Sleeping for 60 seconds.
2025-09-20 01:47:01,869 [INFO] Market closed. Sleeping for 60 seconds.
2025-09-20 01:47:44,939 [INFO] Starting trading script...
2025-09-20 01:47:44,939 [INFO] Authenticating with Fyers to use its API...
2025-09-20 01:47:45,897 [INFO] Access token is valid.
2025-09-20 01:47:45,901 [INFO] Authentication is already done as access token is valid.
2025-09-20 01:47:45,901 [INFO] Creating FyersModel instance with access token...
2025-09-20 01:47:45,903 [INFO] Authenticated Fyers instance created.
2025-09-20 01:47:45,903 [INFO] Fetching index symbols and running filtering stages...
2025-09-20 01:47:45,905 [INFO] Starting WebSocket to fetch gap-up stocks...
2025-09-20 01:47:45,985 [INFO] Loaded symbols from Stock_list.xlsx.
2025-09-20 01:47:46,997 [INFO] Websocket connected
2025-09-20 01:47:47,992 [INFO] WebSocket connection opened. Subscribing to data...
2025-09-20 01:48:01,870 [INFO] Market closed. Sleeping for 60 seconds.
2025-09-20 01:48:17,105 [ERROR] Connection to remote host was lost. - goodbye
2025-09-20 01:48:47,030 [INFO] Gap-up stocks saved to gapup_data.csv with 7 entries.
2025-09-20 01:48:47,038 [INFO] Gap-up stocks loaded: 7
2025-09-20 01:48:48,658 [INFO] Symbol              Gap Up %    Avg Volume  Status
2025-09-20 01:48:48,658 [INFO] Included NSE:ATGL-EQ | Volume: 963083
2025-09-20 01:48:48,667 [INFO] Included NSE:ADANIENSOL-EQ | Volume: 1772226
2025-09-20 01:48:48,667 [INFO] Included NSE:ADANIPORTS-EQ | Volume: 1968238
2025-09-20 01:48:48,667 [INFO] Included NSE:ADANIPOWER-EQ | Volume: 6881011
2025-09-20 01:48:48,667 [INFO] Included NSE:ADANIENT-EQ | Volume: 943645
2025-09-20 01:48:48,669 [INFO] Included NSE:ADANIGREEN-EQ | Volume: 1927016
2025-09-20 01:48:48,669 [INFO] Included NSE:JSWENERGY-EQ | Volume: 2770100
2025-09-20 01:48:48,676 [INFO] Final filtered stocks after volume check: 7
2025-09-20 01:48:48,676 [INFO] Stocks to be traded: NSE:ATGL-EQ, NSE:ADANIENSOL-EQ, NSE:ADANIPORTS-EQ, NSE:ADANIPOWER-EQ, NSE:ADANIENT-EQ, NSE:ADANIGREEN-EQ, NSE:JSWENERGY-EQ
2025-09-20 01:48:48,678 [INFO] Filtered stocks saved to filtered_stocks.json.
2025-09-20 01:48:48,678 [INFO] Entering monitoring loop...
2025-09-20 01:48:48,678 [INFO] Market closed. Sleeping for 60 seconds.
2025-09-20 01:49:01,873 [INFO] file filtered_stocks.csv deleted successfully
2025-09-20 01:49:01,873 [INFO] file filtered_stocks.json deleted successfully
2025-09-20 01:49:01,873 [INFO] file gapup_data.csv deleted successfully
2025-09-20 01:49:01,873 [INFO] file gapup_data.json deleted successfully
2025-09-20 01:49:01,873 [INFO] file trades.txt deleted successfully
2025-09-20 01:49:01,881 [INFO] file GapUp_stocks.json deleted successfully
2025-09-20 01:49:01,881 [INFO] Market closed, Exiting......
2025-09-20 01:53:11,211 [INFO] Starting trading script...
2025-09-20 01:53:11,211 [INFO] Authenticating with Fyers to use its API...
2025-09-20 01:53:12,398 [INFO] Access token is valid.
2025-09-20 01:53:12,398 [INFO] Authentication is already done as access token is valid.
2025-09-20 01:53:12,398 [INFO] Creating FyersModel instance with access token...
2025-09-20 01:53:12,407 [INFO] Authenticated Fyers instance created.
2025-09-20 01:53:12,407 [INFO] Fetching index symbols and running filtering stages...
2025-09-20 01:53:12,407 [INFO] Starting WebSocket to fetch gap-up stocks...
2025-09-20 01:53:12,994 [INFO] Loaded symbols from Stock_list.xlsx.
2025-09-20 01:53:14,189 [INFO] Websocket connected
2025-09-20 01:53:15,010 [INFO] WebSocket connection opened. Subscribing to data...
2025-09-20 01:54:14,212 [INFO] Gap-up stocks saved to gapup_data.csv with 7 entries.
2025-09-20 01:54:14,220 [INFO] Gap-up stocks loaded: 7
2025-09-20 01:54:15,649 [INFO] Symbol              Gap Up %    Avg Volume  Status
2025-09-20 01:54:15,649 [INFO] Included NSE:ATGL-EQ | Volume: 963083
2025-09-20 01:54:15,649 [INFO] Included NSE:ADANIENSOL-EQ | Volume: 1772226
2025-09-20 01:54:15,649 [INFO] Included NSE:ADANIPORTS-EQ | Volume: 1968238
2025-09-20 01:54:15,649 [INFO] Included NSE:ADANIPOWER-EQ | Volume: 6881011
2025-09-20 01:54:15,649 [INFO] Included NSE:ADANIENT-EQ | Volume: 943645
2025-09-20 01:54:15,649 [INFO] Included NSE:ADANIGREEN-EQ | Volume: 1927016
2025-09-20 01:54:15,649 [INFO] Included NSE:JSWENERGY-EQ | Volume: 2770100
2025-09-20 01:54:15,649 [INFO] Final filtered stocks after volume check: 7
2025-09-20 01:54:15,649 [INFO] Stocks to be traded: NSE:ATGL-EQ, NSE:ADANIENSOL-EQ, NSE:ADANIPORTS-EQ, NSE:ADANIPOWER-EQ, NSE:ADANIENT-EQ, NSE:ADANIGREEN-EQ, NSE:JSWENERGY-EQ
2025-09-20 01:54:15,649 [INFO] Filtered stocks saved to filtered_stocks.json.
2025-09-20 01:54:15,663 [INFO] Entering monitoring loop...
2025-09-20 01:54:15,663 [INFO] Market closed. Sleeping for 60 seconds.
2025-09-20 01:55:15,671 [INFO] Market closed. Sleeping for 60 seconds.
2025-09-20 01:56:15,681 [INFO] Market closed. Sleeping for 60 seconds.
2025-09-20 01:57:15,689 [INFO] file filtered_stocks.csv deleted successfully
2025-09-20 01:57:15,695 [INFO] file filtered_stocks.json deleted successfully
2025-09-20 01:57:15,701 [INFO] file gapup_data.csv deleted successfully
2025-09-20 01:57:15,703 [INFO] file gapup_data.json deleted successfully
2025-09-20 01:57:15,707 [INFO] file trades.txt deleted successfully
2025-09-20 01:57:15,718 [INFO] file GapUp_stocks.json deleted successfully
2025-09-20 01:57:15,721 [INFO] Market closed, Exiting......
2025-09-20 02:07:51,048 [INFO] Starting trading script...
2025-09-20 02:07:51,050 [INFO] Authenticating with Fyers to use its API...
2025-09-20 02:07:52,304 [INFO] Access token is valid.
2025-09-20 02:07:52,304 [INFO] Authentication is already done as access token is valid.
2025-09-20 02:07:52,304 [INFO] Creating FyersModel instance with access token...
2025-09-20 02:07:52,304 [INFO] Authenticated Fyers instance created.
2025-09-20 02:07:52,304 [INFO] Fetching index symbols and running filtering stages...
2025-09-20 02:07:52,304 [INFO] Starting WebSocket to fetch gap-up stocks...
2025-09-20 02:07:53,289 [INFO] Loaded symbols from Stock_list.xlsx.
2025-09-20 02:07:54,549 [INFO] Websocket connected
2025-09-20 02:07:55,297 [INFO] WebSocket connection opened. Subscribing to data...
2025-09-20 02:08:54,584 [INFO] Gap-up stocks saved to gapup_data.csv with 7 entries.
2025-09-20 02:08:54,584 [INFO] Gap-up stocks loaded: 7
2025-09-20 02:08:56,201 [INFO] Symbol              Gap Up %    Avg Volume  Status
2025-09-20 02:08:56,201 [INFO] Included NSE:ATGL-EQ | Volume: 963083
2025-09-20 02:08:56,201 [INFO] Included NSE:ADANIENSOL-EQ | Volume: 1772226
2025-09-20 02:08:56,201 [INFO] Included NSE:ADANIPORTS-EQ | Volume: 1968238
2025-09-20 02:08:56,208 [INFO] Included NSE:ADANIPOWER-EQ | Volume: 6881011
2025-09-20 02:08:56,209 [INFO] Included NSE:ADANIENT-EQ | Volume: 943645
2025-09-20 02:08:56,209 [INFO] Included NSE:ADANIGREEN-EQ | Volume: 1927016
2025-09-20 02:08:56,210 [INFO] Included NSE:JSWENERGY-EQ | Volume: 2770100
2025-09-20 02:08:56,215 [INFO] Final filtered stocks after volume check: 7
2025-09-20 02:08:56,217 [INFO] Stocks to be traded: NSE:ATGL-EQ, NSE:ADANIENSOL-EQ, NSE:ADANIPORTS-EQ, NSE:ADANIPOWER-EQ, NSE:ADANIENT-EQ, NSE:ADANIGREEN-EQ, NSE:JSWENERGY-EQ
2025-09-20 02:08:56,219 [INFO] Filtered stocks saved to filtered_stocks.json.
2025-09-20 02:08:56,219 [INFO] Entering monitoring loop...
2025-09-20 02:08:56,219 [INFO] Market closed. Sleeping for 60 seconds.
2025-09-20 02:09:56,223 [INFO] Market closed. Sleeping for 60 seconds.
2025-09-20 02:10:56,378 [INFO] Market closed. Sleeping for 60 seconds.
2025-09-20 02:11:56,383 [INFO] file filtered_stocks.csv deleted successfully
2025-09-20 02:11:56,383 [INFO] file filtered_stocks.json deleted successfully
2025-09-20 02:11:56,383 [INFO] file gapup_data.csv deleted successfully
2025-09-20 02:11:56,383 [INFO] file gapup_data.json deleted successfully
2025-09-20 02:11:56,383 [INFO] file trades.txt deleted successfully
2025-09-20 02:11:56,383 [INFO] file GapUp_stocks.json deleted successfully
2025-09-20 02:11:56,383 [INFO] Market closed, Exiting......
