2025-08-06 09:19:43,716 [INFO] Starting trading script...
2025-08-06 09:19:43,716 [INFO] Creating FyersModel instance with access token...
2025-08-06 09:19:43,717 [INFO] Authenticated Fyers instance created.
2025-08-06 09:19:43,717 [INFO] Authenticated Fyers instance created.
2025-08-06 09:19:43,717 [INFO] Fetching index symbols and running filtering stages...
2025-08-06 09:19:43,719 [INFO] Starting WebSocket to fetch gap-up stocks...
2025-08-06 09:19:44,254 [INFO] Loaded symbols from Stock_list.xlsx.
2025-08-06 09:19:44,943 [INFO] Websocket connected
2025-08-06 09:19:46,276 [INFO] WebSocket connection opened. Subscribing to data...
2025-08-06 09:20:04,962 [INFO] Gap-up stocks saved to gapup_data.csv with 3 entries.
2025-08-06 09:20:04,983 [INFO] Gap-up stocks loaded: 3
2025-08-06 09:20:05,456 [INFO] Symbol              Gap Up %    Avg Volume  Status
2025-08-06 09:20:05,456 [INFO] Included NSE:LUPIN-EQ | Volume: 996567
2025-08-06 09:20:05,456 [INFO] Excluded NSE:FLUOROCHEM-EQ | Volume: 99035
2025-08-06 09:20:05,458 [INFO] Included NSE:GLAND-EQ | Volume: 357992
2025-08-06 09:20:05,462 [INFO] Final filtered stocks after volume check: 2
2025-08-06 09:20:05,463 [INFO] Stocks to be traded: NSE:LUPIN-EQ, NSE:GLAND-EQ
2025-08-06 09:20:05,465 [INFO] Filtered stocks saved to filtered_stocks.json.
2025-08-06 09:20:05,465 [INFO] Entering monitoring loop...
2025-08-06 09:20:05,467 [INFO] Checking for trade setups...
2025-08-06 09:20:05,467 [INFO] Applying trade logic to 2 stocks.
2025-08-06 09:20:05,469 [INFO] [Trade Candidate: NSE:LUPIN-EQ]
2025-08-06 09:20:05,851 [INFO] Skipping signal from previous day: 2025-08-05 13:15
2025-08-06 09:20:05,852 [INFO] [Trade Candidate: NSE:GLAND-EQ]
2025-08-06 09:20:06,251 [INFO] Skipping signal from previous day: 2025-08-05 10:45
2025-08-06 09:20:06,255 [INFO] Executing trade for NSE:GLAND-EQ: {'timestamp': '2025-08-06 09:20', 'action': 'SELL', 'entry_price': 2007.1, 'stop_loss': 2089.4, 'target': 1760.1999999999994}
2025-08-06 09:20:06,255 [INFO] [TRADE] NSE:GLAND-EQ - Entry: 2007.10, SL: 2089.40, Target: 1760.20
2025-08-06 09:20:06,255 [INFO] Placing trade for NSE:GLAND-EQ at price 2007.1 with SL 2089.4 and Target 1760.1999999999994.
2025-08-06 09:20:06,666 [INFO] Trade placed successfully: {'code': 1101, 'message': 'Successfully placed order', 's': 'ok', 'id': '25080600014022-BO-1'}
2025-08-06 09:20:16,669 [INFO] Checking for trade setups...
2025-08-06 09:20:16,669 [INFO] Applying trade logic to 2 stocks. 
2025-08-06 09:20:16,669 [INFO] [Trade Candidate: NSE:LUPIN-EQ]
2025-08-06 09:20:17,168 [INFO] Skipping signal from previous day: 2025-08-05 13:15
2025-08-06 09:20:17,168 [INFO] [Trade Candidate: NSE:GLAND-EQ]
2025-08-06 09:20:17,743 [INFO] Skipping signal from previous day: 2025-08-05 10:45
2025-08-06 09:20:17,743 [INFO] Skipping already traded signal: ('NSE:GLAND-EQ', '2025-08-06 09:20')
2025-08-06 09:20:17,743 [INFO] Skipping duplicate trade for NSE:GLAND-EQ at 2025-08-06 09:20
2025-08-06 09:20:27,750 [INFO] Checking for trade setups...
2025-08-06 09:20:27,750 [INFO] Applying trade logic to 2 stocks.
2025-08-06 09:20:27,750 [INFO] [Trade Candidate: NSE:LUPIN-EQ]
2025-08-06 09:20:28,503 [INFO] Skipping signal from previous day: 2025-08-05 13:15
2025-08-06 09:20:28,503 [INFO] [Trade Candidate: NSE:GLAND-EQ]
2025-08-06 09:20:28,953 [INFO] Skipping signal from previous day: 2025-08-05 10:45
2025-08-06 09:20:28,953 [INFO] Skipping already traded signal: ('NSE:GLAND-EQ', '2025-08-06 09:20')
2025-08-06 09:20:28,957 [INFO] Skipping duplicate trade for NSE:GLAND-EQ at 2025-08-06 09:20
2025-08-06 09:20:38,958 [INFO] Checking for trade setups...
2025-08-06 09:20:38,958 [INFO] Applying trade logic to 2 stocks.
2025-08-06 09:20:38,958 [INFO] [Trade Candidate: NSE:LUPIN-EQ]
2025-08-06 09:20:39,762 [INFO] Skipping signal from previous day: 2025-08-05 13:15
2025-08-06 09:20:39,762 [INFO] [Trade Candidate: NSE:GLAND-EQ]
2025-08-06 09:20:40,397 [INFO] Skipping signal from previous day: 2025-08-05 10:45
2025-08-06 09:20:40,397 [INFO] Skipping already traded signal: ('NSE:GLAND-EQ', '2025-08-06 09:20')
2025-08-06 09:20:40,397 [INFO] Skipping duplicate trade for NSE:GLAND-EQ at 2025-08-06 09:20
2025-08-06 09:20:50,400 [INFO] Checking for trade setups...
2025-08-06 09:20:50,400 [INFO] Applying trade logic to 2 stocks.
2025-08-06 09:20:50,401 [INFO] [Trade Candidate: NSE:LUPIN-EQ]
2025-08-06 09:20:50,909 [INFO] Skipping signal from previous day: 2025-08-05 13:15
2025-08-06 09:20:50,909 [INFO] [Trade Candidate: NSE:GLAND-EQ]
2025-08-06 09:20:51,394 [INFO] Skipping signal from previous day: 2025-08-05 10:45
2025-08-06 09:20:51,394 [INFO] Skipping already traded signal: ('NSE:GLAND-EQ', '2025-08-06 09:20')
2025-08-06 09:20:51,394 [INFO] Skipping duplicate trade for NSE:GLAND-EQ at 2025-08-06 09:20
2025-08-06 09:21:01,403 [INFO] Checking for trade setups...
2025-08-06 09:21:01,403 [INFO] Applying trade logic to 2 stocks.
2025-08-06 09:21:01,403 [INFO] [Trade Candidate: NSE:LUPIN-EQ]
2025-08-06 09:21:02,160 [INFO] Skipping signal from previous day: 2025-08-05 13:15
2025-08-06 09:21:02,160 [INFO] [Trade Candidate: NSE:GLAND-EQ]
2025-08-06 09:21:02,772 [INFO] Skipping signal from previous day: 2025-08-05 10:45
2025-08-06 09:21:02,772 [INFO] Skipping already traded signal: ('NSE:GLAND-EQ', '2025-08-06 09:20')
2025-08-06 09:21:02,772 [INFO] Skipping duplicate trade for NSE:GLAND-EQ at 2025-08-06 09:20
2025-08-06 09:21:12,774 [INFO] Checking for trade setups...
2025-08-06 09:21:12,774 [INFO] Applying trade logic to 2 stocks.
2025-08-06 09:21:12,774 [INFO] [Trade Candidate: NSE:LUPIN-EQ]
2025-08-06 09:21:14,269 [INFO] Skipping signal from previous day: 2025-08-05 13:15
2025-08-06 09:21:14,276 [INFO] [Trade Candidate: NSE:GLAND-EQ]
2025-08-06 09:21:14,805 [INFO] Skipping signal from previous day: 2025-08-05 10:45
2025-08-06 09:21:14,809 [INFO] Skipping already traded signal: ('NSE:GLAND-EQ', '2025-08-06 09:20')
2025-08-06 09:21:14,809 [INFO] Skipping duplicate trade for NSE:GLAND-EQ at 2025-08-06 09:20
2025-08-06 09:21:24,811 [INFO] Checking for trade setups...
2025-08-06 09:21:24,811 [INFO] Applying trade logic to 2 stocks.
2025-08-06 09:21:24,811 [INFO] [Trade Candidate: NSE:LUPIN-EQ]
2025-08-06 09:21:26,265 [INFO] Skipping signal from previous day: 2025-08-05 13:15
2025-08-06 09:21:26,266 [INFO] [Trade Candidate: NSE:GLAND-EQ]
2025-08-06 09:21:26,770 [INFO] Skipping signal from previous day: 2025-08-05 10:45
2025-08-06 09:21:26,770 [INFO] Skipping already traded signal: ('NSE:GLAND-EQ', '2025-08-06 09:20')
2025-08-06 09:21:26,772 [INFO] Skipping duplicate trade for NSE:GLAND-EQ at 2025-08-06 09:20
2025-08-06 09:21:36,774 [INFO] Checking for trade setups...
2025-08-06 09:21:36,774 [INFO] Applying trade logic to 2 stocks.
2025-08-06 09:21:36,774 [INFO] [Trade Candidate: NSE:LUPIN-EQ]
2025-08-06 09:21:37,319 [INFO] Skipping signal from previous day: 2025-08-05 13:15
2025-08-06 09:21:37,319 [INFO] [Trade Candidate: NSE:GLAND-EQ]
2025-08-06 09:21:37,861 [INFO] Skipping signal from previous day: 2025-08-05 10:45
2025-08-06 09:21:37,861 [INFO] Skipping already traded signal: ('NSE:GLAND-EQ', '2025-08-06 09:20')
2025-08-06 09:21:37,861 [INFO] Skipping duplicate trade for NSE:GLAND-EQ at 2025-08-06 09:20
2025-08-06 09:21:47,865 [INFO] Checking for trade setups...
2025-08-06 09:21:47,865 [INFO] Applying trade logic to 2 stocks.
2025-08-06 09:21:47,865 [INFO] [Trade Candidate: NSE:LUPIN-EQ]
2025-08-06 09:21:48,512 [INFO] Skipping signal from previous day: 2025-08-05 13:15
2025-08-06 09:21:48,512 [INFO] [Trade Candidate: NSE:GLAND-EQ]
2025-08-06 09:21:49,002 [INFO] Skipping signal from previous day: 2025-08-05 10:45
2025-08-06 09:21:49,002 [INFO] Skipping already traded signal: ('NSE:GLAND-EQ', '2025-08-06 09:20')
2025-08-06 09:21:49,003 [INFO] Skipping duplicate trade for NSE:GLAND-EQ at 2025-08-06 09:20
2025-08-06 09:21:59,004 [INFO] Checking for trade setups...
2025-08-06 09:21:59,004 [INFO] Applying trade logic to 2 stocks.
2025-08-06 09:21:59,004 [INFO] [Trade Candidate: NSE:LUPIN-EQ]
2025-08-06 09:21:59,575 [INFO] Skipping signal from previous day: 2025-08-05 13:15
2025-08-06 09:21:59,575 [INFO] [Trade Candidate: NSE:GLAND-EQ]
2025-08-06 09:22:00,138 [INFO] Skipping signal from previous day: 2025-08-05 10:45
2025-08-06 09:22:00,138 [INFO] Skipping already traded signal: ('NSE:GLAND-EQ', '2025-08-06 09:20')
2025-08-06 09:22:00,138 [INFO] Skipping duplicate trade for NSE:GLAND-EQ at 2025-08-06 09:20
2025-08-06 09:22:10,152 [INFO] Checking for trade setups...
2025-08-06 09:22:10,152 [INFO] Applying trade logic to 2 stocks.
2025-08-06 09:22:10,152 [INFO] [Trade Candidate: NSE:LUPIN-EQ]
2025-08-06 09:22:10,736 [INFO] Skipping signal from previous day: 2025-08-05 13:15
2025-08-06 09:22:10,736 [INFO] [Trade Candidate: NSE:GLAND-EQ]
2025-08-06 09:22:11,309 [INFO] Skipping signal from previous day: 2025-08-05 10:45
2025-08-06 09:22:11,309 [INFO] Skipping already traded signal: ('NSE:GLAND-EQ', '2025-08-06 09:20')
2025-08-06 09:22:11,309 [INFO] Skipping duplicate trade for NSE:GLAND-EQ at 2025-08-06 09:20
2025-08-06 09:22:21,316 [INFO] Checking for trade setups...
2025-08-06 09:22:21,316 [INFO] Applying trade logic to 2 stocks.
2025-08-06 09:22:21,316 [INFO] [Trade Candidate: NSE:LUPIN-EQ]
2025-08-06 09:22:23,904 [INFO] Skipping signal from previous day: 2025-08-05 13:15
2025-08-06 09:22:23,904 [INFO] [Trade Candidate: NSE:GLAND-EQ]
2025-08-06 09:22:24,346 [INFO] Skipping signal from previous day: 2025-08-05 10:45
2025-08-06 09:22:24,346 [INFO] Skipping already traded signal: ('NSE:GLAND-EQ', '2025-08-06 09:20')
2025-08-06 09:22:24,346 [INFO] Skipping duplicate trade for NSE:GLAND-EQ at 2025-08-06 09:20
2025-08-06 09:22:34,364 [INFO] Checking for trade setups...
2025-08-06 09:22:34,364 [INFO] Applying trade logic to 2 stocks.
2025-08-06 09:22:34,364 [INFO] [Trade Candidate: NSE:LUPIN-EQ]
2025-08-06 09:22:34,820 [INFO] Skipping signal from previous day: 2025-08-05 13:15
2025-08-06 09:22:34,820 [INFO] [Trade Candidate: NSE:GLAND-EQ]
2025-08-06 09:22:35,243 [INFO] Skipping signal from previous day: 2025-08-05 10:45
2025-08-06 09:22:35,245 [INFO] Skipping already traded signal: ('NSE:GLAND-EQ', '2025-08-06 09:20')
2025-08-06 09:22:35,245 [INFO] Skipping duplicate trade for NSE:GLAND-EQ at 2025-08-06 09:20
2025-08-06 09:22:45,246 [INFO] Checking for trade setups...
2025-08-06 09:22:45,246 [INFO] Applying trade logic to 2 stocks.
2025-08-06 09:22:45,246 [INFO] [Trade Candidate: NSE:LUPIN-EQ]
2025-08-06 09:22:45,825 [INFO] Skipping signal from previous day: 2025-08-05 13:15
2025-08-06 09:22:45,825 [INFO] [Trade Candidate: NSE:GLAND-EQ]
2025-08-06 09:22:46,275 [INFO] Skipping signal from previous day: 2025-08-05 10:45
2025-08-06 09:22:46,280 [INFO] Skipping already traded signal: ('NSE:GLAND-EQ', '2025-08-06 09:20')
2025-08-06 09:22:46,280 [INFO] Skipping duplicate trade for NSE:GLAND-EQ at 2025-08-06 09:20
2025-08-06 09:22:56,281 [INFO] Checking for trade setups...
2025-08-06 09:22:56,281 [INFO] Applying trade logic to 2 stocks.
2025-08-06 09:22:56,281 [INFO] [Trade Candidate: NSE:LUPIN-EQ]
2025-08-06 09:22:56,733 [INFO] Skipping signal from previous day: 2025-08-05 13:15
2025-08-06 09:22:56,733 [INFO] [Trade Candidate: NSE:GLAND-EQ]
2025-08-06 09:22:57,142 [INFO] Skipping signal from previous day: 2025-08-05 10:45
2025-08-06 09:22:57,142 [INFO] Skipping already traded signal: ('NSE:GLAND-EQ', '2025-08-06 09:20')
2025-08-06 09:22:57,142 [INFO] Skipping duplicate trade for NSE:GLAND-EQ at 2025-08-06 09:20
2025-08-06 09:23:07,145 [INFO] Checking for trade setups...
2025-08-06 09:23:07,145 [INFO] Applying trade logic to 2 stocks.
2025-08-06 09:23:07,145 [INFO] [Trade Candidate: NSE:LUPIN-EQ]
2025-08-06 09:23:07,751 [INFO] Skipping signal from previous day: 2025-08-05 13:15
2025-08-06 09:23:07,751 [INFO] [Trade Candidate: NSE:GLAND-EQ]
2025-08-06 09:23:08,222 [INFO] Skipping signal from previous day: 2025-08-05 10:45
2025-08-06 09:23:08,222 [INFO] Skipping already traded signal: ('NSE:GLAND-EQ', '2025-08-06 09:20')
2025-08-06 09:23:08,222 [INFO] Skipping duplicate trade for NSE:GLAND-EQ at 2025-08-06 09:20
2025-08-06 09:23:18,230 [INFO] Checking for trade setups...
2025-08-06 09:23:18,230 [INFO] Applying trade logic to 2 stocks.
2025-08-06 09:23:18,230 [INFO] [Trade Candidate: NSE:LUPIN-EQ]
2025-08-06 09:23:18,799 [INFO] Skipping signal from previous day: 2025-08-05 13:15
2025-08-06 09:23:18,803 [INFO] [Trade Candidate: NSE:GLAND-EQ]
2025-08-06 09:23:19,310 [INFO] Skipping signal from previous day: 2025-08-05 10:45
2025-08-06 09:23:19,310 [INFO] Skipping already traded signal: ('NSE:GLAND-EQ', '2025-08-06 09:20')
2025-08-06 09:23:19,310 [INFO] Skipping duplicate trade for NSE:GLAND-EQ at 2025-08-06 09:20
2025-08-06 09:23:29,313 [INFO] Checking for trade setups...
2025-08-06 09:23:29,313 [INFO] Applying trade logic to 2 stocks.
2025-08-06 09:23:29,313 [INFO] [Trade Candidate: NSE:LUPIN-EQ]
2025-08-06 09:23:29,860 [INFO] Skipping signal from previous day: 2025-08-05 13:15
2025-08-06 09:23:29,860 [INFO] [Trade Candidate: NSE:GLAND-EQ]
2025-08-06 09:23:30,267 [INFO] Skipping signal from previous day: 2025-08-05 10:45
2025-08-06 09:23:30,267 [INFO] Skipping already traded signal: ('NSE:GLAND-EQ', '2025-08-06 09:20')
2025-08-06 09:23:30,267 [INFO] Skipping duplicate trade for NSE:GLAND-EQ at 2025-08-06 09:20
2025-08-06 09:23:40,272 [INFO] Checking for trade setups...
2025-08-06 09:23:40,272 [INFO] Applying trade logic to 2 stocks.
2025-08-06 09:23:40,272 [INFO] [Trade Candidate: NSE:LUPIN-EQ]
2025-08-06 09:23:40,817 [INFO] Skipping signal from previous day: 2025-08-05 13:15
2025-08-06 09:23:40,817 [INFO] [Trade Candidate: NSE:GLAND-EQ]
2025-08-06 09:23:41,234 [INFO] Skipping signal from previous day: 2025-08-05 10:45
2025-08-06 09:23:41,234 [INFO] Skipping already traded signal: ('NSE:GLAND-EQ', '2025-08-06 09:20')
2025-08-06 09:23:41,234 [INFO] Skipping duplicate trade for NSE:GLAND-EQ at 2025-08-06 09:20
2025-08-06 09:23:51,241 [INFO] Checking for trade setups...
2025-08-06 09:23:51,241 [INFO] Applying trade logic to 2 stocks.
2025-08-06 09:23:51,241 [INFO] [Trade Candidate: NSE:LUPIN-EQ]
2025-08-06 09:23:51,879 [INFO] Skipping signal from previous day: 2025-08-05 13:15
2025-08-06 09:23:51,879 [INFO] [Trade Candidate: NSE:GLAND-EQ]
2025-08-06 09:23:52,490 [INFO] Skipping signal from previous day: 2025-08-05 10:45
2025-08-06 09:23:52,490 [INFO] Skipping already traded signal: ('NSE:GLAND-EQ', '2025-08-06 09:20')
2025-08-06 09:23:52,490 [INFO] Skipping duplicate trade for NSE:GLAND-EQ at 2025-08-06 09:20
2025-08-06 09:24:02,498 [INFO] Checking for trade setups...
2025-08-06 09:24:02,498 [INFO] Applying trade logic to 2 stocks.
2025-08-06 09:24:02,498 [INFO] [Trade Candidate: NSE:LUPIN-EQ]
2025-08-06 09:24:03,038 [INFO] Skipping signal from previous day: 2025-08-05 13:15
2025-08-06 09:24:03,038 [INFO] [Trade Candidate: NSE:GLAND-EQ]
2025-08-06 09:24:03,545 [INFO] Skipping signal from previous day: 2025-08-05 10:45
2025-08-06 09:24:03,545 [INFO] Skipping already traded signal: ('NSE:GLAND-EQ', '2025-08-06 09:20')
2025-08-06 09:24:03,545 [INFO] Skipping duplicate trade for NSE:GLAND-EQ at 2025-08-06 09:20
2025-08-06 09:24:13,552 [INFO] Checking for trade setups...
2025-08-06 09:24:13,552 [INFO] Applying trade logic to 2 stocks.
2025-08-06 09:24:13,552 [INFO] [Trade Candidate: NSE:LUPIN-EQ]
2025-08-06 09:24:14,017 [INFO] Skipping signal from previous day: 2025-08-05 13:15
2025-08-06 09:24:14,017 [INFO] [Trade Candidate: NSE:GLAND-EQ]
2025-08-06 09:24:14,536 [INFO] Skipping signal from previous day: 2025-08-05 10:45
2025-08-06 09:24:14,536 [INFO] Skipping already traded signal: ('NSE:GLAND-EQ', '2025-08-06 09:20')
2025-08-06 09:24:14,536 [INFO] Skipping duplicate trade for NSE:GLAND-EQ at 2025-08-06 09:20
2025-08-06 09:24:24,552 [INFO] Checking for trade setups...
2025-08-06 09:24:24,552 [INFO] Applying trade logic to 2 stocks.
2025-08-06 09:24:24,552 [INFO] [Trade Candidate: NSE:LUPIN-EQ]
2025-08-06 09:24:25,006 [INFO] Skipping signal from previous day: 2025-08-05 13:15
2025-08-06 09:24:25,006 [INFO] [Trade Candidate: NSE:GLAND-EQ]
2025-08-06 09:24:25,498 [INFO] Skipping signal from previous day: 2025-08-05 10:45
2025-08-06 09:24:25,498 [INFO] Skipping already traded signal: ('NSE:GLAND-EQ', '2025-08-06 09:20')
2025-08-06 09:24:25,498 [INFO] Skipping duplicate trade for NSE:GLAND-EQ at 2025-08-06 09:20
2025-08-06 09:24:35,506 [INFO] Checking for trade setups...
2025-08-06 09:24:35,506 [INFO] Applying trade logic to 2 stocks.
2025-08-06 09:24:35,506 [INFO] [Trade Candidate: NSE:LUPIN-EQ]
2025-08-06 09:24:56,546 [INFO] Error calculating EMA: list index out of range
2025-08-06 09:24:56,546 [INFO] [Trade Candidate: NSE:GLAND-EQ]
2025-08-06 09:24:56,551 [INFO] Error calculating EMA: list index out of range
2025-08-06 09:25:06,553 [INFO] Checking for trade setups...
2025-08-06 09:25:06,553 [INFO] Applying trade logic to 2 stocks.
2025-08-06 09:25:06,553 [INFO] [Trade Candidate: NSE:LUPIN-EQ]
2025-08-06 09:25:06,556 [INFO] Error calculating EMA: list index out of range
2025-08-06 09:25:06,557 [INFO] [Trade Candidate: NSE:GLAND-EQ]
2025-08-06 09:25:06,560 [INFO] Error calculating EMA: list index out of range
2025-08-06 09:25:16,561 [INFO] Checking for trade setups...
2025-08-06 09:25:16,561 [INFO] Applying trade logic to 2 stocks.
2025-08-06 09:25:16,561 [INFO] [Trade Candidate: NSE:LUPIN-EQ]
2025-08-06 09:25:16,568 [INFO] Error calculating EMA: list index out of range
2025-08-06 09:25:16,568 [INFO] [Trade Candidate: NSE:GLAND-EQ]
2025-08-06 09:25:16,580 [INFO] Error calculating EMA: list index out of range
2025-08-06 09:25:26,586 [INFO] Checking for trade setups...
2025-08-06 09:25:26,586 [INFO] Applying trade logic to 2 stocks.
2025-08-06 09:25:26,586 [INFO] [Trade Candidate: NSE:LUPIN-EQ]
2025-08-06 09:25:26,589 [INFO] Error calculating EMA: list index out of range
2025-08-06 09:25:26,589 [INFO] [Trade Candidate: NSE:GLAND-EQ]
2025-08-06 09:25:26,597 [INFO] Error calculating EMA: list index out of range
2025-08-06 09:25:36,606 [INFO] Checking for trade setups...
2025-08-06 09:25:36,606 [INFO] Applying trade logic to 2 stocks.
2025-08-06 09:25:36,606 [INFO] [Trade Candidate: NSE:LUPIN-EQ]
2025-08-06 09:25:36,614 [INFO] Error calculating EMA: list index out of range
2025-08-06 09:25:36,617 [INFO] [Trade Candidate: NSE:GLAND-EQ]
2025-08-06 09:25:36,622 [INFO] Error calculating EMA: list index out of range
2025-08-06 09:25:46,628 [INFO] Checking for trade setups...
2025-08-06 09:25:46,628 [INFO] Applying trade logic to 2 stocks.
2025-08-06 09:25:46,628 [INFO] [Trade Candidate: NSE:LUPIN-EQ]
2025-08-06 09:25:46,631 [INFO] Error calculating EMA: list index out of range
2025-08-06 09:25:46,633 [INFO] [Trade Candidate: NSE:GLAND-EQ]
2025-08-06 09:25:46,641 [INFO] Error calculating EMA: list index out of range
2025-08-06 09:25:56,648 [INFO] Checking for trade setups...
2025-08-06 09:25:56,648 [INFO] Applying trade logic to 2 stocks.
2025-08-06 09:25:56,648 [INFO] [Trade Candidate: NSE:LUPIN-EQ]
2025-08-06 09:25:56,648 [INFO] Error calculating EMA: list index out of range
2025-08-06 09:25:56,648 [INFO] [Trade Candidate: NSE:GLAND-EQ]
2025-08-06 09:25:56,654 [INFO] Error calculating EMA: list index out of range
2025-08-06 09:26:06,656 [INFO] Checking for trade setups...
2025-08-06 09:26:06,656 [INFO] Applying trade logic to 2 stocks.
2025-08-06 09:26:06,656 [INFO] [Trade Candidate: NSE:LUPIN-EQ]
2025-08-06 09:26:06,659 [INFO] Error calculating EMA: list index out of range
2025-08-06 09:26:06,661 [INFO] [Trade Candidate: NSE:GLAND-EQ]
2025-08-06 09:26:06,667 [INFO] Error calculating EMA: list index out of range
2025-08-06 09:26:16,667 [INFO] Checking for trade setups...
2025-08-06 09:26:16,667 [INFO] Applying trade logic to 2 stocks.
2025-08-06 09:26:16,667 [INFO] [Trade Candidate: NSE:LUPIN-EQ]
2025-08-06 09:26:16,672 [INFO] Error calculating EMA: list index out of range
2025-08-06 09:26:16,672 [INFO] [Trade Candidate: NSE:GLAND-EQ]
2025-08-06 09:26:16,676 [INFO] Error calculating EMA: list index out of range
2025-08-06 09:26:26,677 [INFO] Checking for trade setups...
2025-08-06 09:26:26,677 [INFO] Applying trade logic to 2 stocks.
2025-08-06 09:26:26,677 [INFO] [Trade Candidate: NSE:LUPIN-EQ]
2025-08-06 09:26:26,684 [INFO] Error calculating EMA: list index out of range
2025-08-06 09:26:26,684 [INFO] [Trade Candidate: NSE:GLAND-EQ]
2025-08-06 09:26:26,692 [INFO] Error calculating EMA: list index out of range
2025-08-06 09:26:36,702 [INFO] Checking for trade setups...
2025-08-06 09:26:36,702 [INFO] Applying trade logic to 2 stocks.
2025-08-06 09:26:36,702 [INFO] [Trade Candidate: NSE:LUPIN-EQ]
2025-08-06 09:26:36,706 [INFO] Error calculating EMA: list index out of range
2025-08-06 09:26:36,706 [INFO] [Trade Candidate: NSE:GLAND-EQ]
2025-08-06 09:26:36,713 [INFO] Error calculating EMA: list index out of range
2025-08-06 09:26:46,721 [INFO] Checking for trade setups...
2025-08-06 09:26:46,721 [INFO] Applying trade logic to 2 stocks.
2025-08-06 09:26:46,721 [INFO] [Trade Candidate: NSE:LUPIN-EQ]
2025-08-06 09:26:46,728 [INFO] Error calculating EMA: list index out of range
2025-08-06 09:26:46,728 [INFO] [Trade Candidate: NSE:GLAND-EQ]
2025-08-06 09:26:46,737 [INFO] Error calculating EMA: list index out of range
2025-08-06 09:26:56,740 [INFO] Checking for trade setups...
2025-08-06 09:26:56,740 [INFO] Applying trade logic to 2 stocks.
2025-08-06 09:26:56,740 [INFO] [Trade Candidate: NSE:LUPIN-EQ]
2025-08-06 09:26:56,745 [INFO] Error calculating EMA: list index out of range
2025-08-06 09:26:56,745 [INFO] [Trade Candidate: NSE:GLAND-EQ]
2025-08-06 09:26:56,748 [INFO] Error calculating EMA: list index out of range
2025-08-06 09:27:06,750 [INFO] Checking for trade setups...
2025-08-06 09:27:06,750 [INFO] Applying trade logic to 2 stocks.
2025-08-06 09:27:06,750 [INFO] [Trade Candidate: NSE:LUPIN-EQ]
2025-08-06 09:27:06,760 [INFO] Error calculating EMA: list index out of range
2025-08-06 09:27:06,762 [INFO] [Trade Candidate: NSE:GLAND-EQ]
2025-08-06 09:27:06,772 [INFO] Error calculating EMA: list index out of range
2025-08-06 09:27:16,775 [INFO] Checking for trade setups...
2025-08-06 09:27:16,775 [INFO] Applying trade logic to 2 stocks.
2025-08-06 09:27:16,775 [INFO] [Trade Candidate: NSE:LUPIN-EQ]
2025-08-06 09:27:16,780 [INFO] Error calculating EMA: list index out of range
2025-08-06 09:27:16,780 [INFO] [Trade Candidate: NSE:GLAND-EQ]
2025-08-06 09:27:16,780 [INFO] Error calculating EMA: list index out of range
2025-08-06 09:27:26,785 [INFO] Checking for trade setups...
2025-08-06 09:27:26,785 [INFO] Applying trade logic to 2 stocks.
2025-08-06 09:27:26,785 [INFO] [Trade Candidate: NSE:LUPIN-EQ]
2025-08-06 09:27:26,787 [INFO] Error calculating EMA: list index out of range
2025-08-06 09:27:26,787 [INFO] [Trade Candidate: NSE:GLAND-EQ]
2025-08-06 09:27:26,801 [INFO] Error calculating EMA: list index out of range
2025-08-06 09:27:36,802 [INFO] Checking for trade setups...
2025-08-06 09:27:36,802 [INFO] Applying trade logic to 2 stocks.
2025-08-06 09:27:36,802 [INFO] [Trade Candidate: NSE:LUPIN-EQ]
2025-08-06 09:27:36,804 [INFO] Error calculating EMA: list index out of range
2025-08-06 09:27:36,804 [INFO] [Trade Candidate: NSE:GLAND-EQ]
2025-08-06 09:27:36,811 [INFO] Error calculating EMA: list index out of range
2025-08-06 09:27:46,813 [INFO] Checking for trade setups...
2025-08-06 09:27:46,813 [INFO] Applying trade logic to 2 stocks.
2025-08-06 09:27:46,813 [INFO] [Trade Candidate: NSE:LUPIN-EQ]
2025-08-06 09:27:46,813 [INFO] Error calculating EMA: list index out of range
2025-08-06 09:27:46,813 [INFO] [Trade Candidate: NSE:GLAND-EQ]
2025-08-06 09:27:46,813 [INFO] Error calculating EMA: list index out of range
2025-08-06 09:27:56,822 [INFO] Checking for trade setups...
2025-08-06 09:27:56,822 [INFO] Applying trade logic to 2 stocks.
2025-08-06 09:27:56,822 [INFO] [Trade Candidate: NSE:LUPIN-EQ]
2025-08-06 09:27:56,822 [INFO] Error calculating EMA: list index out of range
2025-08-06 09:27:56,822 [INFO] [Trade Candidate: NSE:GLAND-EQ]
2025-08-06 09:27:56,822 [INFO] Error calculating EMA: list index out of range
2025-08-06 09:28:06,834 [INFO] Checking for trade setups...
2025-08-06 09:28:06,835 [INFO] Applying trade logic to 2 stocks.
2025-08-06 09:28:06,835 [INFO] [Trade Candidate: NSE:LUPIN-EQ]
2025-08-06 09:28:06,835 [INFO] Error calculating EMA: list index out of range
2025-08-06 09:28:06,835 [INFO] [Trade Candidate: NSE:GLAND-EQ]
2025-08-06 09:28:06,844 [INFO] Error calculating EMA: list index out of range
2025-08-06 09:28:16,848 [INFO] Checking for trade setups...
2025-08-06 09:28:16,848 [INFO] Applying trade logic to 2 stocks.
2025-08-06 09:28:16,848 [INFO] [Trade Candidate: NSE:LUPIN-EQ]
2025-08-06 09:28:16,848 [INFO] Error calculating EMA: list index out of range
2025-08-06 09:28:16,848 [INFO] [Trade Candidate: NSE:GLAND-EQ]
2025-08-06 09:28:16,848 [INFO] Error calculating EMA: list index out of range
2025-08-06 09:28:26,859 [INFO] Checking for trade setups...
2025-08-06 09:28:26,859 [INFO] Applying trade logic to 2 stocks.
2025-08-06 09:28:26,859 [INFO] [Trade Candidate: NSE:LUPIN-EQ]
2025-08-06 09:28:26,859 [INFO] Error calculating EMA: list index out of range
2025-08-06 09:28:26,859 [INFO] [Trade Candidate: NSE:GLAND-EQ]
2025-08-06 09:28:26,859 [INFO] Error calculating EMA: list index out of range
2025-08-06 09:28:36,874 [INFO] Checking for trade setups...
2025-08-06 09:28:36,874 [INFO] Applying trade logic to 2 stocks.
2025-08-06 09:28:36,874 [INFO] [Trade Candidate: NSE:LUPIN-EQ]
2025-08-06 09:28:36,874 [INFO] Error calculating EMA: list index out of range
2025-08-06 09:28:36,874 [INFO] [Trade Candidate: NSE:GLAND-EQ]
2025-08-06 09:28:36,874 [INFO] Error calculating EMA: list index out of range
2025-08-06 09:28:46,883 [INFO] Checking for trade setups...
2025-08-06 09:28:46,884 [INFO] Applying trade logic to 2 stocks.
2025-08-06 09:28:46,884 [INFO] [Trade Candidate: NSE:LUPIN-EQ]
2025-08-06 09:28:46,884 [INFO] Error calculating EMA: list index out of range
2025-08-06 09:28:46,884 [INFO] [Trade Candidate: NSE:GLAND-EQ]
2025-08-06 09:28:46,896 [INFO] Error calculating EMA: list index out of range
2025-08-06 09:28:56,899 [INFO] Checking for trade setups...
2025-08-06 09:28:56,899 [INFO] Applying trade logic to 2 stocks.
2025-08-06 09:28:56,899 [INFO] [Trade Candidate: NSE:LUPIN-EQ]
2025-08-06 09:28:56,899 [INFO] Error calculating EMA: list index out of range
2025-08-06 09:28:56,899 [INFO] [Trade Candidate: NSE:GLAND-EQ]
2025-08-06 09:28:56,899 [INFO] Error calculating EMA: list index out of range
2025-08-06 09:29:06,909 [INFO] Checking for trade setups...
2025-08-06 09:29:06,909 [INFO] Applying trade logic to 2 stocks.
2025-08-06 09:29:06,909 [INFO] [Trade Candidate: NSE:LUPIN-EQ]
2025-08-06 09:29:06,916 [INFO] Error calculating EMA: list index out of range
2025-08-06 09:29:06,916 [INFO] [Trade Candidate: NSE:GLAND-EQ]
2025-08-06 09:29:06,916 [INFO] Error calculating EMA: list index out of range
2025-08-06 09:29:16,927 [INFO] Checking for trade setups...
2025-08-06 09:29:16,927 [INFO] Applying trade logic to 2 stocks.
2025-08-06 09:29:16,927 [INFO] [Trade Candidate: NSE:LUPIN-EQ]
2025-08-06 09:29:16,927 [INFO] Error calculating EMA: list index out of range
2025-08-06 09:29:16,927 [INFO] [Trade Candidate: NSE:GLAND-EQ]
2025-08-06 09:29:16,935 [INFO] Error calculating EMA: list index out of range
2025-08-06 09:29:26,938 [INFO] Checking for trade setups...
2025-08-06 09:29:26,938 [INFO] Applying trade logic to 2 stocks.
2025-08-06 09:29:26,938 [INFO] [Trade Candidate: NSE:LUPIN-EQ]
2025-08-06 09:29:26,940 [INFO] Error calculating EMA: list index out of range
2025-08-06 09:29:26,940 [INFO] [Trade Candidate: NSE:GLAND-EQ]
2025-08-06 09:29:26,940 [INFO] Error calculating EMA: list index out of range
2025-08-06 09:29:36,949 [INFO] Checking for trade setups...
2025-08-06 09:29:36,949 [INFO] Applying trade logic to 2 stocks.
2025-08-06 09:29:36,949 [INFO] [Trade Candidate: NSE:LUPIN-EQ]
2025-08-06 09:29:36,963 [INFO] Error calculating EMA: list index out of range
2025-08-06 09:29:36,963 [INFO] [Trade Candidate: NSE:GLAND-EQ]
2025-08-06 09:29:36,967 [INFO] Error calculating EMA: list index out of range
2025-08-06 09:29:46,972 [INFO] Checking for trade setups...
2025-08-06 09:29:46,972 [INFO] Applying trade logic to 2 stocks.
2025-08-06 09:29:46,972 [INFO] [Trade Candidate: NSE:LUPIN-EQ]
2025-08-06 09:29:46,976 [INFO] Error calculating EMA: list index out of range
2025-08-06 09:29:46,976 [INFO] [Trade Candidate: NSE:GLAND-EQ]
2025-08-06 09:29:46,976 [INFO] Error calculating EMA: list index out of range
2025-08-06 09:29:56,982 [INFO] Checking for trade setups...
2025-08-06 09:29:56,982 [INFO] Applying trade logic to 2 stocks.
2025-08-06 09:29:56,982 [INFO] [Trade Candidate: NSE:LUPIN-EQ]
2025-08-06 09:29:56,982 [INFO] Error calculating EMA: list index out of range
2025-08-06 09:29:56,982 [INFO] [Trade Candidate: NSE:GLAND-EQ]
2025-08-06 09:29:56,982 [INFO] Error calculating EMA: list index out of range
2025-08-06 09:30:06,992 [INFO] Checking for trade setups...
2025-08-06 09:30:06,993 [INFO] Applying trade logic to 2 stocks.
2025-08-06 09:30:06,993 [INFO] [Trade Candidate: NSE:LUPIN-EQ]
2025-08-06 09:30:06,993 [INFO] Error calculating EMA: list index out of range
2025-08-06 09:30:06,999 [INFO] [Trade Candidate: NSE:GLAND-EQ]
2025-08-06 09:30:07,003 [INFO] Error calculating EMA: list index out of range
2025-08-06 09:30:17,005 [INFO] Checking for trade setups...
2025-08-06 09:30:17,005 [INFO] Applying trade logic to 2 stocks.
2025-08-06 09:30:17,005 [INFO] [Trade Candidate: NSE:LUPIN-EQ]
2025-08-06 09:30:17,005 [INFO] Error calculating EMA: list index out of range
2025-08-06 09:30:17,005 [INFO] [Trade Candidate: NSE:GLAND-EQ]
2025-08-06 09:30:17,005 [INFO] Error calculating EMA: list index out of range
2025-08-06 09:30:27,015 [INFO] Checking for trade setups...
2025-08-06 09:30:27,015 [INFO] Applying trade logic to 2 stocks.
2025-08-06 09:30:27,015 [INFO] [Trade Candidate: NSE:LUPIN-EQ]
2025-08-06 09:30:27,015 [INFO] Error calculating EMA: list index out of range
2025-08-06 09:30:27,015 [INFO] [Trade Candidate: NSE:GLAND-EQ]
2025-08-06 09:30:27,022 [INFO] Error calculating EMA: list index out of range
2025-08-06 09:30:37,025 [INFO] Checking for trade setups...
2025-08-06 09:30:37,025 [INFO] Applying trade logic to 2 stocks.
2025-08-06 09:30:37,025 [INFO] [Trade Candidate: NSE:LUPIN-EQ]
2025-08-06 09:30:37,031 [INFO] Error calculating EMA: list index out of range
2025-08-06 09:30:37,031 [INFO] [Trade Candidate: NSE:GLAND-EQ]
2025-08-06 09:30:37,031 [INFO] Error calculating EMA: list index out of range
2025-08-06 09:30:47,037 [INFO] Checking for trade setups...
2025-08-06 09:30:47,037 [INFO] Applying trade logic to 2 stocks.
2025-08-06 09:30:47,037 [INFO] [Trade Candidate: NSE:LUPIN-EQ]
2025-08-06 09:30:47,037 [INFO] Error calculating EMA: list index out of range
2025-08-06 09:30:47,037 [INFO] [Trade Candidate: NSE:GLAND-EQ]
2025-08-06 09:30:47,037 [INFO] Error calculating EMA: list index out of range
2025-08-06 09:30:57,047 [INFO] Checking for trade setups...
2025-08-06 09:30:57,047 [INFO] Applying trade logic to 2 stocks.
2025-08-06 09:30:57,047 [INFO] [Trade Candidate: NSE:LUPIN-EQ]
2025-08-06 09:30:57,047 [INFO] Error calculating EMA: list index out of range
2025-08-06 09:30:57,047 [INFO] [Trade Candidate: NSE:GLAND-EQ]
2025-08-06 09:30:57,055 [INFO] Error calculating EMA: list index out of range
2025-08-06 09:34:23,934 [INFO] Checking for trade setups...
2025-08-06 09:34:23,938 [INFO] Applying trade logic to 2 stocks.
2025-08-06 09:34:23,954 [INFO] [Trade Candidate: NSE:LUPIN-EQ]
2025-08-06 09:34:23,967 [INFO] Error calculating EMA: list index out of range
2025-08-06 09:34:23,970 [INFO] [Trade Candidate: NSE:GLAND-EQ]
2025-08-06 09:34:23,984 [INFO] Error calculating EMA: list index out of range
2025-08-06 09:34:33,991 [INFO] Checking for trade setups...
2025-08-06 09:34:33,991 [INFO] Applying trade logic to 2 stocks.
2025-08-06 09:34:33,991 [INFO] [Trade Candidate: NSE:LUPIN-EQ]
2025-08-06 09:34:33,996 [INFO] Error calculating EMA: list index out of range
2025-08-06 09:34:33,996 [INFO] [Trade Candidate: NSE:GLAND-EQ]
2025-08-06 09:34:34,004 [INFO] Error calculating EMA: list index out of range
2025-08-06 09:34:44,006 [INFO] Checking for trade setups...
2025-08-06 09:34:44,006 [INFO] Applying trade logic to 2 stocks.
2025-08-06 09:34:44,006 [INFO] [Trade Candidate: NSE:LUPIN-EQ]
2025-08-06 09:34:44,011 [INFO] Error calculating EMA: list index out of range
2025-08-06 09:34:44,011 [INFO] [Trade Candidate: NSE:GLAND-EQ]
2025-08-06 09:34:44,012 [INFO] Error calculating EMA: list index out of range
2025-08-06 09:34:54,016 [INFO] Checking for trade setups...
2025-08-06 09:34:54,016 [INFO] Applying trade logic to 2 stocks.
2025-08-06 09:34:54,016 [INFO] [Trade Candidate: NSE:LUPIN-EQ]
2025-08-06 09:34:54,028 [INFO] Error calculating EMA: list index out of range
2025-08-06 09:34:54,028 [INFO] [Trade Candidate: NSE:GLAND-EQ]
2025-08-06 09:34:54,028 [INFO] Error calculating EMA: list index out of range
2025-08-06 09:35:04,034 [INFO] Checking for trade setups...
2025-08-06 09:35:04,034 [INFO] Applying trade logic to 2 stocks.
2025-08-06 09:35:04,034 [INFO] [Trade Candidate: NSE:LUPIN-EQ]
2025-08-06 09:35:04,042 [INFO] Error calculating EMA: list index out of range
2025-08-06 09:35:04,045 [INFO] [Trade Candidate: NSE:GLAND-EQ]
2025-08-06 09:35:04,050 [INFO] Error calculating EMA: list index out of range
2025-08-06 09:35:14,057 [INFO] Checking for trade setups...
2025-08-06 09:35:14,057 [INFO] Applying trade logic to 2 stocks.
2025-08-06 09:35:14,057 [INFO] [Trade Candidate: NSE:LUPIN-EQ]
2025-08-06 09:35:14,075 [INFO] Error calculating EMA: list index out of range
2025-08-06 09:35:14,075 [INFO] [Trade Candidate: NSE:GLAND-EQ]
2025-08-06 09:35:14,079 [INFO] Error calculating EMA: list index out of range
2025-08-06 09:35:24,082 [INFO] Checking for trade setups...
2025-08-06 09:35:24,082 [INFO] Applying trade logic to 2 stocks.
2025-08-06 09:35:24,082 [INFO] [Trade Candidate: NSE:LUPIN-EQ]
2025-08-06 09:35:24,087 [INFO] Error calculating EMA: list index out of range
2025-08-06 09:35:24,087 [INFO] [Trade Candidate: NSE:GLAND-EQ]
2025-08-06 09:35:24,087 [INFO] Error calculating EMA: list index out of range
2025-08-06 09:35:34,093 [INFO] Checking for trade setups...
2025-08-06 09:35:34,093 [INFO] Applying trade logic to 2 stocks.
2025-08-06 09:35:34,093 [INFO] [Trade Candidate: NSE:LUPIN-EQ]
2025-08-06 09:35:34,100 [INFO] Error calculating EMA: list index out of range
2025-08-06 09:35:34,100 [INFO] [Trade Candidate: NSE:GLAND-EQ]
2025-08-06 09:35:34,100 [INFO] Error calculating EMA: list index out of range
2025-08-06 09:35:44,111 [INFO] Checking for trade setups...
2025-08-06 09:35:44,111 [INFO] Applying trade logic to 2 stocks.
2025-08-06 09:35:44,113 [INFO] [Trade Candidate: NSE:LUPIN-EQ]
2025-08-06 09:35:44,113 [INFO] Error calculating EMA: list index out of range
2025-08-06 09:35:44,113 [INFO] [Trade Candidate: NSE:GLAND-EQ]
2025-08-06 09:35:44,118 [INFO] Error calculating EMA: list index out of range
2025-08-06 09:35:54,123 [INFO] Checking for trade setups...
2025-08-06 09:35:54,123 [INFO] Applying trade logic to 2 stocks.
2025-08-06 09:35:54,123 [INFO] [Trade Candidate: NSE:LUPIN-EQ]
2025-08-06 09:35:54,129 [INFO] Error calculating EMA: list index out of range
2025-08-06 09:35:54,129 [INFO] [Trade Candidate: NSE:GLAND-EQ]
2025-08-06 09:35:54,129 [INFO] Error calculating EMA: list index out of range
2025-08-06 09:36:04,149 [INFO] Checking for trade setups...
2025-08-06 09:36:04,149 [INFO] Applying trade logic to 2 stocks.
2025-08-06 09:36:04,149 [INFO] [Trade Candidate: NSE:LUPIN-EQ]
2025-08-06 09:36:04,232 [INFO] Error calculating EMA: list index out of range
2025-08-06 09:36:04,232 [INFO] [Trade Candidate: NSE:GLAND-EQ]
2025-08-06 09:36:04,234 [INFO] Error calculating EMA: list index out of range
2025-08-06 09:36:14,239 [INFO] Checking for trade setups...
2025-08-06 09:36:14,239 [INFO] Applying trade logic to 2 stocks.
2025-08-06 09:36:14,242 [INFO] [Trade Candidate: NSE:LUPIN-EQ]
2025-08-06 09:36:14,244 [INFO] Error calculating EMA: list index out of range
2025-08-06 09:36:14,244 [INFO] [Trade Candidate: NSE:GLAND-EQ]
2025-08-06 09:36:14,256 [INFO] Error calculating EMA: list index out of range
2025-08-06 09:36:24,257 [INFO] Checking for trade setups...
2025-08-06 09:36:24,257 [INFO] Applying trade logic to 2 stocks.
2025-08-06 09:36:24,257 [INFO] [Trade Candidate: NSE:LUPIN-EQ]
2025-08-06 09:36:24,261 [INFO] Error calculating EMA: list index out of range
2025-08-06 09:36:24,261 [INFO] [Trade Candidate: NSE:GLAND-EQ]
2025-08-06 09:36:24,261 [INFO] Error calculating EMA: list index out of range
2025-08-06 09:36:34,268 [INFO] Checking for trade setups...
2025-08-06 09:36:34,268 [INFO] Applying trade logic to 2 stocks.
2025-08-06 09:36:34,268 [INFO] [Trade Candidate: NSE:LUPIN-EQ]
2025-08-06 09:36:45,923 [INFO] Error calculating EMA: list index out of range
2025-08-06 09:36:45,923 [INFO] [Trade Candidate: NSE:GLAND-EQ]
2025-08-06 09:36:57,598 [INFO] Error calculating EMA: list index out of range
2025-08-06 09:37:07,602 [INFO] Checking for trade setups...
2025-08-06 09:37:07,602 [INFO] Applying trade logic to 2 stocks.
2025-08-06 09:37:07,602 [INFO] [Trade Candidate: NSE:LUPIN-EQ]
2025-08-06 09:37:08,224 [INFO] Skipping signal from previous day: 2025-08-05 13:15
2025-08-06 09:37:08,224 [INFO] [Trade Candidate: NSE:GLAND-EQ]
2025-08-06 09:37:08,828 [INFO] Skipping signal from previous day: 2025-08-05 10:45
2025-08-06 09:37:08,828 [INFO] Skipping already traded signal: ('NSE:GLAND-EQ', '2025-08-06 09:20')
2025-08-06 09:37:08,828 [INFO] Skipping duplicate trade for NSE:GLAND-EQ at 2025-08-06 09:20
2025-08-06 09:37:08,828 [INFO] Executing trade for NSE:GLAND-EQ: {'timestamp': '2025-08-06 09:25', 'action': 'SELL', 'entry_price': 1992.7, 'stop_loss': 2024, 'target': 1898.8000000000002}
2025-08-06 09:37:08,828 [INFO] [TRADE] NSE:GLAND-EQ - Entry: 1992.70, SL: 2024.00, Target: 1898.80
2025-08-06 09:37:08,828 [INFO] Trade for NSE:GLAND-EQ at 2025-08-06 09:25 is outside the trading window. as current time is 09:37:08.828498 hence Skipping.
2025-08-06 09:37:18,836 [INFO] Checking for trade setups...
2025-08-06 09:37:18,836 [INFO] Applying trade logic to 2 stocks.
2025-08-06 09:37:18,836 [INFO] [Trade Candidate: NSE:LUPIN-EQ]
2025-08-06 09:37:19,546 [INFO] Skipping signal from previous day: 2025-08-05 13:15
2025-08-06 09:37:19,546 [INFO] [Trade Candidate: NSE:GLAND-EQ]
2025-08-06 09:37:20,618 [INFO] Skipping signal from previous day: 2025-08-05 10:45
2025-08-06 09:37:20,618 [INFO] Skipping already traded signal: ('NSE:GLAND-EQ', '2025-08-06 09:20')
2025-08-06 09:37:20,618 [INFO] Skipping duplicate trade for NSE:GLAND-EQ at 2025-08-06 09:20
2025-08-06 09:37:20,618 [INFO] Skipping already traded signal: ('NSE:GLAND-EQ', '2025-08-06 09:25')
2025-08-06 09:37:20,618 [INFO] Skipping duplicate trade for NSE:GLAND-EQ at 2025-08-06 09:25
2025-08-06 09:37:30,628 [INFO] Checking for trade setups...
2025-08-06 09:37:30,628 [INFO] Applying trade logic to 2 stocks.
2025-08-06 09:37:30,628 [INFO] [Trade Candidate: NSE:LUPIN-EQ]
2025-08-06 09:37:31,208 [INFO] Skipping signal from previous day: 2025-08-05 13:15
2025-08-06 09:37:31,208 [INFO] [Trade Candidate: NSE:GLAND-EQ]
2025-08-06 09:37:31,698 [INFO] Skipping signal from previous day: 2025-08-05 10:45
2025-08-06 09:37:31,698 [INFO] Skipping already traded signal: ('NSE:GLAND-EQ', '2025-08-06 09:20')
2025-08-06 09:37:31,698 [INFO] Skipping duplicate trade for NSE:GLAND-EQ at 2025-08-06 09:20
2025-08-06 09:37:31,705 [INFO] Skipping already traded signal: ('NSE:GLAND-EQ', '2025-08-06 09:25')
2025-08-06 09:37:31,705 [INFO] Skipping duplicate trade for NSE:GLAND-EQ at 2025-08-06 09:25
2025-08-06 09:37:41,707 [INFO] Checking for trade setups...
2025-08-06 09:37:41,707 [INFO] Applying trade logic to 2 stocks.
2025-08-06 09:37:41,707 [INFO] [Trade Candidate: NSE:LUPIN-EQ]
2025-08-06 09:37:42,385 [INFO] Skipping signal from previous day: 2025-08-05 13:15
2025-08-06 09:37:42,385 [INFO] [Trade Candidate: NSE:GLAND-EQ]
2025-08-06 09:37:42,934 [INFO] Skipping signal from previous day: 2025-08-05 10:45
2025-08-06 09:37:42,941 [INFO] Skipping already traded signal: ('NSE:GLAND-EQ', '2025-08-06 09:20')
2025-08-06 09:37:42,941 [INFO] Skipping duplicate trade for NSE:GLAND-EQ at 2025-08-06 09:20
2025-08-06 09:37:42,941 [INFO] Skipping already traded signal: ('NSE:GLAND-EQ', '2025-08-06 09:25')
2025-08-06 09:37:42,941 [INFO] Skipping duplicate trade for NSE:GLAND-EQ at 2025-08-06 09:25
2025-08-06 09:37:52,943 [INFO] Checking for trade setups...
2025-08-06 09:37:52,943 [INFO] Applying trade logic to 2 stocks.
2025-08-06 09:37:52,943 [INFO] [Trade Candidate: NSE:LUPIN-EQ]
2025-08-06 09:37:53,547 [INFO] Skipping signal from previous day: 2025-08-05 13:15
2025-08-06 09:37:53,547 [INFO] [Trade Candidate: NSE:GLAND-EQ]
2025-08-06 09:37:53,969 [INFO] Skipping signal from previous day: 2025-08-05 10:45
2025-08-06 09:37:53,971 [INFO] Skipping already traded signal: ('NSE:GLAND-EQ', '2025-08-06 09:20')
2025-08-06 09:37:53,972 [INFO] Skipping duplicate trade for NSE:GLAND-EQ at 2025-08-06 09:20
2025-08-06 09:37:53,972 [INFO] Skipping already traded signal: ('NSE:GLAND-EQ', '2025-08-06 09:25')
2025-08-06 09:37:53,972 [INFO] Skipping duplicate trade for NSE:GLAND-EQ at 2025-08-06 09:25
2025-08-06 09:38:03,974 [INFO] Checking for trade setups...
2025-08-06 09:38:03,974 [INFO] Applying trade logic to 2 stocks.
2025-08-06 09:38:03,974 [INFO] [Trade Candidate: NSE:LUPIN-EQ]
2025-08-06 09:38:04,492 [INFO] Skipping signal from previous day: 2025-08-05 13:15
2025-08-06 09:38:04,492 [INFO] [Trade Candidate: NSE:GLAND-EQ]
2025-08-06 09:38:05,111 [INFO] Skipping signal from previous day: 2025-08-05 10:45
2025-08-06 09:38:05,111 [INFO] Skipping already traded signal: ('NSE:GLAND-EQ', '2025-08-06 09:20')
2025-08-06 09:38:05,111 [INFO] Skipping duplicate trade for NSE:GLAND-EQ at 2025-08-06 09:20
2025-08-06 09:38:05,111 [INFO] Skipping already traded signal: ('NSE:GLAND-EQ', '2025-08-06 09:25')
2025-08-06 09:38:05,111 [INFO] Skipping duplicate trade for NSE:GLAND-EQ at 2025-08-06 09:25
2025-08-06 18:18:11,060 [INFO] Checking for trade setups...
2025-08-06 18:18:11,237 [INFO] Applying trade logic to 2 stocks.
2025-08-06 18:18:11,322 [INFO] [Trade Candidate: NSE:LUPIN-EQ]
2025-08-06 18:18:14,812 [INFO] Skipping signal from previous day: 2025-08-05 13:15
2025-08-06 18:18:14,812 [INFO] [Trade Candidate: NSE:GLAND-EQ]
2025-08-06 18:18:15,578 [INFO] Skipping signal from previous day: 2025-08-05 10:45
2025-08-06 18:18:15,578 [INFO] Skipping already traded signal: ('NSE:GLAND-EQ', '2025-08-06 09:20')
2025-08-06 18:18:15,579 [INFO] Skipping duplicate trade for NSE:GLAND-EQ at 2025-08-06 09:20
2025-08-06 18:18:15,579 [INFO] Skipping already traded signal: ('NSE:GLAND-EQ', '2025-08-06 09:25')
2025-08-06 18:18:15,580 [INFO] Skipping duplicate trade for NSE:GLAND-EQ at 2025-08-06 09:25
2025-08-06 18:18:15,581 [INFO] Executing trade for NSE:GLAND-EQ: {'timestamp': '2025-08-06 15:25', 'action': 'SELL', 'entry_price': 1963, 'stop_loss': 1974.3, 'target': 1929.1000000000001}
2025-08-06 18:18:15,581 [INFO] [TRADE] NSE:GLAND-EQ - Entry: 1963.00, SL: 1974.30, Target: 1929.10
2025-08-06 18:18:15,582 [INFO] Trade for NSE:GLAND-EQ at 2025-08-06 15:25 is outside the trading window. as current time is 18:18:15.582255 hence Skipping.
2025-08-06 19:51:35,024 [INFO] Checking for trade setups...
2025-08-06 19:51:35,166 [INFO] Applying trade logic to 2 stocks.
2025-08-06 19:51:35,352 [INFO] [Trade Candidate: NSE:LUPIN-EQ]
2025-08-06 19:51:38,101 [INFO] Skipping signal from previous day: 2025-08-05 13:15
2025-08-06 19:51:38,113 [INFO] [Trade Candidate: NSE:GLAND-EQ]
2025-08-06 19:51:39,071 [INFO] Skipping signal from previous day: 2025-08-05 10:45
2025-08-06 19:51:39,071 [INFO] Skipping already traded signal: ('NSE:GLAND-EQ', '2025-08-06 09:20')
2025-08-06 19:51:39,071 [INFO] Skipping duplicate trade for NSE:GLAND-EQ at 2025-08-06 09:20
2025-08-06 19:51:39,071 [INFO] Skipping already traded signal: ('NSE:GLAND-EQ', '2025-08-06 09:25')
2025-08-06 19:51:39,084 [INFO] Skipping duplicate trade for NSE:GLAND-EQ at 2025-08-06 09:25
2025-08-06 19:51:39,084 [INFO] Skipping already traded signal: ('NSE:GLAND-EQ', '2025-08-06 15:25')
2025-08-06 19:51:39,084 [INFO] Skipping duplicate trade for NSE:GLAND-EQ at 2025-08-06 15:25
2025-08-06 19:51:39,084 [INFO] Skipping already traded signal: ('NSE:GLAND-EQ', '2025-08-06 09:20')
2025-08-06 19:51:39,084 [INFO] Skipping duplicate trade for NSE:GLAND-EQ at 2025-08-06 09:20
2025-08-06 19:51:39,084 [INFO] Skipping already traded signal: ('NSE:GLAND-EQ', '2025-08-06 09:25')
2025-08-06 19:51:39,084 [INFO] Skipping duplicate trade for NSE:GLAND-EQ at 2025-08-06 09:25
2025-08-06 19:51:39,084 [INFO] Skipping already traded signal: ('NSE:GLAND-EQ', '2025-08-06 15:25')
2025-08-06 19:51:39,084 [INFO] Skipping duplicate trade for NSE:GLAND-EQ at 2025-08-06 15:25
2025-08-06 19:51:49,093 [INFO] Checking for trade setups...
2025-08-06 19:51:49,093 [INFO] Applying trade logic to 2 stocks.
2025-08-06 19:51:49,093 [INFO] [Trade Candidate: NSE:LUPIN-EQ]
2025-08-06 19:51:49,578 [INFO] Skipping signal from previous day: 2025-08-05 13:15
2025-08-06 19:51:49,587 [INFO] [Trade Candidate: NSE:GLAND-EQ]
2025-08-06 19:51:50,124 [INFO] Skipping signal from previous day: 2025-08-05 10:45
2025-08-06 19:51:50,124 [INFO] Skipping already traded signal: ('NSE:GLAND-EQ', '2025-08-06 09:20')
2025-08-06 19:51:50,124 [INFO] Skipping duplicate trade for NSE:GLAND-EQ at 2025-08-06 09:20
2025-08-06 19:51:50,124 [INFO] Skipping already traded signal: ('NSE:GLAND-EQ', '2025-08-06 09:25')
2025-08-06 19:51:50,124 [INFO] Skipping duplicate trade for NSE:GLAND-EQ at 2025-08-06 09:25
2025-08-06 19:51:50,124 [INFO] Skipping already traded signal: ('NSE:GLAND-EQ', '2025-08-06 15:25')
2025-08-06 19:51:50,124 [INFO] Skipping duplicate trade for NSE:GLAND-EQ at 2025-08-06 15:25
2025-08-06 19:51:50,139 [INFO] Skipping already traded signal: ('NSE:GLAND-EQ', '2025-08-06 09:20')
2025-08-06 19:51:50,139 [INFO] Skipping duplicate trade for NSE:GLAND-EQ at 2025-08-06 09:20
2025-08-06 19:51:50,139 [INFO] Skipping already traded signal: ('NSE:GLAND-EQ', '2025-08-06 09:25')
2025-08-06 19:51:50,139 [INFO] Skipping duplicate trade for NSE:GLAND-EQ at 2025-08-06 09:25
2025-08-06 19:51:50,139 [INFO] Skipping already traded signal: ('NSE:GLAND-EQ', '2025-08-06 15:25')
2025-08-06 19:51:50,139 [INFO] Skipping duplicate trade for NSE:GLAND-EQ at 2025-08-06 15:25
2025-08-06 19:52:00,145 [INFO] Checking for trade setups...
2025-08-06 19:52:00,146 [INFO] Applying trade logic to 2 stocks.
2025-08-06 19:52:00,147 [INFO] [Trade Candidate: NSE:LUPIN-EQ]
2025-08-06 19:52:00,715 [INFO] Skipping signal from previous day: 2025-08-05 13:15
2025-08-06 19:52:00,715 [INFO] [Trade Candidate: NSE:GLAND-EQ]
2025-08-06 19:52:01,226 [INFO] Skipping signal from previous day: 2025-08-05 10:45
2025-08-06 19:52:01,226 [INFO] Skipping already traded signal: ('NSE:GLAND-EQ', '2025-08-06 09:20')
2025-08-06 19:52:01,226 [INFO] Skipping duplicate trade for NSE:GLAND-EQ at 2025-08-06 09:20
2025-08-06 19:52:01,226 [INFO] Skipping already traded signal: ('NSE:GLAND-EQ', '2025-08-06 09:25')
2025-08-06 19:52:01,226 [INFO] Skipping duplicate trade for NSE:GLAND-EQ at 2025-08-06 09:25
2025-08-06 19:52:01,226 [INFO] Skipping already traded signal: ('NSE:GLAND-EQ', '2025-08-06 15:25')
2025-08-06 19:52:01,231 [INFO] Skipping duplicate trade for NSE:GLAND-EQ at 2025-08-06 15:25
2025-08-06 19:52:01,231 [INFO] Skipping already traded signal: ('NSE:GLAND-EQ', '2025-08-06 09:20')
2025-08-06 19:52:01,231 [INFO] Skipping duplicate trade for NSE:GLAND-EQ at 2025-08-06 09:20
2025-08-06 19:52:01,231 [INFO] Skipping already traded signal: ('NSE:GLAND-EQ', '2025-08-06 09:25')
2025-08-06 19:52:01,231 [INFO] Skipping duplicate trade for NSE:GLAND-EQ at 2025-08-06 09:25
2025-08-06 19:52:01,231 [INFO] Skipping already traded signal: ('NSE:GLAND-EQ', '2025-08-06 15:25')
2025-08-06 19:52:01,234 [INFO] Skipping duplicate trade for NSE:GLAND-EQ at 2025-08-06 15:25
2025-08-06 19:52:11,236 [INFO] Checking for trade setups...
2025-08-06 19:52:11,236 [INFO] Applying trade logic to 2 stocks.
2025-08-06 19:52:11,236 [INFO] [Trade Candidate: NSE:LUPIN-EQ]
2025-08-06 19:52:11,871 [INFO] Skipping signal from previous day: 2025-08-05 13:15
2025-08-06 19:52:11,871 [INFO] [Trade Candidate: NSE:GLAND-EQ]
2025-08-06 19:52:12,491 [INFO] Skipping signal from previous day: 2025-08-05 10:45
2025-08-06 19:52:12,491 [INFO] Skipping already traded signal: ('NSE:GLAND-EQ', '2025-08-06 09:20')
2025-08-06 19:52:12,492 [INFO] Skipping duplicate trade for NSE:GLAND-EQ at 2025-08-06 09:20
2025-08-06 19:52:12,492 [INFO] Skipping already traded signal: ('NSE:GLAND-EQ', '2025-08-06 09:25')
2025-08-06 19:52:12,492 [INFO] Skipping duplicate trade for NSE:GLAND-EQ at 2025-08-06 09:25
2025-08-06 19:52:12,492 [INFO] Skipping already traded signal: ('NSE:GLAND-EQ', '2025-08-06 15:25')
2025-08-06 19:52:12,492 [INFO] Skipping duplicate trade for NSE:GLAND-EQ at 2025-08-06 15:25
2025-08-06 19:52:12,492 [INFO] Skipping already traded signal: ('NSE:GLAND-EQ', '2025-08-06 09:20')
2025-08-06 19:52:12,492 [INFO] Skipping duplicate trade for NSE:GLAND-EQ at 2025-08-06 09:20
2025-08-06 19:52:12,492 [INFO] Skipping already traded signal: ('NSE:GLAND-EQ', '2025-08-06 09:25')
2025-08-06 19:52:12,492 [INFO] Skipping duplicate trade for NSE:GLAND-EQ at 2025-08-06 09:25
2025-08-06 19:52:12,492 [INFO] Skipping already traded signal: ('NSE:GLAND-EQ', '2025-08-06 15:25')
2025-08-06 19:52:12,492 [INFO] Skipping duplicate trade for NSE:GLAND-EQ at 2025-08-06 15:25
2025-08-06 19:52:22,498 [INFO] Checking for trade setups...
2025-08-06 19:52:22,498 [INFO] Applying trade logic to 2 stocks.
2025-08-06 19:52:22,498 [INFO] [Trade Candidate: NSE:LUPIN-EQ]
2025-08-06 19:52:23,133 [INFO] Skipping signal from previous day: 2025-08-05 13:15
2025-08-06 19:52:23,133 [INFO] [Trade Candidate: NSE:GLAND-EQ]
2025-08-06 19:52:23,861 [INFO] Skipping signal from previous day: 2025-08-05 10:45
2025-08-06 19:52:23,861 [INFO] Skipping already traded signal: ('NSE:GLAND-EQ', '2025-08-06 09:20')
2025-08-06 19:52:23,861 [INFO] Skipping duplicate trade for NSE:GLAND-EQ at 2025-08-06 09:20
2025-08-06 19:52:23,861 [INFO] Skipping already traded signal: ('NSE:GLAND-EQ', '2025-08-06 09:25')
2025-08-06 19:52:23,861 [INFO] Skipping duplicate trade for NSE:GLAND-EQ at 2025-08-06 09:25
2025-08-06 19:52:23,861 [INFO] Skipping already traded signal: ('NSE:GLAND-EQ', '2025-08-06 15:25')
2025-08-06 19:52:23,861 [INFO] Skipping duplicate trade for NSE:GLAND-EQ at 2025-08-06 15:25
2025-08-06 19:52:23,861 [INFO] Skipping already traded signal: ('NSE:GLAND-EQ', '2025-08-06 09:20')
2025-08-06 19:52:23,861 [INFO] Skipping duplicate trade for NSE:GLAND-EQ at 2025-08-06 09:20
2025-08-06 19:52:23,861 [INFO] Skipping already traded signal: ('NSE:GLAND-EQ', '2025-08-06 09:25')
2025-08-06 19:52:23,861 [INFO] Skipping duplicate trade for NSE:GLAND-EQ at 2025-08-06 09:25
2025-08-06 19:52:23,861 [INFO] Skipping already traded signal: ('NSE:GLAND-EQ', '2025-08-06 15:25')
2025-08-06 19:52:23,861 [INFO] Skipping duplicate trade for NSE:GLAND-EQ at 2025-08-06 15:25
2025-08-06 19:52:33,873 [INFO] Checking for trade setups...
2025-08-06 19:52:33,875 [INFO] Applying trade logic to 2 stocks.
2025-08-06 19:52:33,875 [INFO] [Trade Candidate: NSE:LUPIN-EQ]
2025-08-06 19:52:34,499 [INFO] Skipping signal from previous day: 2025-08-05 13:15
2025-08-06 19:52:34,499 [INFO] [Trade Candidate: NSE:GLAND-EQ]
2025-08-06 19:52:35,228 [INFO] Skipping signal from previous day: 2025-08-05 10:45
2025-08-06 19:52:35,228 [INFO] Skipping already traded signal: ('NSE:GLAND-EQ', '2025-08-06 09:20')
2025-08-06 19:52:35,228 [INFO] Skipping duplicate trade for NSE:GLAND-EQ at 2025-08-06 09:20
2025-08-06 19:52:35,233 [INFO] Skipping already traded signal: ('NSE:GLAND-EQ', '2025-08-06 09:25')
2025-08-06 19:52:35,233 [INFO] Skipping duplicate trade for NSE:GLAND-EQ at 2025-08-06 09:25
2025-08-06 19:52:35,234 [INFO] Skipping already traded signal: ('NSE:GLAND-EQ', '2025-08-06 15:25')
2025-08-06 19:52:35,235 [INFO] Skipping duplicate trade for NSE:GLAND-EQ at 2025-08-06 15:25
2025-08-06 19:52:35,235 [INFO] Skipping already traded signal: ('NSE:GLAND-EQ', '2025-08-06 09:20')
2025-08-06 19:52:35,236 [INFO] Skipping duplicate trade for NSE:GLAND-EQ at 2025-08-06 09:20
2025-08-06 19:52:35,236 [INFO] Skipping already traded signal: ('NSE:GLAND-EQ', '2025-08-06 09:25')
2025-08-06 19:52:35,236 [INFO] Skipping duplicate trade for NSE:GLAND-EQ at 2025-08-06 09:25
2025-08-06 19:52:35,236 [INFO] Skipping already traded signal: ('NSE:GLAND-EQ', '2025-08-06 15:25')
2025-08-06 19:52:35,239 [INFO] Skipping duplicate trade for NSE:GLAND-EQ at 2025-08-06 15:25
2025-08-06 19:52:45,240 [INFO] Checking for trade setups...
2025-08-06 19:52:45,240 [INFO] Applying trade logic to 2 stocks.
2025-08-06 19:52:45,240 [INFO] [Trade Candidate: NSE:LUPIN-EQ]
2025-08-06 19:52:46,041 [INFO] Skipping signal from previous day: 2025-08-05 13:15
2025-08-06 19:52:46,046 [INFO] [Trade Candidate: NSE:GLAND-EQ]
2025-08-06 19:52:46,690 [INFO] Skipping signal from previous day: 2025-08-05 10:45
2025-08-06 19:52:46,690 [INFO] Skipping already traded signal: ('NSE:GLAND-EQ', '2025-08-06 09:20')
2025-08-06 19:52:46,695 [INFO] Skipping duplicate trade for NSE:GLAND-EQ at 2025-08-06 09:20
2025-08-06 19:52:46,695 [INFO] Skipping already traded signal: ('NSE:GLAND-EQ', '2025-08-06 09:25')
2025-08-06 19:52:46,695 [INFO] Skipping duplicate trade for NSE:GLAND-EQ at 2025-08-06 09:25
2025-08-06 19:52:46,695 [INFO] Skipping already traded signal: ('NSE:GLAND-EQ', '2025-08-06 15:25')
2025-08-06 19:52:46,695 [INFO] Skipping duplicate trade for NSE:GLAND-EQ at 2025-08-06 15:25
2025-08-06 19:52:46,695 [INFO] Skipping already traded signal: ('NSE:GLAND-EQ', '2025-08-06 09:20')
2025-08-06 19:52:46,695 [INFO] Skipping duplicate trade for NSE:GLAND-EQ at 2025-08-06 09:20
2025-08-06 19:52:46,695 [INFO] Skipping already traded signal: ('NSE:GLAND-EQ', '2025-08-06 09:25')
2025-08-06 19:52:46,695 [INFO] Skipping duplicate trade for NSE:GLAND-EQ at 2025-08-06 09:25
2025-08-06 19:52:46,695 [INFO] Skipping already traded signal: ('NSE:GLAND-EQ', '2025-08-06 15:25')
2025-08-06 19:52:46,695 [INFO] Skipping duplicate trade for NSE:GLAND-EQ at 2025-08-06 15:25
