2025-08-17 12:22:52,275 [INFO] Starting trading script...
2025-08-17 12:22:52,275 [INFO] Creating FyersModel instance with access token...
2025-08-17 12:22:52,277 [INFO] Authenticated Fyers instance created.
2025-08-17 12:22:52,277 [INFO] Authenticated Fyers instance created.
2025-08-17 12:22:52,277 [INFO] Fetching index symbols and running filtering stages...
2025-08-17 12:22:52,277 [INFO] Starting WebSocket to fetch gap-up stocks...
2025-08-17 12:22:52,778 [INFO] Loaded symbols from Stock_list.xlsx.
2025-08-17 12:22:54,799 [INFO] WebSocket connection opened. Subscribing to data...
2025-08-17 12:23:04,801 [INFO] No GapUp_stocks.json file  stocks found.
2025-08-17 12:23:04,803 [INFO] Gap-up stocks loaded: 0
2025-08-17 12:23:04,808 [INFO] Symbol              Gap Up %    Avg Volume  Status
2025-08-17 12:23:04,817 [INFO] Final filtered stocks after volume check: 0
2025-08-17 12:23:04,818 [INFO] None
2025-08-17 12:23:04,818 [INFO] Filtered stocks saved to filtered_stocks.json.
2025-08-17 12:23:04,818 [INFO] Entering monitoring loop...
2025-08-17 12:23:04,818 [INFO] Heartbeat: Checking for trade setups at 2025-08-17 12:23:04
2025-08-17 12:23:04,818 [INFO] Applying trade logic to 0 stocks.
2025-08-17 12:23:14,821 [INFO] Heartbeat: Checking for trade setups at 2025-08-17 12:23:14
2025-08-17 12:23:14,821 [INFO] Applying trade logic to 0 stocks.
2025-08-17 12:32:48,041 [INFO] Starting trading script...
2025-08-17 12:32:48,041 [INFO] Creating FyersModel instance with access token...
2025-08-17 12:32:48,041 [INFO] Authenticated Fyers instance created.
2025-08-17 12:32:48,041 [INFO] Loading filtered stocks from filtered_stocks.json...
2025-08-17 12:32:48,041 [INFO] Loaded 0 stocks.
2025-08-17 12:32:48,041 [INFO] None
2025-08-17 12:32:48,041 [INFO] Entering monitoring loop...
2025-08-17 12:32:48,041 [INFO] Heartbeat: Checking for trade setups at 2025-08-17 12:32:48
2025-08-17 12:32:48,041 [INFO] Applying trade logic to 0 stocks.
2025-08-17 12:33:27,689 [INFO] Starting trading script...
2025-08-17 12:33:27,695 [INFO] Creating FyersModel instance with access token...
2025-08-17 12:33:27,695 [INFO] Authenticated Fyers instance created.
2025-08-17 12:33:27,696 [INFO] Fetching index symbols and running filtering stages...
2025-08-17 12:33:27,696 [INFO] Starting WebSocket to fetch gap-up stocks...
2025-08-17 12:33:28,077 [INFO] Loaded symbols from Stock_list.xlsx.
2025-08-17 12:33:30,096 [INFO] WebSocket connection opened. Subscribing to data...
2025-08-17 12:48:12,826 [INFO] Starting trading script...
2025-08-17 12:48:12,826 [INFO] Creating FyersModel instance with access token...
2025-08-17 12:48:12,826 [INFO] Authenticated Fyers instance created.
2025-08-17 12:48:12,826 [INFO] Fetching index symbols and running filtering stages...
2025-08-17 12:48:12,826 [INFO] Starting WebSocket to fetch gap-up stocks...
2025-08-17 12:48:13,205 [INFO] Loaded symbols from Stock_list.xlsx.
2025-08-17 12:48:15,214 [INFO] WebSocket connection opened. Subscribing to data...
2025-08-17 12:59:50,857 [INFO] Starting trading script...
2025-08-17 12:59:50,857 [INFO] Creating FyersModel instance with access token...
2025-08-17 12:59:50,859 [INFO] Authenticated Fyers instance created.
2025-08-17 12:59:50,860 [INFO] Fetching index symbols and running filtering stages...
2025-08-17 12:59:50,860 [INFO] Starting WebSocket to fetch gap-up stocks...
2025-08-17 12:59:51,189 [INFO] Loaded symbols from Stock_list.xlsx.
2025-08-17 12:59:52,148 [INFO] Websocket connected
2025-08-17 12:59:53,192 [INFO] WebSocket connection opened. Subscribing to data...
2025-08-17 13:00:12,156 [INFO] No GapUp_stocks.json file  stocks found.
2025-08-17 13:00:12,161 [INFO] Gap-up stocks loaded: 0
2025-08-17 13:00:12,162 [INFO] Symbol              Gap Up %    Avg Volume  Status
2025-08-17 13:00:12,182 [INFO] Final filtered stocks after volume check: 0
2025-08-17 13:00:12,185 [INFO] None
2025-08-17 13:00:12,194 [INFO] Filtered stocks saved to filtered_stocks.json.
2025-08-17 13:00:12,196 [INFO] Entering monitoring loop...
2025-08-17 13:00:12,196 [INFO] Heartbeat: Checking for trade setups at 2025-08-17 13:00:12
2025-08-17 13:00:12,196 [INFO] Applying trade logic to 0 stocks.
2025-08-17 13:00:22,198 [INFO] Heartbeat: Checking for trade setups at 2025-08-17 13:00:22
2025-08-17 13:00:22,199 [INFO] Applying trade logic to 0 stocks.
2025-08-17 13:00:32,200 [INFO] Heartbeat: Checking for trade setups at 2025-08-17 13:00:32
2025-08-17 13:00:32,200 [INFO] Applying trade logic to 0 stocks.
