2025-08-22 09:19:36,373 [INFO] Starting trading script...
2025-08-22 09:19:36,373 [INFO] Creating FyersModel instance with access token...
2025-08-22 09:19:36,373 [INFO] Authenticated Fyers instance created.
2025-08-22 09:19:36,375 [INFO] Loading filtered stocks from filtered_stocks.json...
2025-08-22 09:19:36,384 [INFO] Loaded 4 stocks.
2025-08-22 09:19:36,386 [INFO] Stocks to be traded: NSE:NIACL-EQ, NSE:JWL-EQ, NSE:NIVABUPA-EQ, NSE:VGUARD-EQ
2025-08-22 09:19:36,386 [INFO] Entering monitoring loop...
2025-08-22 09:19:36,386 [INFO] Heartbeat: Checking for trade setups at 2025-08-22 09:19:36
2025-08-22 09:19:36,386 [INFO] Applying trade logic to 4 stocks.
2025-08-22 09:19:36,387 [INFO] [Trade Candidate: NSE:NIACL-EQ]
2025-08-22 09:19:36,753 [INFO] [Trade Candidate: NSE:JWL-EQ]
2025-08-22 09:19:37,241 [INFO] [Trade Candidate: NSE:NIVABUPA-EQ]
2025-08-22 09:19:37,752 [INFO] [Trade Candidate: NSE:VGUARD-EQ]
2025-08-22 09:19:48,178 [INFO] Heartbeat: Checking for trade setups at 2025-08-22 09:19:48
2025-08-22 09:19:48,178 [INFO] Applying trade logic to 4 stocks.
2025-08-22 09:19:48,178 [INFO] [Trade Candidate: NSE:NIACL-EQ]
2025-08-22 09:19:48,601 [INFO] [Trade Candidate: NSE:JWL-EQ]
2025-08-22 09:19:49,133 [INFO] [Trade Candidate: NSE:NIVABUPA-EQ]
2025-08-22 09:19:49,572 [INFO] [Trade Candidate: NSE:VGUARD-EQ]
2025-08-22 09:20:27,546 [INFO] Starting trading script...
2025-08-22 09:20:27,546 [INFO] Creating FyersModel instance with access token...
2025-08-22 09:20:27,546 [INFO] Authenticated Fyers instance created.
2025-08-22 09:20:27,546 [INFO] Fetching index symbols and running filtering stages...
2025-08-22 09:20:27,556 [INFO] Starting WebSocket to fetch gap-up stocks...
2025-08-22 09:20:28,044 [INFO] Loaded symbols from Stock_list.xlsx.
2025-08-22 09:20:28,699 [INFO] Websocket connected
2025-08-22 09:20:30,068 [INFO] WebSocket connection opened. Subscribing to data...
2025-08-22 09:21:28,724 [INFO] Gap-up stocks saved to gapup_data.csv with 1 entries.
2025-08-22 09:21:28,748 [INFO] Gap-up stocks loaded: 1
2025-08-22 09:21:29,473 [INFO] Symbol              Gap Up %    Avg Volume  Status
2025-08-22 09:21:29,475 [INFO] Included NSE:IDEA-EQ | Volume: 457191157
2025-08-22 09:21:29,480 [INFO] Final filtered stocks after volume check: 1
2025-08-22 09:21:29,481 [INFO] Stocks to be traded: NSE:IDEA-EQ
2025-08-22 09:21:29,483 [INFO] Filtered stocks saved to filtered_stocks.json.
2025-08-22 09:21:29,483 [INFO] Entering monitoring loop...
2025-08-22 09:21:29,484 [INFO] Heartbeat: Checking for trade setups at 2025-08-22 09:21:29
2025-08-22 09:21:29,484 [INFO] Applying trade logic to 1 stocks.
2025-08-22 09:21:29,484 [INFO] [Trade Candidate: NSE:IDEA-EQ]
2025-08-22 09:21:40,196 [INFO] Heartbeat: Checking for trade setups at 2025-08-22 09:21:40
2025-08-22 09:21:40,196 [INFO] Applying trade logic to 1 stocks.
2025-08-22 09:21:40,196 [INFO] [Trade Candidate: NSE:IDEA-EQ]
2025-08-22 09:21:50,650 [INFO] Heartbeat: Checking for trade setups at 2025-08-22 09:21:50
2025-08-22 09:21:50,651 [INFO] Applying trade logic to 1 stocks.
2025-08-22 09:21:50,651 [INFO] [Trade Candidate: NSE:IDEA-EQ]
2025-08-22 09:22:01,265 [INFO] Heartbeat: Checking for trade setups at 2025-08-22 09:22:01
2025-08-22 09:22:01,271 [INFO] Applying trade logic to 1 stocks.
2025-08-22 09:22:01,288 [INFO] [Trade Candidate: NSE:IDEA-EQ]
2025-08-22 09:22:11,795 [INFO] Heartbeat: Checking for trade setups at 2025-08-22 09:22:11
2025-08-22 09:22:11,795 [INFO] Applying trade logic to 1 stocks.
2025-08-22 09:22:11,795 [INFO] [Trade Candidate: NSE:IDEA-EQ]
2025-08-22 09:22:22,334 [INFO] Heartbeat: Checking for trade setups at 2025-08-22 09:22:22
2025-08-22 09:22:22,334 [INFO] Applying trade logic to 1 stocks.
2025-08-22 09:22:22,334 [INFO] [Trade Candidate: NSE:IDEA-EQ]
2025-08-22 09:22:32,939 [INFO] Heartbeat: Checking for trade setups at 2025-08-22 09:22:32
2025-08-22 09:22:32,948 [INFO] Applying trade logic to 1 stocks.
2025-08-22 09:22:32,950 [INFO] [Trade Candidate: NSE:IDEA-EQ]
2025-08-22 09:22:43,700 [INFO] Heartbeat: Checking for trade setups at 2025-08-22 09:22:43
2025-08-22 09:22:43,700 [INFO] Applying trade logic to 1 stocks.
2025-08-22 09:22:43,700 [INFO] [Trade Candidate: NSE:IDEA-EQ]
2025-08-22 09:22:54,141 [INFO] Heartbeat: Checking for trade setups at 2025-08-22 09:22:54
2025-08-22 09:22:54,141 [INFO] Applying trade logic to 1 stocks.
2025-08-22 09:22:54,141 [INFO] [Trade Candidate: NSE:IDEA-EQ]
2025-08-22 09:23:04,603 [INFO] Heartbeat: Checking for trade setups at 2025-08-22 09:23:04
2025-08-22 09:23:04,603 [INFO] Applying trade logic to 1 stocks.
2025-08-22 09:23:04,604 [INFO] [Trade Candidate: NSE:IDEA-EQ]
2025-08-22 09:23:15,227 [INFO] Heartbeat: Checking for trade setups at 2025-08-22 09:23:15
2025-08-22 09:23:15,227 [INFO] Applying trade logic to 1 stocks.
2025-08-22 09:23:15,227 [INFO] [Trade Candidate: NSE:IDEA-EQ]
2025-08-22 09:23:25,845 [INFO] Heartbeat: Checking for trade setups at 2025-08-22 09:23:25
2025-08-22 09:23:25,845 [INFO] Applying trade logic to 1 stocks.
2025-08-22 09:23:25,845 [INFO] [Trade Candidate: NSE:IDEA-EQ]
2025-08-22 09:23:36,320 [INFO] Heartbeat: Checking for trade setups at 2025-08-22 09:23:36
2025-08-22 09:23:36,320 [INFO] Applying trade logic to 1 stocks.
2025-08-22 09:23:36,320 [INFO] [Trade Candidate: NSE:IDEA-EQ]
2025-08-22 09:23:47,016 [INFO] Heartbeat: Checking for trade setups at 2025-08-22 09:23:47
2025-08-22 09:23:47,016 [INFO] Applying trade logic to 1 stocks.
2025-08-22 09:23:47,016 [INFO] [Trade Candidate: NSE:IDEA-EQ]
2025-08-22 09:23:57,630 [INFO] Heartbeat: Checking for trade setups at 2025-08-22 09:23:57
2025-08-22 09:23:57,630 [INFO] Applying trade logic to 1 stocks.
2025-08-22 09:23:57,631 [INFO] [Trade Candidate: NSE:IDEA-EQ]
2025-08-22 09:24:08,076 [INFO] Heartbeat: Checking for trade setups at 2025-08-22 09:24:08
2025-08-22 09:24:08,076 [INFO] Applying trade logic to 1 stocks.
2025-08-22 09:24:08,077 [INFO] [Trade Candidate: NSE:IDEA-EQ]
2025-08-22 09:24:18,535 [INFO] Heartbeat: Checking for trade setups at 2025-08-22 09:24:18
2025-08-22 09:24:18,535 [INFO] Applying trade logic to 1 stocks.
2025-08-22 09:24:18,535 [INFO] [Trade Candidate: NSE:IDEA-EQ]
2025-08-22 09:24:29,061 [INFO] Heartbeat: Checking for trade setups at 2025-08-22 09:24:29
2025-08-22 09:24:29,061 [INFO] Applying trade logic to 1 stocks.
2025-08-22 09:24:29,061 [INFO] [Trade Candidate: NSE:IDEA-EQ]
2025-08-22 09:24:39,656 [INFO] Heartbeat: Checking for trade setups at 2025-08-22 09:24:39
2025-08-22 09:24:39,656 [INFO] Applying trade logic to 1 stocks.
2025-08-22 09:24:39,656 [INFO] [Trade Candidate: NSE:IDEA-EQ]
2025-08-22 09:24:50,359 [INFO] Heartbeat: Checking for trade setups at 2025-08-22 09:24:50
2025-08-22 09:24:50,359 [INFO] Applying trade logic to 1 stocks.
2025-08-22 09:24:50,359 [INFO] [Trade Candidate: NSE:IDEA-EQ]
2025-08-22 09:25:00,957 [INFO] Heartbeat: Checking for trade setups at 2025-08-22 09:25:00
2025-08-22 09:25:00,957 [INFO] Applying trade logic to 1 stocks.
2025-08-22 09:25:00,957 [INFO] [Trade Candidate: NSE:IDEA-EQ]
2025-08-22 09:25:11,671 [INFO] Heartbeat: Checking for trade setups at 2025-08-22 09:25:11
2025-08-22 09:25:11,671 [INFO] Applying trade logic to 1 stocks.
2025-08-22 09:25:11,671 [INFO] [Trade Candidate: NSE:IDEA-EQ]
2025-08-22 09:25:22,100 [INFO] Heartbeat: Checking for trade setups at 2025-08-22 09:25:22
2025-08-22 09:25:22,100 [INFO] Applying trade logic to 1 stocks.
2025-08-22 09:25:22,100 [INFO] [Trade Candidate: NSE:IDEA-EQ]
2025-08-22 09:25:32,893 [INFO] Heartbeat: Checking for trade setups at 2025-08-22 09:25:32
2025-08-22 09:25:32,893 [INFO] Applying trade logic to 1 stocks.
2025-08-22 09:25:32,893 [INFO] [Trade Candidate: NSE:IDEA-EQ]
2025-08-22 09:25:43,388 [INFO] Heartbeat: Checking for trade setups at 2025-08-22 09:25:43
2025-08-22 09:25:43,389 [INFO] Applying trade logic to 1 stocks.
2025-08-22 09:25:43,389 [INFO] [Trade Candidate: NSE:IDEA-EQ]
2025-08-22 09:25:54,053 [INFO] Heartbeat: Checking for trade setups at 2025-08-22 09:25:54
2025-08-22 09:25:54,053 [INFO] Applying trade logic to 1 stocks.
2025-08-22 09:25:54,053 [INFO] [Trade Candidate: NSE:IDEA-EQ]
2025-08-22 09:26:05,184 [INFO] Heartbeat: Checking for trade setups at 2025-08-22 09:26:05
2025-08-22 09:26:05,185 [INFO] Applying trade logic to 1 stocks.
2025-08-22 09:26:05,185 [INFO] [Trade Candidate: NSE:IDEA-EQ]
2025-08-22 09:26:15,606 [INFO] Heartbeat: Checking for trade setups at 2025-08-22 09:26:15
2025-08-22 09:26:15,607 [INFO] Applying trade logic to 1 stocks.
2025-08-22 09:26:15,607 [INFO] [Trade Candidate: NSE:IDEA-EQ]
2025-08-22 09:26:26,244 [INFO] Heartbeat: Checking for trade setups at 2025-08-22 09:26:26
2025-08-22 09:26:26,244 [INFO] Applying trade logic to 1 stocks.
2025-08-22 09:26:26,244 [INFO] [Trade Candidate: NSE:IDEA-EQ]
2025-08-22 09:26:36,757 [INFO] Heartbeat: Checking for trade setups at 2025-08-22 09:26:36
2025-08-22 09:26:36,757 [INFO] Applying trade logic to 1 stocks.
2025-08-22 09:26:36,757 [INFO] [Trade Candidate: NSE:IDEA-EQ]
2025-08-22 09:26:47,400 [INFO] Heartbeat: Checking for trade setups at 2025-08-22 09:26:47
2025-08-22 09:26:47,400 [INFO] Applying trade logic to 1 stocks.
2025-08-22 09:26:47,400 [INFO] [Trade Candidate: NSE:IDEA-EQ]
2025-08-22 09:26:58,064 [INFO] Heartbeat: Checking for trade setups at 2025-08-22 09:26:58
2025-08-22 09:26:58,064 [INFO] Applying trade logic to 1 stocks.
2025-08-22 09:26:58,064 [INFO] [Trade Candidate: NSE:IDEA-EQ]
2025-08-22 09:38:45,974 [INFO] Heartbeat: Checking for trade setups at 2025-08-22 09:38:45
2025-08-22 09:38:45,984 [INFO] Applying trade logic to 1 stocks.
2025-08-22 09:38:46,031 [INFO] [Trade Candidate: NSE:IDEA-EQ]
2025-08-22 09:38:47,780 [INFO] Executing trade for NSE:IDEA-EQ: {'timestamp': '2025-08-22 09:35', 'action': 'SELL', 'entry_price': 6.8, 'stop_loss': 6.85, 'target': 6.65}
2025-08-22 09:38:47,780 [INFO] [TRADE] NSE:IDEA-EQ - Entry: 6.80, SL: 6.85, Target: 6.65
2025-08-22 09:38:47,780 [INFO] Placing trade for NSE:IDEA-EQ at price 6.8 with SL 6.85 and Target 6.65.
2025-08-22 09:38:49,034 [INFO] Trade placed successfully: {'code': -99, 'message': 'ORA: Minimum price check failed for BO : Set : 0.50 Current: 0.05', 's': 'error', 'id': '25082200050770-BO-1'}
2025-08-22 09:38:59,051 [INFO] Heartbeat: Checking for trade setups at 2025-08-22 09:38:59
2025-08-22 09:38:59,051 [INFO] Applying trade logic to 1 stocks.
2025-08-22 09:38:59,051 [INFO] [Trade Candidate: NSE:IDEA-EQ]
2025-08-22 09:39:09,563 [INFO] Heartbeat: Checking for trade setups at 2025-08-22 09:39:09
2025-08-22 09:39:09,563 [INFO] Applying trade logic to 1 stocks.
2025-08-22 09:39:09,563 [INFO] [Trade Candidate: NSE:IDEA-EQ]
2025-08-22 09:39:10,164 [INFO] Skipping already traded signal: ('NSE:IDEA-EQ', '2025-08-22 09:35')
2025-08-22 09:39:20,171 [INFO] Heartbeat: Checking for trade setups at 2025-08-22 09:39:20
2025-08-22 09:39:20,171 [INFO] Applying trade logic to 1 stocks.
2025-08-22 09:39:20,172 [INFO] [Trade Candidate: NSE:IDEA-EQ]
2025-08-22 09:39:30,658 [INFO] Heartbeat: Checking for trade setups at 2025-08-22 09:39:30
2025-08-22 09:39:30,658 [INFO] Applying trade logic to 1 stocks.
2025-08-22 09:39:30,658 [INFO] [Trade Candidate: NSE:IDEA-EQ]
2025-08-22 09:39:41,152 [INFO] Heartbeat: Checking for trade setups at 2025-08-22 09:39:41
2025-08-22 09:39:41,152 [INFO] Applying trade logic to 1 stocks.
2025-08-22 09:39:41,153 [INFO] [Trade Candidate: NSE:IDEA-EQ]
2025-08-22 09:39:51,714 [INFO] Heartbeat: Checking for trade setups at 2025-08-22 09:39:51
2025-08-22 09:39:51,714 [INFO] Applying trade logic to 1 stocks.
2025-08-22 09:39:51,714 [INFO] [Trade Candidate: NSE:IDEA-EQ]
2025-08-22 09:40:02,321 [INFO] Heartbeat: Checking for trade setups at 2025-08-22 09:40:02
2025-08-22 09:40:02,321 [INFO] Applying trade logic to 1 stocks.
2025-08-22 09:40:02,321 [INFO] [Trade Candidate: NSE:IDEA-EQ]
2025-08-22 09:40:12,773 [INFO] Heartbeat: Checking for trade setups at 2025-08-22 09:40:12
2025-08-22 09:40:12,773 [INFO] Applying trade logic to 1 stocks.
2025-08-22 09:40:12,773 [INFO] [Trade Candidate: NSE:IDEA-EQ]
2025-08-22 09:40:23,423 [INFO] Heartbeat: Checking for trade setups at 2025-08-22 09:40:23
2025-08-22 09:40:23,423 [INFO] Applying trade logic to 1 stocks.
2025-08-22 09:40:23,423 [INFO] [Trade Candidate: NSE:IDEA-EQ]
2025-08-22 09:40:33,953 [INFO] Heartbeat: Checking for trade setups at 2025-08-22 09:40:33
2025-08-22 09:40:33,954 [INFO] Applying trade logic to 1 stocks.
2025-08-22 09:40:33,954 [INFO] [Trade Candidate: NSE:IDEA-EQ]
2025-08-22 09:40:44,458 [INFO] Heartbeat: Checking for trade setups at 2025-08-22 09:40:44
2025-08-22 09:40:44,458 [INFO] Applying trade logic to 1 stocks.
2025-08-22 09:40:44,458 [INFO] [Trade Candidate: NSE:IDEA-EQ]
2025-08-22 09:40:55,002 [INFO] Heartbeat: Checking for trade setups at 2025-08-22 09:40:55
2025-08-22 09:40:55,002 [INFO] Applying trade logic to 1 stocks.
2025-08-22 09:40:55,002 [INFO] [Trade Candidate: NSE:IDEA-EQ]
2025-08-22 09:41:05,746 [INFO] Heartbeat: Checking for trade setups at 2025-08-22 09:41:05
2025-08-22 09:41:05,746 [INFO] Applying trade logic to 1 stocks.
2025-08-22 09:41:05,746 [INFO] [Trade Candidate: NSE:IDEA-EQ]
2025-08-22 09:41:16,215 [INFO] Heartbeat: Checking for trade setups at 2025-08-22 09:41:16
2025-08-22 09:41:16,215 [INFO] Applying trade logic to 1 stocks.
2025-08-22 09:41:16,217 [INFO] [Trade Candidate: NSE:IDEA-EQ]
2025-08-22 09:41:26,661 [INFO] Heartbeat: Checking for trade setups at 2025-08-22 09:41:26
2025-08-22 09:41:26,661 [INFO] Applying trade logic to 1 stocks.
2025-08-22 09:41:26,661 [INFO] [Trade Candidate: NSE:IDEA-EQ]
2025-08-22 09:41:37,425 [INFO] Heartbeat: Checking for trade setups at 2025-08-22 09:41:37
2025-08-22 09:41:37,425 [INFO] Applying trade logic to 1 stocks.
2025-08-22 09:41:37,425 [INFO] [Trade Candidate: NSE:IDEA-EQ]
2025-08-22 09:41:47,949 [INFO] Heartbeat: Checking for trade setups at 2025-08-22 09:41:47
2025-08-22 09:41:47,949 [INFO] Applying trade logic to 1 stocks.
2025-08-22 09:41:47,949 [INFO] [Trade Candidate: NSE:IDEA-EQ]
2025-08-22 09:41:58,876 [INFO] Heartbeat: Checking for trade setups at 2025-08-22 09:41:58
2025-08-22 09:41:58,876 [INFO] Applying trade logic to 1 stocks.
2025-08-22 09:41:58,876 [INFO] [Trade Candidate: NSE:IDEA-EQ]
2025-08-22 09:42:09,436 [INFO] Heartbeat: Checking for trade setups at 2025-08-22 09:42:09
2025-08-22 09:42:09,436 [INFO] Applying trade logic to 1 stocks.
2025-08-22 09:42:09,436 [INFO] [Trade Candidate: NSE:IDEA-EQ]
2025-08-22 09:42:20,020 [INFO] Heartbeat: Checking for trade setups at 2025-08-22 09:42:20
2025-08-22 09:42:20,020 [INFO] Applying trade logic to 1 stocks.
2025-08-22 09:42:20,020 [INFO] [Trade Candidate: NSE:IDEA-EQ]
2025-08-22 09:42:30,453 [INFO] Heartbeat: Checking for trade setups at 2025-08-22 09:42:30
2025-08-22 09:42:30,453 [INFO] Applying trade logic to 1 stocks.
2025-08-22 09:42:30,454 [INFO] [Trade Candidate: NSE:IDEA-EQ]
2025-08-22 09:42:41,354 [INFO] Heartbeat: Checking for trade setups at 2025-08-22 09:42:41
2025-08-22 09:42:41,354 [INFO] Applying trade logic to 1 stocks.
2025-08-22 09:42:41,354 [INFO] [Trade Candidate: NSE:IDEA-EQ]
2025-08-22 09:42:51,835 [INFO] Heartbeat: Checking for trade setups at 2025-08-22 09:42:51
2025-08-22 09:42:51,835 [INFO] Applying trade logic to 1 stocks.
2025-08-22 09:42:51,837 [INFO] [Trade Candidate: NSE:IDEA-EQ]
2025-08-22 09:43:02,452 [INFO] Heartbeat: Checking for trade setups at 2025-08-22 09:43:02
2025-08-22 09:43:02,452 [INFO] Applying trade logic to 1 stocks.
2025-08-22 09:43:02,452 [INFO] [Trade Candidate: NSE:IDEA-EQ]
2025-08-22 09:46:12,443 [INFO] Heartbeat: Checking for trade setups at 2025-08-22 09:46:12
2025-08-22 09:46:12,451 [INFO] Applying trade logic to 1 stocks.
2025-08-22 09:46:12,475 [INFO] [Trade Candidate: NSE:IDEA-EQ]
2025-08-22 09:46:23,812 [INFO] Heartbeat: Checking for trade setups at 2025-08-22 09:46:23
2025-08-22 09:46:23,812 [INFO] Applying trade logic to 1 stocks.
2025-08-22 09:46:23,812 [INFO] [Trade Candidate: NSE:IDEA-EQ]
2025-08-22 09:46:34,872 [INFO] Heartbeat: Checking for trade setups at 2025-08-22 09:46:34
2025-08-22 09:46:34,872 [INFO] Applying trade logic to 1 stocks.
2025-08-22 09:46:34,872 [INFO] [Trade Candidate: NSE:IDEA-EQ]
2025-08-22 09:46:45,500 [INFO] Heartbeat: Checking for trade setups at 2025-08-22 09:46:45
2025-08-22 09:46:45,500 [INFO] Applying trade logic to 1 stocks.
2025-08-22 09:46:45,500 [INFO] [Trade Candidate: NSE:IDEA-EQ]
2025-08-22 09:46:56,164 [INFO] Heartbeat: Checking for trade setups at 2025-08-22 09:46:56
2025-08-22 09:46:56,164 [INFO] Applying trade logic to 1 stocks.
2025-08-22 09:46:56,164 [INFO] [Trade Candidate: NSE:IDEA-EQ]
2025-08-22 09:47:06,901 [INFO] Heartbeat: Checking for trade setups at 2025-08-22 09:47:06
2025-08-22 09:47:06,901 [INFO] Applying trade logic to 1 stocks.
2025-08-22 09:47:06,901 [INFO] [Trade Candidate: NSE:IDEA-EQ]
2025-08-22 09:47:17,600 [INFO] Heartbeat: Checking for trade setups at 2025-08-22 09:47:17
2025-08-22 09:47:17,601 [INFO] Applying trade logic to 1 stocks.
2025-08-22 09:47:17,601 [INFO] [Trade Candidate: NSE:IDEA-EQ]
2025-08-22 09:47:28,578 [INFO] Heartbeat: Checking for trade setups at 2025-08-22 09:47:28
2025-08-22 09:47:28,579 [INFO] Applying trade logic to 1 stocks.
2025-08-22 09:47:28,579 [INFO] [Trade Candidate: NSE:IDEA-EQ]
2025-08-22 09:47:39,068 [INFO] Heartbeat: Checking for trade setups at 2025-08-22 09:47:39
2025-08-22 09:47:39,068 [INFO] Applying trade logic to 1 stocks.
2025-08-22 09:47:39,068 [INFO] [Trade Candidate: NSE:IDEA-EQ]
2025-08-22 09:47:49,531 [INFO] Heartbeat: Checking for trade setups at 2025-08-22 09:47:49
2025-08-22 09:47:49,531 [INFO] Applying trade logic to 1 stocks.
2025-08-22 09:47:49,532 [INFO] [Trade Candidate: NSE:IDEA-EQ]
2025-08-22 09:48:00,172 [INFO] Heartbeat: Checking for trade setups at 2025-08-22 09:48:00
2025-08-22 09:48:00,176 [INFO] Applying trade logic to 1 stocks.
2025-08-22 09:48:00,177 [INFO] [Trade Candidate: NSE:IDEA-EQ]
2025-08-22 09:48:10,706 [INFO] Heartbeat: Checking for trade setups at 2025-08-22 09:48:10
2025-08-22 09:48:10,706 [INFO] Applying trade logic to 1 stocks.
2025-08-22 09:48:10,706 [INFO] [Trade Candidate: NSE:IDEA-EQ]
2025-08-22 09:48:21,199 [INFO] Heartbeat: Checking for trade setups at 2025-08-22 09:48:21
2025-08-22 09:48:21,199 [INFO] Applying trade logic to 1 stocks.
2025-08-22 09:48:21,199 [INFO] [Trade Candidate: NSE:IDEA-EQ]
2025-08-22 09:48:31,696 [INFO] Heartbeat: Checking for trade setups at 2025-08-22 09:48:31
2025-08-22 09:48:31,696 [INFO] Applying trade logic to 1 stocks.
2025-08-22 09:48:31,696 [INFO] [Trade Candidate: NSE:IDEA-EQ]
2025-08-22 09:48:42,325 [INFO] Heartbeat: Checking for trade setups at 2025-08-22 09:48:42
2025-08-22 09:48:42,325 [INFO] Applying trade logic to 1 stocks.
2025-08-22 09:48:42,325 [INFO] [Trade Candidate: NSE:IDEA-EQ]
2025-08-22 09:48:52,956 [INFO] Heartbeat: Checking for trade setups at 2025-08-22 09:48:52
2025-08-22 09:48:52,956 [INFO] Applying trade logic to 1 stocks.
2025-08-22 09:48:52,956 [INFO] [Trade Candidate: NSE:IDEA-EQ]
2025-08-22 09:49:04,482 [INFO] Heartbeat: Checking for trade setups at 2025-08-22 09:49:04
2025-08-22 09:49:04,483 [INFO] Applying trade logic to 1 stocks.
2025-08-22 09:49:04,484 [INFO] [Trade Candidate: NSE:IDEA-EQ]
2025-08-22 09:49:15,125 [INFO] Heartbeat: Checking for trade setups at 2025-08-22 09:49:15
2025-08-22 09:49:15,125 [INFO] Applying trade logic to 1 stocks.
2025-08-22 09:49:15,125 [INFO] [Trade Candidate: NSE:IDEA-EQ]
2025-08-22 09:49:26,484 [INFO] Heartbeat: Checking for trade setups at 2025-08-22 09:49:26
2025-08-22 09:49:26,484 [INFO] Applying trade logic to 1 stocks.
2025-08-22 09:49:26,485 [INFO] [Trade Candidate: NSE:IDEA-EQ]
2025-08-22 09:49:37,249 [INFO] Heartbeat: Checking for trade setups at 2025-08-22 09:49:37
2025-08-22 09:49:37,249 [INFO] Applying trade logic to 1 stocks.
2025-08-22 09:49:37,249 [INFO] [Trade Candidate: NSE:IDEA-EQ]
2025-08-22 09:49:47,893 [INFO] Heartbeat: Checking for trade setups at 2025-08-22 09:49:47
2025-08-22 09:49:47,893 [INFO] Applying trade logic to 1 stocks.
2025-08-22 09:49:47,893 [INFO] [Trade Candidate: NSE:IDEA-EQ]
2025-08-22 09:49:58,379 [INFO] Heartbeat: Checking for trade setups at 2025-08-22 09:49:58
2025-08-22 09:49:58,379 [INFO] Applying trade logic to 1 stocks.
2025-08-22 09:49:58,379 [INFO] [Trade Candidate: NSE:IDEA-EQ]
2025-08-22 09:50:08,876 [INFO] Heartbeat: Checking for trade setups at 2025-08-22 09:50:08
2025-08-22 09:50:08,877 [INFO] Applying trade logic to 1 stocks.
2025-08-22 09:50:08,877 [INFO] [Trade Candidate: NSE:IDEA-EQ]
2025-08-22 09:50:19,705 [INFO] Heartbeat: Checking for trade setups at 2025-08-22 09:50:19
2025-08-22 09:50:19,705 [INFO] Applying trade logic to 1 stocks.
2025-08-22 09:50:19,705 [INFO] [Trade Candidate: NSE:IDEA-EQ]
2025-08-22 09:50:30,366 [INFO] Heartbeat: Checking for trade setups at 2025-08-22 09:50:30
2025-08-22 09:50:30,367 [INFO] Applying trade logic to 1 stocks.
2025-08-22 09:50:30,367 [INFO] [Trade Candidate: NSE:IDEA-EQ]
2025-08-22 09:50:41,050 [INFO] Heartbeat: Checking for trade setups at 2025-08-22 09:50:41
2025-08-22 09:50:41,051 [INFO] Applying trade logic to 1 stocks.
2025-08-22 09:50:41,052 [INFO] [Trade Candidate: NSE:IDEA-EQ]
2025-08-22 09:50:51,651 [INFO] Heartbeat: Checking for trade setups at 2025-08-22 09:50:51
2025-08-22 09:50:51,651 [INFO] Applying trade logic to 1 stocks.
2025-08-22 09:50:51,651 [INFO] [Trade Candidate: NSE:IDEA-EQ]
2025-08-22 09:51:02,269 [INFO] Heartbeat: Checking for trade setups at 2025-08-22 09:51:02
2025-08-22 09:51:02,269 [INFO] Applying trade logic to 1 stocks.
2025-08-22 09:51:02,269 [INFO] [Trade Candidate: NSE:IDEA-EQ]
2025-08-22 09:51:12,895 [INFO] Heartbeat: Checking for trade setups at 2025-08-22 09:51:12
2025-08-22 09:51:12,895 [INFO] Applying trade logic to 1 stocks.
2025-08-22 09:51:12,896 [INFO] [Trade Candidate: NSE:IDEA-EQ]
2025-08-22 09:51:23,592 [INFO] Heartbeat: Checking for trade setups at 2025-08-22 09:51:23
2025-08-22 09:51:23,592 [INFO] Applying trade logic to 1 stocks.
2025-08-22 09:51:23,592 [INFO] [Trade Candidate: NSE:IDEA-EQ]
2025-08-22 09:51:34,121 [INFO] Heartbeat: Checking for trade setups at 2025-08-22 09:51:34
2025-08-22 09:51:34,122 [INFO] Applying trade logic to 1 stocks.
2025-08-22 09:51:34,122 [INFO] [Trade Candidate: NSE:IDEA-EQ]
2025-08-22 09:51:44,626 [INFO] Heartbeat: Checking for trade setups at 2025-08-22 09:51:44
2025-08-22 09:51:44,626 [INFO] Applying trade logic to 1 stocks.
2025-08-22 09:51:44,627 [INFO] [Trade Candidate: NSE:IDEA-EQ]
2025-08-22 09:51:55,320 [INFO] Heartbeat: Checking for trade setups at 2025-08-22 09:51:55
2025-08-22 09:51:55,320 [INFO] Applying trade logic to 1 stocks.
2025-08-22 09:51:55,320 [INFO] [Trade Candidate: NSE:IDEA-EQ]
2025-08-22 09:52:05,767 [INFO] Heartbeat: Checking for trade setups at 2025-08-22 09:52:05
2025-08-22 09:52:05,768 [INFO] Applying trade logic to 1 stocks.
2025-08-22 09:52:05,768 [INFO] [Trade Candidate: NSE:IDEA-EQ]
2025-08-22 09:52:16,233 [INFO] Heartbeat: Checking for trade setups at 2025-08-22 09:52:16
2025-08-22 09:52:16,235 [INFO] Applying trade logic to 1 stocks.
2025-08-22 09:52:16,235 [INFO] [Trade Candidate: NSE:IDEA-EQ]
2025-08-22 09:52:26,695 [INFO] Heartbeat: Checking for trade setups at 2025-08-22 09:52:26
2025-08-22 09:52:26,696 [INFO] Applying trade logic to 1 stocks.
2025-08-22 09:52:26,696 [INFO] [Trade Candidate: NSE:IDEA-EQ]
2025-08-22 09:52:37,192 [INFO] Heartbeat: Checking for trade setups at 2025-08-22 09:52:37
2025-08-22 09:52:37,192 [INFO] Applying trade logic to 1 stocks.
2025-08-22 09:52:37,192 [INFO] [Trade Candidate: NSE:IDEA-EQ]
2025-08-22 09:52:47,963 [INFO] Heartbeat: Checking for trade setups at 2025-08-22 09:52:47
2025-08-22 09:52:47,964 [INFO] Applying trade logic to 1 stocks.
2025-08-22 09:52:47,966 [INFO] [Trade Candidate: NSE:IDEA-EQ]
2025-08-22 09:52:58,577 [INFO] Heartbeat: Checking for trade setups at 2025-08-22 09:52:58
2025-08-22 09:52:58,577 [INFO] Applying trade logic to 1 stocks.
2025-08-22 09:52:58,577 [INFO] [Trade Candidate: NSE:IDEA-EQ]
2025-08-22 09:53:09,026 [INFO] Heartbeat: Checking for trade setups at 2025-08-22 09:53:09
2025-08-22 09:53:09,026 [INFO] Applying trade logic to 1 stocks.
2025-08-22 09:53:09,028 [INFO] [Trade Candidate: NSE:IDEA-EQ]
2025-08-22 09:53:19,522 [INFO] Heartbeat: Checking for trade setups at 2025-08-22 09:53:19
2025-08-22 09:53:19,522 [INFO] Applying trade logic to 1 stocks.
2025-08-22 09:53:19,522 [INFO] [Trade Candidate: NSE:IDEA-EQ]
2025-08-22 09:53:30,094 [INFO] Heartbeat: Checking for trade setups at 2025-08-22 09:53:30
2025-08-22 09:53:30,094 [INFO] Applying trade logic to 1 stocks.
2025-08-22 09:53:30,094 [INFO] [Trade Candidate: NSE:IDEA-EQ]
2025-08-22 09:53:40,571 [INFO] Heartbeat: Checking for trade setups at 2025-08-22 09:53:40
2025-08-22 09:53:40,571 [INFO] Applying trade logic to 1 stocks.
2025-08-22 09:53:40,571 [INFO] [Trade Candidate: NSE:IDEA-EQ]
2025-08-22 09:53:51,193 [INFO] Heartbeat: Checking for trade setups at 2025-08-22 09:53:51
2025-08-22 09:53:51,193 [INFO] Applying trade logic to 1 stocks.
2025-08-22 09:53:51,193 [INFO] [Trade Candidate: NSE:IDEA-EQ]
2025-08-22 09:54:01,757 [INFO] Heartbeat: Checking for trade setups at 2025-08-22 09:54:01
2025-08-22 09:54:01,757 [INFO] Applying trade logic to 1 stocks.
2025-08-22 09:54:01,757 [INFO] [Trade Candidate: NSE:IDEA-EQ]
2025-08-22 09:54:12,372 [INFO] Heartbeat: Checking for trade setups at 2025-08-22 09:54:12
2025-08-22 09:54:12,372 [INFO] Applying trade logic to 1 stocks.
2025-08-22 09:54:12,372 [INFO] [Trade Candidate: NSE:IDEA-EQ]
2025-08-22 09:54:23,071 [INFO] Heartbeat: Checking for trade setups at 2025-08-22 09:54:23
2025-08-22 09:54:23,071 [INFO] Applying trade logic to 1 stocks.
2025-08-22 09:54:23,071 [INFO] [Trade Candidate: NSE:IDEA-EQ]
2025-08-22 09:54:33,814 [INFO] Heartbeat: Checking for trade setups at 2025-08-22 09:54:33
2025-08-22 09:54:33,814 [INFO] Applying trade logic to 1 stocks.
2025-08-22 09:54:33,814 [INFO] [Trade Candidate: NSE:IDEA-EQ]
2025-08-22 09:54:44,278 [INFO] Heartbeat: Checking for trade setups at 2025-08-22 09:54:44
2025-08-22 09:54:44,278 [INFO] Applying trade logic to 1 stocks.
2025-08-22 09:54:44,278 [INFO] [Trade Candidate: NSE:IDEA-EQ]
2025-08-22 09:54:54,738 [INFO] Heartbeat: Checking for trade setups at 2025-08-22 09:54:54
2025-08-22 09:54:54,742 [INFO] Applying trade logic to 1 stocks.
2025-08-22 09:54:54,745 [INFO] [Trade Candidate: NSE:IDEA-EQ]
2025-08-22 09:55:05,584 [INFO] Heartbeat: Checking for trade setups at 2025-08-22 09:55:05
2025-08-22 09:55:05,584 [INFO] Applying trade logic to 1 stocks.
2025-08-22 09:55:05,584 [INFO] [Trade Candidate: NSE:IDEA-EQ]
2025-08-22 09:55:16,068 [INFO] Heartbeat: Checking for trade setups at 2025-08-22 09:55:16
2025-08-22 09:55:16,068 [INFO] Applying trade logic to 1 stocks.
2025-08-22 09:55:16,068 [INFO] [Trade Candidate: NSE:IDEA-EQ]
2025-08-22 09:55:26,617 [INFO] Heartbeat: Checking for trade setups at 2025-08-22 09:55:26
2025-08-22 09:55:26,617 [INFO] Applying trade logic to 1 stocks.
2025-08-22 09:55:26,617 [INFO] [Trade Candidate: NSE:IDEA-EQ]
2025-08-22 09:55:37,176 [INFO] Heartbeat: Checking for trade setups at 2025-08-22 09:55:37
2025-08-22 09:55:37,176 [INFO] Applying trade logic to 1 stocks.
2025-08-22 09:55:37,176 [INFO] [Trade Candidate: NSE:IDEA-EQ]
2025-08-22 09:55:48,078 [INFO] Heartbeat: Checking for trade setups at 2025-08-22 09:55:48
2025-08-22 09:55:48,078 [INFO] Applying trade logic to 1 stocks.
2025-08-22 09:55:48,078 [INFO] [Trade Candidate: NSE:IDEA-EQ]
2025-08-22 09:55:58,608 [INFO] Heartbeat: Checking for trade setups at 2025-08-22 09:55:58
2025-08-22 09:55:58,608 [INFO] Applying trade logic to 1 stocks.
2025-08-22 09:55:58,608 [INFO] [Trade Candidate: NSE:IDEA-EQ]
2025-08-22 09:56:09,156 [INFO] Heartbeat: Checking for trade setups at 2025-08-22 09:56:09
2025-08-22 09:56:09,157 [INFO] Applying trade logic to 1 stocks.
2025-08-22 09:56:09,157 [INFO] [Trade Candidate: NSE:IDEA-EQ]
2025-08-22 09:56:19,695 [INFO] Heartbeat: Checking for trade setups at 2025-08-22 09:56:19
2025-08-22 09:56:19,695 [INFO] Applying trade logic to 1 stocks.
2025-08-22 09:56:19,695 [INFO] [Trade Candidate: NSE:IDEA-EQ]
2025-08-22 09:56:30,448 [INFO] Heartbeat: Checking for trade setups at 2025-08-22 09:56:30
2025-08-22 09:56:30,448 [INFO] Applying trade logic to 1 stocks.
2025-08-22 09:56:30,448 [INFO] [Trade Candidate: NSE:IDEA-EQ]
2025-08-22 09:56:41,004 [INFO] Heartbeat: Checking for trade setups at 2025-08-22 09:56:41
2025-08-22 09:56:41,004 [INFO] Applying trade logic to 1 stocks.
2025-08-22 09:56:41,004 [INFO] [Trade Candidate: NSE:IDEA-EQ]
2025-08-22 09:56:51,931 [INFO] Heartbeat: Checking for trade setups at 2025-08-22 09:56:51
2025-08-22 09:56:51,931 [INFO] Applying trade logic to 1 stocks.
2025-08-22 09:56:51,931 [INFO] [Trade Candidate: NSE:IDEA-EQ]
2025-08-22 09:57:02,510 [INFO] Heartbeat: Checking for trade setups at 2025-08-22 09:57:02
2025-08-22 09:57:02,510 [INFO] Applying trade logic to 1 stocks.
2025-08-22 09:57:02,515 [INFO] [Trade Candidate: NSE:IDEA-EQ]
2025-08-22 09:57:13,107 [INFO] Heartbeat: Checking for trade setups at 2025-08-22 09:57:13
2025-08-22 09:57:13,107 [INFO] Applying trade logic to 1 stocks.
2025-08-22 09:57:13,107 [INFO] [Trade Candidate: NSE:IDEA-EQ]
2025-08-22 09:57:23,615 [INFO] Heartbeat: Checking for trade setups at 2025-08-22 09:57:23
2025-08-22 09:57:23,617 [INFO] Applying trade logic to 1 stocks.
2025-08-22 09:57:23,617 [INFO] [Trade Candidate: NSE:IDEA-EQ]
2025-08-22 09:57:34,142 [INFO] Heartbeat: Checking for trade setups at 2025-08-22 09:57:34
2025-08-22 09:57:34,142 [INFO] Applying trade logic to 1 stocks.
2025-08-22 09:57:34,142 [INFO] [Trade Candidate: NSE:IDEA-EQ]
2025-08-22 09:57:44,734 [INFO] Heartbeat: Checking for trade setups at 2025-08-22 09:57:44
2025-08-22 09:57:44,734 [INFO] Applying trade logic to 1 stocks.
2025-08-22 09:57:44,735 [INFO] [Trade Candidate: NSE:IDEA-EQ]
2025-08-22 09:57:55,395 [INFO] Heartbeat: Checking for trade setups at 2025-08-22 09:57:55
2025-08-22 09:57:55,395 [INFO] Applying trade logic to 1 stocks.
2025-08-22 09:57:55,395 [INFO] [Trade Candidate: NSE:IDEA-EQ]
2025-08-22 09:58:05,888 [INFO] Heartbeat: Checking for trade setups at 2025-08-22 09:58:05
2025-08-22 09:58:05,888 [INFO] Applying trade logic to 1 stocks.
2025-08-22 09:58:05,888 [INFO] [Trade Candidate: NSE:IDEA-EQ]
2025-08-22 09:58:16,548 [INFO] Heartbeat: Checking for trade setups at 2025-08-22 09:58:16
2025-08-22 09:58:16,549 [INFO] Applying trade logic to 1 stocks.
2025-08-22 09:58:16,549 [INFO] [Trade Candidate: NSE:IDEA-EQ]
2025-08-22 09:58:27,033 [INFO] Heartbeat: Checking for trade setups at 2025-08-22 09:58:27
2025-08-22 09:58:27,035 [INFO] Applying trade logic to 1 stocks.
2025-08-22 09:58:27,035 [INFO] [Trade Candidate: NSE:IDEA-EQ]
2025-08-22 09:58:37,633 [INFO] Heartbeat: Checking for trade setups at 2025-08-22 09:58:37
2025-08-22 09:58:37,633 [INFO] Applying trade logic to 1 stocks.
2025-08-22 09:58:37,633 [INFO] [Trade Candidate: NSE:IDEA-EQ]
2025-08-22 09:58:48,223 [INFO] Heartbeat: Checking for trade setups at 2025-08-22 09:58:48
2025-08-22 09:58:48,224 [INFO] Applying trade logic to 1 stocks.
2025-08-22 09:58:48,224 [INFO] [Trade Candidate: NSE:IDEA-EQ]
2025-08-22 09:58:59,965 [INFO] Heartbeat: Checking for trade setups at 2025-08-22 09:58:59
2025-08-22 09:58:59,965 [INFO] Applying trade logic to 1 stocks.
2025-08-22 09:58:59,965 [INFO] [Trade Candidate: NSE:IDEA-EQ]
2025-08-22 09:59:10,511 [INFO] Heartbeat: Checking for trade setups at 2025-08-22 09:59:10
2025-08-22 09:59:10,512 [INFO] Applying trade logic to 1 stocks.
2025-08-22 09:59:10,512 [INFO] [Trade Candidate: NSE:IDEA-EQ]
2025-08-22 09:59:20,973 [INFO] Heartbeat: Checking for trade setups at 2025-08-22 09:59:20
2025-08-22 09:59:20,973 [INFO] Applying trade logic to 1 stocks.
2025-08-22 09:59:20,973 [INFO] [Trade Candidate: NSE:IDEA-EQ]
2025-08-22 09:59:31,702 [INFO] Heartbeat: Checking for trade setups at 2025-08-22 09:59:31
2025-08-22 09:59:31,702 [INFO] Applying trade logic to 1 stocks.
2025-08-22 09:59:31,702 [INFO] [Trade Candidate: NSE:IDEA-EQ]
2025-08-22 09:59:42,153 [INFO] Heartbeat: Checking for trade setups at 2025-08-22 09:59:42
2025-08-22 09:59:42,153 [INFO] Applying trade logic to 1 stocks.
2025-08-22 09:59:42,153 [INFO] [Trade Candidate: NSE:IDEA-EQ]
2025-08-22 09:59:52,601 [INFO] Heartbeat: Checking for trade setups at 2025-08-22 09:59:52
2025-08-22 09:59:52,601 [INFO] Applying trade logic to 1 stocks.
2025-08-22 09:59:52,601 [INFO] [Trade Candidate: NSE:IDEA-EQ]
2025-08-22 10:00:03,066 [INFO] Heartbeat: Checking for trade setups at 2025-08-22 10:00:03
2025-08-22 10:00:03,066 [INFO] Applying trade logic to 1 stocks.
2025-08-22 10:00:03,066 [INFO] [Trade Candidate: NSE:IDEA-EQ]
2025-08-22 10:00:13,520 [INFO] Heartbeat: Checking for trade setups at 2025-08-22 10:00:13
2025-08-22 10:00:13,520 [INFO] Applying trade logic to 1 stocks.
2025-08-22 10:00:13,522 [INFO] [Trade Candidate: NSE:IDEA-EQ]
2025-08-22 10:00:24,209 [INFO] Heartbeat: Checking for trade setups at 2025-08-22 10:00:24
2025-08-22 10:00:24,209 [INFO] Applying trade logic to 1 stocks.
2025-08-22 10:00:24,209 [INFO] [Trade Candidate: NSE:IDEA-EQ]
2025-08-22 10:00:34,783 [INFO] Heartbeat: Checking for trade setups at 2025-08-22 10:00:34
2025-08-22 10:00:34,783 [INFO] Applying trade logic to 1 stocks.
2025-08-22 10:00:34,783 [INFO] [Trade Candidate: NSE:IDEA-EQ]
2025-08-22 10:00:45,371 [INFO] Heartbeat: Checking for trade setups at 2025-08-22 10:00:45
2025-08-22 10:00:45,371 [INFO] Applying trade logic to 1 stocks.
2025-08-22 10:00:45,372 [INFO] [Trade Candidate: NSE:IDEA-EQ]
2025-08-22 10:00:55,879 [INFO] Heartbeat: Checking for trade setups at 2025-08-22 10:00:55
2025-08-22 10:00:55,879 [INFO] Applying trade logic to 1 stocks.
2025-08-22 10:00:55,879 [INFO] [Trade Candidate: NSE:IDEA-EQ]
2025-08-22 10:01:06,735 [INFO] Heartbeat: Checking for trade setups at 2025-08-22 10:01:06
2025-08-22 10:01:06,735 [INFO] Applying trade logic to 1 stocks.
2025-08-22 10:01:06,735 [INFO] [Trade Candidate: NSE:IDEA-EQ]
2025-08-22 10:01:17,224 [INFO] Heartbeat: Checking for trade setups at 2025-08-22 10:01:17
2025-08-22 10:01:17,224 [INFO] Applying trade logic to 1 stocks.
2025-08-22 10:01:17,226 [INFO] [Trade Candidate: NSE:IDEA-EQ]
2025-08-22 10:01:28,177 [INFO] Heartbeat: Checking for trade setups at 2025-08-22 10:01:28
2025-08-22 10:01:28,177 [INFO] Applying trade logic to 1 stocks.
2025-08-22 10:01:28,177 [INFO] [Trade Candidate: NSE:IDEA-EQ]
2025-08-22 10:01:38,789 [INFO] Heartbeat: Checking for trade setups at 2025-08-22 10:01:38
2025-08-22 10:01:38,789 [INFO] Applying trade logic to 1 stocks.
2025-08-22 10:01:38,789 [INFO] [Trade Candidate: NSE:IDEA-EQ]
2025-08-22 10:01:49,371 [INFO] Heartbeat: Checking for trade setups at 2025-08-22 10:01:49
2025-08-22 10:01:49,372 [INFO] Applying trade logic to 1 stocks.
2025-08-22 10:01:49,372 [INFO] [Trade Candidate: NSE:IDEA-EQ]
2025-08-22 10:02:00,189 [INFO] Heartbeat: Checking for trade setups at 2025-08-22 10:02:00
2025-08-22 10:02:00,189 [INFO] Applying trade logic to 1 stocks.
2025-08-22 10:02:00,189 [INFO] [Trade Candidate: NSE:IDEA-EQ]
2025-08-22 10:02:10,863 [INFO] Heartbeat: Checking for trade setups at 2025-08-22 10:02:10
2025-08-22 10:02:10,863 [INFO] Applying trade logic to 1 stocks.
2025-08-22 10:02:10,863 [INFO] [Trade Candidate: NSE:IDEA-EQ]
2025-08-22 10:02:21,895 [INFO] Heartbeat: Checking for trade setups at 2025-08-22 10:02:21
2025-08-22 10:02:21,895 [INFO] Applying trade logic to 1 stocks.
2025-08-22 10:02:21,895 [INFO] [Trade Candidate: NSE:IDEA-EQ]
2025-08-22 10:02:32,370 [INFO] Heartbeat: Checking for trade setups at 2025-08-22 10:02:32
2025-08-22 10:02:32,370 [INFO] Applying trade logic to 1 stocks.
2025-08-22 10:02:32,370 [INFO] [Trade Candidate: NSE:IDEA-EQ]
2025-08-22 10:02:42,915 [INFO] Heartbeat: Checking for trade setups at 2025-08-22 10:02:42
2025-08-22 10:02:42,915 [INFO] Applying trade logic to 1 stocks.
2025-08-22 10:02:42,916 [INFO] [Trade Candidate: NSE:IDEA-EQ]
2025-08-22 10:02:53,535 [INFO] Heartbeat: Checking for trade setups at 2025-08-22 10:02:53
2025-08-22 10:02:53,536 [INFO] Applying trade logic to 1 stocks.
2025-08-22 10:02:53,536 [INFO] [Trade Candidate: NSE:IDEA-EQ]
2025-08-22 10:03:04,322 [INFO] Heartbeat: Checking for trade setups at 2025-08-22 10:03:04
2025-08-22 10:03:04,322 [INFO] Applying trade logic to 1 stocks.
2025-08-22 10:03:04,322 [INFO] [Trade Candidate: NSE:IDEA-EQ]
2025-08-22 10:03:14,941 [INFO] Heartbeat: Checking for trade setups at 2025-08-22 10:03:14
2025-08-22 10:03:14,941 [INFO] Applying trade logic to 1 stocks.
2025-08-22 10:03:14,941 [INFO] [Trade Candidate: NSE:IDEA-EQ]
2025-08-22 10:03:25,551 [INFO] Heartbeat: Checking for trade setups at 2025-08-22 10:03:25
2025-08-22 10:03:25,551 [INFO] Applying trade logic to 1 stocks.
2025-08-22 10:03:25,551 [INFO] [Trade Candidate: NSE:IDEA-EQ]
2025-08-22 10:03:36,315 [INFO] Heartbeat: Checking for trade setups at 2025-08-22 10:03:36
2025-08-22 10:03:36,315 [INFO] Applying trade logic to 1 stocks.
2025-08-22 10:03:36,315 [INFO] [Trade Candidate: NSE:IDEA-EQ]
2025-08-22 10:03:46,831 [INFO] Heartbeat: Checking for trade setups at 2025-08-22 10:03:46
2025-08-22 10:03:46,831 [INFO] Applying trade logic to 1 stocks.
2025-08-22 10:03:46,831 [INFO] [Trade Candidate: NSE:IDEA-EQ]
2025-08-22 10:03:57,563 [INFO] Heartbeat: Checking for trade setups at 2025-08-22 10:03:57
2025-08-22 10:03:57,564 [INFO] Applying trade logic to 1 stocks.
2025-08-22 10:03:57,564 [INFO] [Trade Candidate: NSE:IDEA-EQ]
2025-08-22 10:04:08,100 [INFO] Heartbeat: Checking for trade setups at 2025-08-22 10:04:08
2025-08-22 10:04:08,100 [INFO] Applying trade logic to 1 stocks.
2025-08-22 10:04:08,100 [INFO] [Trade Candidate: NSE:IDEA-EQ]
2025-08-22 10:04:18,890 [INFO] Heartbeat: Checking for trade setups at 2025-08-22 10:04:18
2025-08-22 10:04:18,891 [INFO] Applying trade logic to 1 stocks.
2025-08-22 10:04:18,891 [INFO] [Trade Candidate: NSE:IDEA-EQ]
2025-08-22 10:04:29,495 [INFO] Heartbeat: Checking for trade setups at 2025-08-22 10:04:29
2025-08-22 10:04:29,496 [INFO] Applying trade logic to 1 stocks.
2025-08-22 10:04:29,496 [INFO] [Trade Candidate: NSE:IDEA-EQ]
2025-08-22 10:04:40,443 [INFO] Heartbeat: Checking for trade setups at 2025-08-22 10:04:40
2025-08-22 10:04:40,443 [INFO] Applying trade logic to 1 stocks.
2025-08-22 10:04:40,443 [INFO] [Trade Candidate: NSE:IDEA-EQ]
2025-08-22 10:04:50,927 [INFO] Heartbeat: Checking for trade setups at 2025-08-22 10:04:50
2025-08-22 10:04:50,927 [INFO] Applying trade logic to 1 stocks.
2025-08-22 10:04:50,927 [INFO] [Trade Candidate: NSE:IDEA-EQ]
2025-08-22 10:05:01,548 [INFO] Heartbeat: Checking for trade setups at 2025-08-22 10:05:01
2025-08-22 10:05:01,549 [INFO] Applying trade logic to 1 stocks.
2025-08-22 10:05:01,549 [INFO] [Trade Candidate: NSE:IDEA-EQ]
2025-08-22 10:05:12,092 [INFO] Heartbeat: Checking for trade setups at 2025-08-22 10:05:12
2025-08-22 10:05:12,092 [INFO] Applying trade logic to 1 stocks.
2025-08-22 10:05:12,092 [INFO] [Trade Candidate: NSE:IDEA-EQ]
2025-08-22 10:05:22,751 [INFO] Heartbeat: Checking for trade setups at 2025-08-22 10:05:22
2025-08-22 10:05:22,751 [INFO] Applying trade logic to 1 stocks.
2025-08-22 10:05:22,751 [INFO] [Trade Candidate: NSE:IDEA-EQ]
2025-08-22 10:05:33,590 [INFO] Heartbeat: Checking for trade setups at 2025-08-22 10:05:33
2025-08-22 10:05:33,590 [INFO] Applying trade logic to 1 stocks.
2025-08-22 10:05:33,592 [INFO] [Trade Candidate: NSE:IDEA-EQ]
2025-08-22 10:05:44,489 [INFO] Heartbeat: Checking for trade setups at 2025-08-22 10:05:44
2025-08-22 10:05:44,489 [INFO] Applying trade logic to 1 stocks.
2025-08-22 10:05:44,489 [INFO] [Trade Candidate: NSE:IDEA-EQ]
2025-08-22 10:05:55,491 [INFO] Heartbeat: Checking for trade setups at 2025-08-22 10:05:55
2025-08-22 10:05:55,493 [INFO] Applying trade logic to 1 stocks.
2025-08-22 10:05:55,493 [INFO] [Trade Candidate: NSE:IDEA-EQ]
2025-08-22 10:06:06,066 [INFO] Heartbeat: Checking for trade setups at 2025-08-22 10:06:06
2025-08-22 10:06:06,066 [INFO] Applying trade logic to 1 stocks.
2025-08-22 10:06:06,067 [INFO] [Trade Candidate: NSE:IDEA-EQ]
2025-08-22 10:06:16,850 [INFO] Heartbeat: Checking for trade setups at 2025-08-22 10:06:16
2025-08-22 10:06:16,850 [INFO] Applying trade logic to 1 stocks.
2025-08-22 10:06:16,851 [INFO] [Trade Candidate: NSE:IDEA-EQ]
2025-08-22 10:06:27,389 [INFO] Heartbeat: Checking for trade setups at 2025-08-22 10:06:27
2025-08-22 10:06:27,390 [INFO] Applying trade logic to 1 stocks.
2025-08-22 10:06:27,390 [INFO] [Trade Candidate: NSE:IDEA-EQ]
2025-08-22 10:06:38,097 [INFO] Heartbeat: Checking for trade setups at 2025-08-22 10:06:38
2025-08-22 10:06:38,098 [INFO] Applying trade logic to 1 stocks.
2025-08-22 10:06:38,098 [INFO] [Trade Candidate: NSE:IDEA-EQ]
2025-08-22 10:06:48,773 [INFO] Heartbeat: Checking for trade setups at 2025-08-22 10:06:48
2025-08-22 10:06:48,774 [INFO] Applying trade logic to 1 stocks.
2025-08-22 10:06:48,774 [INFO] [Trade Candidate: NSE:IDEA-EQ]
2025-08-22 10:06:59,333 [INFO] Heartbeat: Checking for trade setups at 2025-08-22 10:06:59
2025-08-22 10:06:59,333 [INFO] Applying trade logic to 1 stocks.
2025-08-22 10:06:59,333 [INFO] [Trade Candidate: NSE:IDEA-EQ]
2025-08-22 10:07:09,934 [INFO] Heartbeat: Checking for trade setups at 2025-08-22 10:07:09
2025-08-22 10:07:09,934 [INFO] Applying trade logic to 1 stocks.
2025-08-22 10:07:09,934 [INFO] [Trade Candidate: NSE:IDEA-EQ]
2025-08-22 10:07:20,518 [INFO] Heartbeat: Checking for trade setups at 2025-08-22 10:07:20
2025-08-22 10:07:20,518 [INFO] Applying trade logic to 1 stocks.
2025-08-22 10:07:20,518 [INFO] [Trade Candidate: NSE:IDEA-EQ]
2025-08-22 10:07:31,185 [INFO] Heartbeat: Checking for trade setups at 2025-08-22 10:07:31
2025-08-22 10:07:31,187 [INFO] Applying trade logic to 1 stocks.
2025-08-22 10:07:31,188 [INFO] [Trade Candidate: NSE:IDEA-EQ]
2025-08-22 10:07:41,742 [INFO] Heartbeat: Checking for trade setups at 2025-08-22 10:07:41
2025-08-22 10:07:41,742 [INFO] Applying trade logic to 1 stocks.
2025-08-22 10:07:41,744 [INFO] [Trade Candidate: NSE:IDEA-EQ]
2025-08-22 10:07:52,287 [INFO] Heartbeat: Checking for trade setups at 2025-08-22 10:07:52
2025-08-22 10:07:52,288 [INFO] Applying trade logic to 1 stocks.
2025-08-22 10:07:52,288 [INFO] [Trade Candidate: NSE:IDEA-EQ]
2025-08-22 10:08:02,797 [INFO] Heartbeat: Checking for trade setups at 2025-08-22 10:08:02
2025-08-22 10:08:02,797 [INFO] Applying trade logic to 1 stocks.
2025-08-22 10:08:02,799 [INFO] [Trade Candidate: NSE:IDEA-EQ]
2025-08-22 10:08:13,340 [INFO] Heartbeat: Checking for trade setups at 2025-08-22 10:08:13
2025-08-22 10:08:13,340 [INFO] Applying trade logic to 1 stocks.
2025-08-22 10:08:13,340 [INFO] [Trade Candidate: NSE:IDEA-EQ]
2025-08-22 10:08:23,888 [INFO] Heartbeat: Checking for trade setups at 2025-08-22 10:08:23
2025-08-22 10:08:23,888 [INFO] Applying trade logic to 1 stocks.
2025-08-22 10:08:23,888 [INFO] [Trade Candidate: NSE:IDEA-EQ]
2025-08-22 10:08:34,493 [INFO] Heartbeat: Checking for trade setups at 2025-08-22 10:08:34
2025-08-22 10:08:34,493 [INFO] Applying trade logic to 1 stocks.
2025-08-22 10:08:34,493 [INFO] [Trade Candidate: NSE:IDEA-EQ]
2025-08-22 10:08:44,945 [INFO] Heartbeat: Checking for trade setups at 2025-08-22 10:08:44
2025-08-22 10:08:44,945 [INFO] Applying trade logic to 1 stocks.
2025-08-22 10:08:44,946 [INFO] [Trade Candidate: NSE:IDEA-EQ]
2025-08-22 10:08:55,433 [INFO] Heartbeat: Checking for trade setups at 2025-08-22 10:08:55
2025-08-22 10:08:55,433 [INFO] Applying trade logic to 1 stocks.
2025-08-22 10:08:55,433 [INFO] [Trade Candidate: NSE:IDEA-EQ]
2025-08-22 10:09:06,243 [INFO] Heartbeat: Checking for trade setups at 2025-08-22 10:09:06
2025-08-22 10:09:06,243 [INFO] Applying trade logic to 1 stocks.
2025-08-22 10:09:06,243 [INFO] [Trade Candidate: NSE:IDEA-EQ]
2025-08-22 10:09:17,010 [INFO] Heartbeat: Checking for trade setups at 2025-08-22 10:09:17
2025-08-22 10:09:17,010 [INFO] Applying trade logic to 1 stocks.
2025-08-22 10:09:17,010 [INFO] [Trade Candidate: NSE:IDEA-EQ]
2025-08-22 10:09:27,661 [INFO] Heartbeat: Checking for trade setups at 2025-08-22 10:09:27
2025-08-22 10:09:27,662 [INFO] Applying trade logic to 1 stocks.
2025-08-22 10:09:27,662 [INFO] [Trade Candidate: NSE:IDEA-EQ]
2025-08-22 10:09:38,142 [INFO] Heartbeat: Checking for trade setups at 2025-08-22 10:09:38
2025-08-22 10:09:38,142 [INFO] Applying trade logic to 1 stocks.
2025-08-22 10:09:38,142 [INFO] [Trade Candidate: NSE:IDEA-EQ]
2025-08-22 10:09:48,819 [INFO] Heartbeat: Checking for trade setups at 2025-08-22 10:09:48
2025-08-22 10:09:48,819 [INFO] Applying trade logic to 1 stocks.
2025-08-22 10:09:48,819 [INFO] [Trade Candidate: NSE:IDEA-EQ]
2025-08-22 10:09:59,437 [INFO] Heartbeat: Checking for trade setups at 2025-08-22 10:09:59
2025-08-22 10:09:59,437 [INFO] Applying trade logic to 1 stocks.
2025-08-22 10:09:59,437 [INFO] [Trade Candidate: NSE:IDEA-EQ]
2025-08-22 10:10:10,600 [INFO] Heartbeat: Checking for trade setups at 2025-08-22 10:10:10
2025-08-22 10:10:10,600 [INFO] Applying trade logic to 1 stocks.
2025-08-22 10:10:10,601 [INFO] [Trade Candidate: NSE:IDEA-EQ]
2025-08-22 10:10:21,108 [INFO] Heartbeat: Checking for trade setups at 2025-08-22 10:10:21
2025-08-22 10:10:21,108 [INFO] Applying trade logic to 1 stocks.
2025-08-22 10:10:21,108 [INFO] [Trade Candidate: NSE:IDEA-EQ]
2025-08-22 10:10:31,693 [INFO] Heartbeat: Checking for trade setups at 2025-08-22 10:10:31
2025-08-22 10:10:31,693 [INFO] Applying trade logic to 1 stocks.
2025-08-22 10:10:31,694 [INFO] [Trade Candidate: NSE:IDEA-EQ]
2025-08-22 10:10:42,150 [INFO] Heartbeat: Checking for trade setups at 2025-08-22 10:10:42
2025-08-22 10:10:42,150 [INFO] Applying trade logic to 1 stocks.
2025-08-22 10:10:42,150 [INFO] [Trade Candidate: NSE:IDEA-EQ]
2025-08-22 10:10:52,892 [INFO] Heartbeat: Checking for trade setups at 2025-08-22 10:10:52
2025-08-22 10:10:52,893 [INFO] Applying trade logic to 1 stocks.
2025-08-22 10:10:52,893 [INFO] [Trade Candidate: NSE:IDEA-EQ]
2025-08-22 10:11:03,544 [INFO] Heartbeat: Checking for trade setups at 2025-08-22 10:11:03
2025-08-22 10:11:03,544 [INFO] Applying trade logic to 1 stocks.
2025-08-22 10:11:03,544 [INFO] [Trade Candidate: NSE:IDEA-EQ]
2025-08-22 10:11:14,197 [INFO] Heartbeat: Checking for trade setups at 2025-08-22 10:11:14
2025-08-22 10:11:14,197 [INFO] Applying trade logic to 1 stocks.
2025-08-22 10:11:14,197 [INFO] [Trade Candidate: NSE:IDEA-EQ]
2025-08-22 10:11:24,738 [INFO] Heartbeat: Checking for trade setups at 2025-08-22 10:11:24
2025-08-22 10:11:24,738 [INFO] Applying trade logic to 1 stocks.
2025-08-22 10:11:24,738 [INFO] [Trade Candidate: NSE:IDEA-EQ]
2025-08-22 10:11:35,441 [INFO] Heartbeat: Checking for trade setups at 2025-08-22 10:11:35
2025-08-22 10:11:35,441 [INFO] Applying trade logic to 1 stocks.
2025-08-22 10:11:35,441 [INFO] [Trade Candidate: NSE:IDEA-EQ]
2025-08-22 10:11:46,036 [INFO] Heartbeat: Checking for trade setups at 2025-08-22 10:11:46
2025-08-22 10:11:46,037 [INFO] Applying trade logic to 1 stocks.
2025-08-22 10:11:46,037 [INFO] [Trade Candidate: NSE:IDEA-EQ]
2025-08-22 10:11:56,714 [INFO] Heartbeat: Checking for trade setups at 2025-08-22 10:11:56
2025-08-22 10:11:56,714 [INFO] Applying trade logic to 1 stocks.
2025-08-22 10:11:56,714 [INFO] [Trade Candidate: NSE:IDEA-EQ]
2025-08-22 10:12:07,340 [INFO] Heartbeat: Checking for trade setups at 2025-08-22 10:12:07
2025-08-22 10:12:07,341 [INFO] Applying trade logic to 1 stocks.
2025-08-22 10:12:07,341 [INFO] [Trade Candidate: NSE:IDEA-EQ]
2025-08-22 10:12:17,887 [INFO] Heartbeat: Checking for trade setups at 2025-08-22 10:12:17
2025-08-22 10:12:17,887 [INFO] Applying trade logic to 1 stocks.
2025-08-22 10:12:17,889 [INFO] [Trade Candidate: NSE:IDEA-EQ]
2025-08-22 10:12:28,396 [INFO] Heartbeat: Checking for trade setups at 2025-08-22 10:12:28
2025-08-22 10:12:28,396 [INFO] Applying trade logic to 1 stocks.
2025-08-22 10:12:28,396 [INFO] [Trade Candidate: NSE:IDEA-EQ]
2025-08-22 10:12:38,981 [INFO] Heartbeat: Checking for trade setups at 2025-08-22 10:12:38
2025-08-22 10:12:38,981 [INFO] Applying trade logic to 1 stocks.
2025-08-22 10:12:38,981 [INFO] [Trade Candidate: NSE:IDEA-EQ]
2025-08-22 10:12:49,456 [INFO] Heartbeat: Checking for trade setups at 2025-08-22 10:12:49
2025-08-22 10:12:49,456 [INFO] Applying trade logic to 1 stocks.
2025-08-22 10:12:49,456 [INFO] [Trade Candidate: NSE:IDEA-EQ]
2025-08-22 11:11:07,285 [INFO] Heartbeat: Checking for trade setups at 2025-08-22 11:11:07
2025-08-22 11:11:07,380 [INFO] Applying trade logic to 1 stocks.
2025-08-22 11:11:07,443 [INFO] [Trade Candidate: NSE:IDEA-EQ]
2025-08-22 11:11:19,529 [INFO] Heartbeat: Checking for trade setups at 2025-08-22 11:11:19
2025-08-22 11:11:19,529 [INFO] Applying trade logic to 1 stocks.
2025-08-22 11:11:19,529 [INFO] [Trade Candidate: NSE:IDEA-EQ]
2025-08-22 11:11:30,082 [INFO] Heartbeat: Checking for trade setups at 2025-08-22 11:11:30
2025-08-22 11:11:30,082 [INFO] Applying trade logic to 1 stocks.
2025-08-22 11:11:30,082 [INFO] [Trade Candidate: NSE:IDEA-EQ]
2025-08-22 11:11:40,654 [INFO] Heartbeat: Checking for trade setups at 2025-08-22 11:11:40
2025-08-22 11:11:40,654 [INFO] Applying trade logic to 1 stocks.
2025-08-22 11:11:40,654 [INFO] [Trade Candidate: NSE:IDEA-EQ]
2025-08-22 11:11:51,419 [INFO] Heartbeat: Checking for trade setups at 2025-08-22 11:11:51
2025-08-22 11:11:51,419 [INFO] Applying trade logic to 1 stocks.
2025-08-22 11:11:51,419 [INFO] [Trade Candidate: NSE:IDEA-EQ]
2025-08-22 11:12:01,889 [INFO] Heartbeat: Checking for trade setups at 2025-08-22 11:12:01
2025-08-22 11:12:01,890 [INFO] Applying trade logic to 1 stocks.
2025-08-22 11:12:01,890 [INFO] [Trade Candidate: NSE:IDEA-EQ]
2025-08-22 11:12:12,386 [INFO] Heartbeat: Checking for trade setups at 2025-08-22 11:12:12
2025-08-22 11:12:12,386 [INFO] Applying trade logic to 1 stocks.
2025-08-22 11:12:12,386 [INFO] [Trade Candidate: NSE:IDEA-EQ]
2025-08-22 11:12:22,874 [INFO] Heartbeat: Checking for trade setups at 2025-08-22 11:12:22
2025-08-22 11:12:22,874 [INFO] Applying trade logic to 1 stocks.
2025-08-22 11:12:22,874 [INFO] [Trade Candidate: NSE:IDEA-EQ]
2025-08-22 11:12:33,393 [INFO] Heartbeat: Checking for trade setups at 2025-08-22 11:12:33
2025-08-22 11:12:33,393 [INFO] Applying trade logic to 1 stocks.
2025-08-22 11:12:33,393 [INFO] [Trade Candidate: NSE:IDEA-EQ]
2025-08-22 11:12:43,899 [INFO] Heartbeat: Checking for trade setups at 2025-08-22 11:12:43
2025-08-22 11:12:43,899 [INFO] Applying trade logic to 1 stocks.
2025-08-22 11:12:43,899 [INFO] [Trade Candidate: NSE:IDEA-EQ]
2025-08-22 11:12:54,447 [INFO] Heartbeat: Checking for trade setups at 2025-08-22 11:12:54
2025-08-22 11:12:54,447 [INFO] Applying trade logic to 1 stocks.
2025-08-22 11:12:54,447 [INFO] [Trade Candidate: NSE:IDEA-EQ]
2025-08-22 11:13:05,147 [INFO] Heartbeat: Checking for trade setups at 2025-08-22 11:13:05
2025-08-22 11:13:05,147 [INFO] Applying trade logic to 1 stocks.
2025-08-22 11:13:05,147 [INFO] [Trade Candidate: NSE:IDEA-EQ]
2025-08-22 11:13:15,621 [INFO] Heartbeat: Checking for trade setups at 2025-08-22 11:13:15
2025-08-22 11:13:15,621 [INFO] Applying trade logic to 1 stocks.
2025-08-22 11:13:15,621 [INFO] [Trade Candidate: NSE:IDEA-EQ]
2025-08-22 11:13:26,073 [INFO] Heartbeat: Checking for trade setups at 2025-08-22 11:13:26
2025-08-22 11:13:26,073 [INFO] Applying trade logic to 1 stocks.
2025-08-22 11:13:26,073 [INFO] [Trade Candidate: NSE:IDEA-EQ]
2025-08-22 11:13:36,809 [INFO] Heartbeat: Checking for trade setups at 2025-08-22 11:13:36
2025-08-22 11:13:36,809 [INFO] Applying trade logic to 1 stocks.
2025-08-22 11:13:36,809 [INFO] [Trade Candidate: NSE:IDEA-EQ]
2025-08-22 11:13:47,346 [INFO] Heartbeat: Checking for trade setups at 2025-08-22 11:13:47
2025-08-22 11:13:47,346 [INFO] Applying trade logic to 1 stocks.
2025-08-22 11:13:47,346 [INFO] [Trade Candidate: NSE:IDEA-EQ]
2025-08-22 11:13:58,010 [INFO] Heartbeat: Checking for trade setups at 2025-08-22 11:13:58
2025-08-22 11:13:58,010 [INFO] Applying trade logic to 1 stocks.
2025-08-22 11:13:58,012 [INFO] [Trade Candidate: NSE:IDEA-EQ]
2025-08-22 11:14:08,493 [INFO] Heartbeat: Checking for trade setups at 2025-08-22 11:14:08
2025-08-22 11:14:08,493 [INFO] Applying trade logic to 1 stocks.
2025-08-22 11:14:08,493 [INFO] [Trade Candidate: NSE:IDEA-EQ]
2025-08-22 11:14:19,661 [INFO] Heartbeat: Checking for trade setups at 2025-08-22 11:14:19
2025-08-22 11:14:19,661 [INFO] Applying trade logic to 1 stocks.
2025-08-22 11:14:19,661 [INFO] [Trade Candidate: NSE:IDEA-EQ]
2025-08-22 11:14:30,262 [INFO] Heartbeat: Checking for trade setups at 2025-08-22 11:14:30
2025-08-22 11:14:30,262 [INFO] Applying trade logic to 1 stocks.
2025-08-22 11:14:30,262 [INFO] [Trade Candidate: NSE:IDEA-EQ]
2025-08-22 11:14:40,751 [INFO] Heartbeat: Checking for trade setups at 2025-08-22 11:14:40
2025-08-22 11:14:40,751 [INFO] Applying trade logic to 1 stocks.
2025-08-22 11:14:40,753 [INFO] [Trade Candidate: NSE:IDEA-EQ]
2025-08-22 11:14:51,345 [INFO] Heartbeat: Checking for trade setups at 2025-08-22 11:14:51
2025-08-22 11:14:51,345 [INFO] Applying trade logic to 1 stocks.
2025-08-22 11:14:51,345 [INFO] [Trade Candidate: NSE:IDEA-EQ]
2025-08-22 11:15:02,014 [INFO] Heartbeat: Checking for trade setups at 2025-08-22 11:15:02
2025-08-22 11:15:02,014 [INFO] Applying trade logic to 1 stocks.
2025-08-22 11:15:02,014 [INFO] [Trade Candidate: NSE:IDEA-EQ]
2025-08-22 11:15:12,961 [INFO] Heartbeat: Checking for trade setups at 2025-08-22 11:15:12
2025-08-22 11:15:12,961 [INFO] Applying trade logic to 1 stocks.
2025-08-22 11:15:12,962 [INFO] [Trade Candidate: NSE:IDEA-EQ]
2025-08-22 11:15:24,545 [INFO] Heartbeat: Checking for trade setups at 2025-08-22 11:15:24
2025-08-22 11:15:24,546 [INFO] Applying trade logic to 1 stocks.
2025-08-22 11:15:24,547 [INFO] [Trade Candidate: NSE:IDEA-EQ]
2025-08-22 11:15:35,190 [INFO] Heartbeat: Checking for trade setups at 2025-08-22 11:15:35
2025-08-22 11:15:35,190 [INFO] Applying trade logic to 1 stocks.
2025-08-22 11:15:35,191 [INFO] [Trade Candidate: NSE:IDEA-EQ]
2025-08-22 11:15:45,932 [INFO] Heartbeat: Checking for trade setups at 2025-08-22 11:15:45
2025-08-22 11:15:45,932 [INFO] Applying trade logic to 1 stocks.
2025-08-22 11:15:45,932 [INFO] [Trade Candidate: NSE:IDEA-EQ]
2025-08-22 11:15:56,812 [INFO] Heartbeat: Checking for trade setups at 2025-08-22 11:15:56
2025-08-22 11:15:56,812 [INFO] Applying trade logic to 1 stocks.
2025-08-22 11:15:56,812 [INFO] [Trade Candidate: NSE:IDEA-EQ]
2025-08-22 11:16:07,429 [INFO] Heartbeat: Checking for trade setups at 2025-08-22 11:16:07
2025-08-22 11:16:07,431 [INFO] Applying trade logic to 1 stocks.
2025-08-22 11:16:07,431 [INFO] [Trade Candidate: NSE:IDEA-EQ]
2025-08-22 11:16:18,080 [INFO] Heartbeat: Checking for trade setups at 2025-08-22 11:16:18
2025-08-22 11:16:18,080 [INFO] Applying trade logic to 1 stocks.
2025-08-22 11:16:18,080 [INFO] [Trade Candidate: NSE:IDEA-EQ]
2025-08-22 11:16:35,612 [INFO] Heartbeat: Checking for trade setups at 2025-08-22 11:16:35
2025-08-22 11:16:35,612 [INFO] Applying trade logic to 1 stocks.
2025-08-22 11:16:35,613 [INFO] [Trade Candidate: NSE:IDEA-EQ]
2025-08-22 11:16:46,513 [INFO] Heartbeat: Checking for trade setups at 2025-08-22 11:16:46
2025-08-22 11:16:46,515 [INFO] Applying trade logic to 1 stocks.
2025-08-22 11:16:46,516 [INFO] [Trade Candidate: NSE:IDEA-EQ]
2025-08-22 11:16:57,648 [INFO] Heartbeat: Checking for trade setups at 2025-08-22 11:16:57
2025-08-22 11:16:57,648 [INFO] Applying trade logic to 1 stocks.
2025-08-22 11:16:57,648 [INFO] [Trade Candidate: NSE:IDEA-EQ]
2025-08-22 11:17:08,370 [INFO] Heartbeat: Checking for trade setups at 2025-08-22 11:17:08
2025-08-22 11:17:08,370 [INFO] Applying trade logic to 1 stocks.
2025-08-22 11:17:08,370 [INFO] [Trade Candidate: NSE:IDEA-EQ]
2025-08-22 11:17:19,023 [INFO] Heartbeat: Checking for trade setups at 2025-08-22 11:17:19
2025-08-22 11:17:19,023 [INFO] Applying trade logic to 1 stocks.
2025-08-22 11:17:19,023 [INFO] [Trade Candidate: NSE:IDEA-EQ]
2025-08-22 11:17:29,846 [INFO] Heartbeat: Checking for trade setups at 2025-08-22 11:17:29
2025-08-22 11:17:29,846 [INFO] Applying trade logic to 1 stocks.
2025-08-22 11:17:29,846 [INFO] [Trade Candidate: NSE:IDEA-EQ]
2025-08-22 11:17:40,551 [INFO] Heartbeat: Checking for trade setups at 2025-08-22 11:17:40
2025-08-22 11:17:40,551 [INFO] Applying trade logic to 1 stocks.
2025-08-22 11:17:40,551 [INFO] [Trade Candidate: NSE:IDEA-EQ]
2025-08-22 11:17:51,067 [INFO] Heartbeat: Checking for trade setups at 2025-08-22 11:17:51
2025-08-22 11:17:51,067 [INFO] Applying trade logic to 1 stocks.
2025-08-22 11:17:51,067 [INFO] [Trade Candidate: NSE:IDEA-EQ]
2025-08-22 11:18:01,815 [INFO] Heartbeat: Checking for trade setups at 2025-08-22 11:18:01
2025-08-22 11:18:01,815 [INFO] Applying trade logic to 1 stocks.
2025-08-22 11:18:01,815 [INFO] [Trade Candidate: NSE:IDEA-EQ]
2025-08-22 11:18:12,424 [INFO] Heartbeat: Checking for trade setups at 2025-08-22 11:18:12
2025-08-22 11:18:12,424 [INFO] Applying trade logic to 1 stocks.
2025-08-22 11:18:12,424 [INFO] [Trade Candidate: NSE:IDEA-EQ]
2025-08-22 11:18:22,906 [INFO] Heartbeat: Checking for trade setups at 2025-08-22 11:18:22
2025-08-22 11:18:22,906 [INFO] Applying trade logic to 1 stocks.
2025-08-22 11:18:22,906 [INFO] [Trade Candidate: NSE:IDEA-EQ]
2025-08-22 11:18:33,899 [INFO] Heartbeat: Checking for trade setups at 2025-08-22 11:18:33
2025-08-22 11:18:33,899 [INFO] Applying trade logic to 1 stocks.
2025-08-22 11:18:33,899 [INFO] [Trade Candidate: NSE:IDEA-EQ]
2025-08-22 11:18:44,628 [INFO] Heartbeat: Checking for trade setups at 2025-08-22 11:18:44
2025-08-22 11:18:44,628 [INFO] Applying trade logic to 1 stocks.
2025-08-22 11:18:44,628 [INFO] [Trade Candidate: NSE:IDEA-EQ]
2025-08-22 11:18:55,267 [INFO] Heartbeat: Checking for trade setups at 2025-08-22 11:18:55
2025-08-22 11:18:55,267 [INFO] Applying trade logic to 1 stocks.
2025-08-22 11:18:55,267 [INFO] [Trade Candidate: NSE:IDEA-EQ]
2025-08-22 11:19:05,917 [INFO] Heartbeat: Checking for trade setups at 2025-08-22 11:19:05
2025-08-22 11:19:05,917 [INFO] Applying trade logic to 1 stocks.
2025-08-22 11:19:05,917 [INFO] [Trade Candidate: NSE:IDEA-EQ]
2025-08-22 11:19:16,380 [INFO] Heartbeat: Checking for trade setups at 2025-08-22 11:19:16
2025-08-22 11:19:16,381 [INFO] Applying trade logic to 1 stocks.
2025-08-22 11:19:16,381 [INFO] [Trade Candidate: NSE:IDEA-EQ]
2025-08-22 11:19:26,971 [INFO] Heartbeat: Checking for trade setups at 2025-08-22 11:19:26
2025-08-22 11:19:26,971 [INFO] Applying trade logic to 1 stocks.
2025-08-22 11:19:26,971 [INFO] [Trade Candidate: NSE:IDEA-EQ]
2025-08-22 11:22:43,874 [INFO] Heartbeat: Checking for trade setups at 2025-08-22 11:22:43
2025-08-22 11:22:43,887 [INFO] Applying trade logic to 1 stocks.
2025-08-22 11:22:44,031 [INFO] [Trade Candidate: NSE:IDEA-EQ]
2025-08-22 16:28:37,834 [INFO] Market closed. Sleeping for 60 seconds.
2025-08-22 16:29:37,857 [INFO] Market closed. Sleeping for 60 seconds.
2025-08-22 16:30:37,897 [INFO] Market closed. Sleeping for 60 seconds.
2025-08-22 16:31:37,899 [INFO] Market closed, Exiting......
