2025-08-05 08:07:48,947 [INFO] Starting trading script...
2025-08-05 08:07:48,947 [INFO] Creating FyersModel instance with access token...
2025-08-05 08:07:48,948 [INFO] Authenticated Fyers instance created.
2025-08-05 08:07:48,948 [INFO] Authenticated Fyers instance created.
2025-08-05 08:07:48,948 [INFO] Loading filtered stocks from filtered_stocks.json...
2025-08-05 08:07:48,961 [INFO] Loaded 8 stocks.
2025-08-05 08:07:48,962 [INFO] Stocks to be traded: NSE:INDGN-EQ, NSE:ATGL-EQ, NSE:CHALET-EQ, NSE:IKS-EQ, NSE:CHAMBLFERT-EQ, NSE:GVT&D-EQ, NSE:JSWENERGY-EQ, NSE:NETWEB-EQ
2025-08-05 08:07:48,962 [INFO] Entering monitoring loop...
2025-08-05 08:07:48,962 [INFO] Market closed. Sleeping for 60 seconds.
2025-08-05 09:23:30,521 [INFO] Starting trading script...
2025-08-05 09:23:30,521 [INFO] Creating FyersModel instance with access token...
2025-08-05 09:23:30,521 [INFO] Authenticated Fyers instance created.
2025-08-05 09:23:30,521 [INFO] Authenticated Fyers instance created.
2025-08-05 09:23:30,524 [INFO] Fetching index symbols and running filtering stages...
2025-08-05 09:23:30,525 [INFO] WebSocket for gap-up stocks started.
2025-08-05 09:23:31,171 [INFO] Loaded symbols from Stock_list.xlsx.
2025-08-05 09:23:43,199 [INFO] Error in filtering stocks: [Errno 2] No such file or directory: 'GapUp_stocks.json'
2025-08-05 10:12:13,880 [INFO] Starting trading script...
2025-08-05 10:12:13,880 [INFO] Creating FyersModel instance with access token...
2025-08-05 10:12:13,880 [INFO] Authenticated Fyers instance created.
2025-08-05 10:12:13,880 [INFO] Authenticated Fyers instance created.
2025-08-05 10:12:13,882 [INFO] Fetching index symbols and running filtering stages...
2025-08-05 10:12:13,882 [INFO] WebSocket for gap-up stocks started.
2025-08-05 10:12:14,260 [INFO] Loaded symbols from Stock_list.xlsx.
2025-08-05 10:12:15,644 [INFO] Websocket connected
2025-08-05 10:12:35,651 [INFO] Error in filtering stocks: [Errno 2] No such file or directory: 'GapUp_stocks.json'
2025-08-05 20:25:29,757 [INFO] Starting trading script...
2025-08-05 20:25:29,759 [INFO] Creating FyersModel instance with access token...
2025-08-05 20:25:29,761 [INFO] Authenticated Fyers instance created.
2025-08-05 20:25:29,762 [INFO] Authenticated Fyers instance created.
2025-08-05 20:25:29,762 [INFO] Fetching index symbols and running filtering stages...
2025-08-05 20:25:29,762 [INFO] WebSocket for gap-up stocks started.
2025-08-05 20:25:30,182 [INFO] Loaded symbols from Stock_list.xlsx.
2025-08-05 20:25:34,491 [INFO] Websocket connected
2025-08-05 20:25:54,494 [INFO] Error in filtering stocks: [Errno 2] No such file or directory: 'GapUp_stocks.json'
2025-08-05 21:02:46,144 [INFO] Starting trading script...
2025-08-05 21:02:46,144 [INFO] Creating FyersModel instance with access token...
2025-08-05 21:02:46,145 [INFO] Authenticated Fyers instance created.
2025-08-05 21:02:46,145 [INFO] Authenticated Fyers instance created.
2025-08-05 21:02:46,145 [INFO] Fetching index symbols and running filtering stages...
2025-08-05 21:02:46,148 [INFO] Starting WebSocket to fetch gap-up stocks...
2025-08-05 21:02:46,616 [INFO] Loaded symbols from Stock_list.xlsx.
2025-08-05 21:02:47,289 [INFO] Websocket connected
2025-08-05 21:02:48,620 [INFO] WebSocket connection opened. Subscribing to data...
2025-08-05 21:03:07,329 [INFO] Gap-up stocks saved to gapup_data.csv with 2 entries.
2025-08-05 21:03:07,357 [INFO] Gap-up stocks loaded: 2
2025-08-05 21:03:08,046 [INFO] Symbol              Gap Up %    Avg Volume  Status
2025-08-05 21:03:08,049 [INFO] Included NSE:COHANCE-EQ | Volume: 269299
2025-08-05 21:03:08,049 [INFO] Included NSE:GODFRYPHLP-EQ | Volume: 211890
2025-08-05 21:03:08,054 [INFO] Final filtered stocks after volume check: 2
2025-08-05 21:03:08,058 [INFO] Stocks to be traded: NSE:COHANCE-EQ, NSE:GODFRYPHLP-EQ
2025-08-05 21:03:08,059 [INFO] Filtered stocks saved to filtered_stocks.json.
2025-08-05 21:03:08,060 [INFO] Entering monitoring loop...
2025-08-05 21:03:08,060 [INFO] Checking for trade setups...
2025-08-05 21:03:08,060 [INFO] Applying trade logic to 2 stocks.
2025-08-05 21:03:08,063 [INFO] [Trade Candidate: NSE:COHANCE-EQ]
2025-08-05 21:03:09,628 [INFO] Skipping signal from previous day: 2025-08-04 13:15
2025-08-05 21:03:09,628 [INFO] Executing trade for NSE:COHANCE-EQ: {'timestamp': '2025-08-05 13:05', 'action': 'SELL', 'entry_price': 955.25, 'stop_loss': 956.9, 'target': 950.3000000000001}
2025-08-05 21:03:09,629 [INFO] [TRADE] NSE:COHANCE-EQ - Entry: 955.25, SL: 956.90, Target: 950.30
2025-08-05 21:03:09,631 [INFO] Trade for NSE:COHANCE-EQ at 2025-08-05 13:05 is outside the trading window. as current time is 21:03:09.630132 hence Skipping.
2025-08-05 21:03:09,631 [INFO] Executing trade for NSE:COHANCE-EQ: {'timestamp': '2025-08-05 15:10', 'action': 'SELL', 'entry_price': 961.4, 'stop_loss': 962.8, 'target': 957.2}
2025-08-05 21:03:09,631 [INFO] [TRADE] NSE:COHANCE-EQ - Entry: 961.40, SL: 962.80, Target: 957.20
2025-08-05 21:03:09,633 [INFO] Trade for NSE:COHANCE-EQ at 2025-08-05 15:10 is outside the trading window. as current time is 21:03:09.633483 hence Skipping.
2025-08-05 21:03:09,634 [INFO] Skipping already traded signal: ('NSE:COHANCE-EQ', '2025-08-05 13:05')
2025-08-05 21:03:09,635 [INFO] Skipping duplicate trade for NSE:COHANCE-EQ at 2025-08-05 13:05
2025-08-05 21:03:09,635 [INFO] Skipping already traded signal: ('NSE:COHANCE-EQ', '2025-08-05 15:10')
2025-08-05 21:03:09,635 [INFO] Skipping duplicate trade for NSE:COHANCE-EQ at 2025-08-05 15:10
2025-08-05 21:03:09,635 [INFO] [Trade Candidate: NSE:GODFRYPHLP-EQ]
2025-08-05 21:03:10,125 [INFO] Skipping signal from previous day: 2025-08-04 13:05
2025-08-05 21:03:10,125 [INFO] Skipping signal from previous day: 2025-08-04 13:10
2025-08-05 21:03:10,125 [INFO] Executing trade for NSE:GODFRYPHLP-EQ: {'timestamp': '2025-08-05 09:30', 'action': 'SELL', 'entry_price': 9770, 'stop_loss': 9881, 'target': 9437}
2025-08-05 21:03:10,125 [INFO] [TRADE] NSE:GODFRYPHLP-EQ - Entry: 9770.00, SL: 9881.00, Target: 9437.00
2025-08-05 21:03:10,125 [INFO] Trade for NSE:GODFRYPHLP-EQ at 2025-08-05 09:30 is outside the trading window. as current time is 21:03:10.125375 hence Skipping.
2025-08-05 21:03:10,125 [INFO] Executing trade for NSE:GODFRYPHLP-EQ: {'timestamp': '2025-08-05 09:45', 'action': 'SELL', 'entry_price': 9806, 'stop_loss': 9844.5, 'target': 9690.5}
2025-08-05 21:03:10,125 [INFO] [TRADE] NSE:GODFRYPHLP-EQ - Entry: 9806.00, SL: 9844.50, Target: 9690.50
2025-08-05 21:03:10,125 [INFO] Trade for NSE:GODFRYPHLP-EQ at 2025-08-05 09:45 is outside the trading window. as current time is 21:03:10.125375 hence Skipping.
2025-08-05 21:03:10,135 [INFO] Executing trade for NSE:GODFRYPHLP-EQ: {'timestamp': '2025-08-05 13:40', 'action': 'SELL', 'entry_price': 9881.5, 'stop_loss': 9881.5, 'target': 9881.5}
2025-08-05 21:03:10,135 [INFO] [TRADE] NSE:GODFRYPHLP-EQ - Entry: 9881.50, SL: 9881.50, Target: 9881.50
2025-08-05 21:03:10,135 [INFO] Trade for NSE:GODFRYPHLP-EQ at 2025-08-05 13:40 is outside the trading window. as current time is 21:03:10.135555 hence Skipping.
2025-08-05 21:03:10,135 [INFO] Executing trade for NSE:GODFRYPHLP-EQ: {'timestamp': '2025-08-05 09:15', 'action': 'SELL', 'entry_price': 9868, 'stop_loss': 9881.5, 'target': 9827.5}
2025-08-05 21:03:10,138 [INFO] [TRADE] NSE:GODFRYPHLP-EQ - Entry: 9868.00, SL: 9881.50, Target: 9827.50
2025-08-05 21:03:10,139 [INFO] Trade for NSE:GODFRYPHLP-EQ at 2025-08-05 09:15 is outside the trading window. as current time is 21:03:10.139176 hence Skipping.
2025-08-05 21:03:10,139 [INFO] Skipping already traded signal: ('NSE:GODFRYPHLP-EQ', '2025-08-05 09:30')
2025-08-05 21:03:10,139 [INFO] Skipping duplicate trade for NSE:GODFRYPHLP-EQ at 2025-08-05 09:30
2025-08-05 21:03:10,141 [INFO] Skipping already traded signal: ('NSE:GODFRYPHLP-EQ', '2025-08-05 09:45')
2025-08-05 21:03:10,143 [INFO] Skipping duplicate trade for NSE:GODFRYPHLP-EQ at 2025-08-05 09:45
2025-08-05 21:03:10,143 [INFO] Skipping already traded signal: ('NSE:GODFRYPHLP-EQ', '2025-08-05 13:40')
2025-08-05 21:03:10,144 [INFO] Skipping duplicate trade for NSE:GODFRYPHLP-EQ at 2025-08-05 13:40
2025-08-05 21:03:20,146 [INFO] Checking for trade setups...
2025-08-05 21:03:20,146 [INFO] Applying trade logic to 2 stocks.
2025-08-05 21:03:20,146 [INFO] [Trade Candidate: NSE:COHANCE-EQ]
2025-08-05 21:03:20,760 [INFO] Skipping signal from previous day: 2025-08-04 13:15
2025-08-05 21:03:20,760 [INFO] Skipping already traded signal: ('NSE:COHANCE-EQ', '2025-08-05 13:05')
2025-08-05 21:03:20,760 [INFO] Skipping duplicate trade for NSE:COHANCE-EQ at 2025-08-05 13:05
2025-08-05 21:03:20,761 [INFO] Skipping already traded signal: ('NSE:COHANCE-EQ', '2025-08-05 15:10')
2025-08-05 21:03:20,761 [INFO] Skipping duplicate trade for NSE:COHANCE-EQ at 2025-08-05 15:10
2025-08-05 21:03:20,763 [INFO] Skipping already traded signal: ('NSE:COHANCE-EQ', '2025-08-05 13:05')
2025-08-05 21:03:20,763 [INFO] Skipping duplicate trade for NSE:COHANCE-EQ at 2025-08-05 13:05
2025-08-05 21:03:20,763 [INFO] Skipping already traded signal: ('NSE:COHANCE-EQ', '2025-08-05 15:10')
2025-08-05 21:03:20,763 [INFO] Skipping duplicate trade for NSE:COHANCE-EQ at 2025-08-05 15:10
2025-08-05 21:03:20,763 [INFO] [Trade Candidate: NSE:GODFRYPHLP-EQ]
2025-08-05 21:03:21,367 [INFO] Skipping signal from previous day: 2025-08-04 13:05
2025-08-05 21:03:21,367 [INFO] Skipping signal from previous day: 2025-08-04 13:10
2025-08-05 21:03:21,367 [INFO] Skipping already traded signal: ('NSE:GODFRYPHLP-EQ', '2025-08-05 09:30')
2025-08-05 21:03:21,367 [INFO] Skipping duplicate trade for NSE:GODFRYPHLP-EQ at 2025-08-05 09:30
2025-08-05 21:03:21,367 [INFO] Skipping already traded signal: ('NSE:GODFRYPHLP-EQ', '2025-08-05 09:45')
2025-08-05 21:03:21,370 [INFO] Skipping duplicate trade for NSE:GODFRYPHLP-EQ at 2025-08-05 09:45
2025-08-05 21:03:21,370 [INFO] Skipping already traded signal: ('NSE:GODFRYPHLP-EQ', '2025-08-05 13:40')
2025-08-05 21:03:21,371 [INFO] Skipping duplicate trade for NSE:GODFRYPHLP-EQ at 2025-08-05 13:40
2025-08-05 21:03:21,371 [INFO] Skipping already traded signal: ('NSE:GODFRYPHLP-EQ', '2025-08-05 09:15')
2025-08-05 21:03:21,371 [INFO] Skipping duplicate trade for NSE:GODFRYPHLP-EQ at 2025-08-05 09:15
2025-08-05 21:03:21,372 [INFO] Skipping already traded signal: ('NSE:GODFRYPHLP-EQ', '2025-08-05 09:30')
2025-08-05 21:03:21,372 [INFO] Skipping duplicate trade for NSE:GODFRYPHLP-EQ at 2025-08-05 09:30
2025-08-05 21:03:21,372 [INFO] Skipping already traded signal: ('NSE:GODFRYPHLP-EQ', '2025-08-05 09:45')
2025-08-05 21:03:21,373 [INFO] Skipping duplicate trade for NSE:GODFRYPHLP-EQ at 2025-08-05 09:45
2025-08-05 21:03:21,375 [INFO] Skipping already traded signal: ('NSE:GODFRYPHLP-EQ', '2025-08-05 13:40')
2025-08-05 21:03:21,375 [INFO] Skipping duplicate trade for NSE:GODFRYPHLP-EQ at 2025-08-05 13:40
2025-08-05 21:03:31,377 [INFO] Checking for trade setups...
2025-08-05 21:03:31,377 [INFO] Applying trade logic to 2 stocks.
2025-08-05 21:03:31,377 [INFO] [Trade Candidate: NSE:COHANCE-EQ]
2025-08-05 21:03:31,930 [INFO] Skipping signal from previous day: 2025-08-04 13:15
2025-08-05 21:03:31,932 [INFO] Skipping already traded signal: ('NSE:COHANCE-EQ', '2025-08-05 13:05')
2025-08-05 21:03:31,932 [INFO] Skipping duplicate trade for NSE:COHANCE-EQ at 2025-08-05 13:05
2025-08-05 21:03:31,933 [INFO] Skipping already traded signal: ('NSE:COHANCE-EQ', '2025-08-05 15:10')
2025-08-05 21:03:31,934 [INFO] Skipping duplicate trade for NSE:COHANCE-EQ at 2025-08-05 15:10
2025-08-05 21:03:31,934 [INFO] Skipping already traded signal: ('NSE:COHANCE-EQ', '2025-08-05 13:05')
2025-08-05 21:03:31,934 [INFO] Skipping duplicate trade for NSE:COHANCE-EQ at 2025-08-05 13:05
2025-08-05 21:03:31,937 [INFO] Skipping already traded signal: ('NSE:COHANCE-EQ', '2025-08-05 15:10')
2025-08-05 21:03:31,937 [INFO] Skipping duplicate trade for NSE:COHANCE-EQ at 2025-08-05 15:10
2025-08-05 21:03:31,937 [INFO] [Trade Candidate: NSE:GODFRYPHLP-EQ]
2025-08-05 21:03:32,534 [INFO] Skipping signal from previous day: 2025-08-04 13:05
2025-08-05 21:03:32,534 [INFO] Skipping signal from previous day: 2025-08-04 13:10
2025-08-05 21:03:32,534 [INFO] Skipping already traded signal: ('NSE:GODFRYPHLP-EQ', '2025-08-05 09:30')
2025-08-05 21:03:32,534 [INFO] Skipping duplicate trade for NSE:GODFRYPHLP-EQ at 2025-08-05 09:30
2025-08-05 21:03:32,538 [INFO] Skipping already traded signal: ('NSE:GODFRYPHLP-EQ', '2025-08-05 09:45')
2025-08-05 21:03:32,538 [INFO] Skipping duplicate trade for NSE:GODFRYPHLP-EQ at 2025-08-05 09:45
2025-08-05 21:03:32,540 [INFO] Skipping already traded signal: ('NSE:GODFRYPHLP-EQ', '2025-08-05 13:40')
2025-08-05 21:03:32,541 [INFO] Skipping duplicate trade for NSE:GODFRYPHLP-EQ at 2025-08-05 13:40
2025-08-05 21:03:32,541 [INFO] Skipping already traded signal: ('NSE:GODFRYPHLP-EQ', '2025-08-05 09:15')
2025-08-05 21:03:32,542 [INFO] Skipping duplicate trade for NSE:GODFRYPHLP-EQ at 2025-08-05 09:15
2025-08-05 21:03:32,542 [INFO] Skipping already traded signal: ('NSE:GODFRYPHLP-EQ', '2025-08-05 09:30')
2025-08-05 21:03:32,543 [INFO] Skipping duplicate trade for NSE:GODFRYPHLP-EQ at 2025-08-05 09:30
2025-08-05 21:03:32,544 [INFO] Skipping already traded signal: ('NSE:GODFRYPHLP-EQ', '2025-08-05 09:45')
2025-08-05 21:03:32,544 [INFO] Skipping duplicate trade for NSE:GODFRYPHLP-EQ at 2025-08-05 09:45
2025-08-05 21:03:32,544 [INFO] Skipping already traded signal: ('NSE:GODFRYPHLP-EQ', '2025-08-05 13:40')
2025-08-05 21:03:32,544 [INFO] Skipping duplicate trade for NSE:GODFRYPHLP-EQ at 2025-08-05 13:40
2025-08-05 21:03:42,548 [INFO] Checking for trade setups...
2025-08-05 21:03:42,548 [INFO] Applying trade logic to 2 stocks.
2025-08-05 21:03:42,548 [INFO] [Trade Candidate: NSE:COHANCE-EQ]
2025-08-05 21:03:43,015 [INFO] Skipping signal from previous day: 2025-08-04 13:15
2025-08-05 21:03:43,031 [INFO] Skipping already traded signal: ('NSE:COHANCE-EQ', '2025-08-05 13:05')
2025-08-05 21:03:43,031 [INFO] Skipping duplicate trade for NSE:COHANCE-EQ at 2025-08-05 13:05
2025-08-05 21:03:43,031 [INFO] Skipping already traded signal: ('NSE:COHANCE-EQ', '2025-08-05 15:10')
2025-08-05 21:03:43,031 [INFO] Skipping duplicate trade for NSE:COHANCE-EQ at 2025-08-05 15:10
2025-08-05 21:03:43,031 [INFO] Skipping already traded signal: ('NSE:COHANCE-EQ', '2025-08-05 13:05')
2025-08-05 21:03:43,031 [INFO] Skipping duplicate trade for NSE:COHANCE-EQ at 2025-08-05 13:05
2025-08-05 21:03:43,031 [INFO] Skipping already traded signal: ('NSE:COHANCE-EQ', '2025-08-05 15:10')
2025-08-05 21:03:43,046 [INFO] Skipping duplicate trade for NSE:COHANCE-EQ at 2025-08-05 15:10
2025-08-05 21:03:43,046 [INFO] [Trade Candidate: NSE:GODFRYPHLP-EQ]
2025-08-05 21:03:43,559 [INFO] Skipping signal from previous day: 2025-08-04 13:05
2025-08-05 21:03:43,559 [INFO] Skipping signal from previous day: 2025-08-04 13:10
2025-08-05 21:03:43,559 [INFO] Skipping already traded signal: ('NSE:GODFRYPHLP-EQ', '2025-08-05 09:30')
2025-08-05 21:03:43,559 [INFO] Skipping duplicate trade for NSE:GODFRYPHLP-EQ at 2025-08-05 09:30
2025-08-05 21:03:43,559 [INFO] Skipping already traded signal: ('NSE:GODFRYPHLP-EQ', '2025-08-05 09:45')
2025-08-05 21:03:43,559 [INFO] Skipping duplicate trade for NSE:GODFRYPHLP-EQ at 2025-08-05 09:45
2025-08-05 21:03:43,559 [INFO] Skipping already traded signal: ('NSE:GODFRYPHLP-EQ', '2025-08-05 13:40')
2025-08-05 21:03:43,567 [INFO] Skipping duplicate trade for NSE:GODFRYPHLP-EQ at 2025-08-05 13:40
2025-08-05 21:03:43,567 [INFO] Skipping already traded signal: ('NSE:GODFRYPHLP-EQ', '2025-08-05 09:15')
2025-08-05 21:03:43,578 [INFO] Skipping duplicate trade for NSE:GODFRYPHLP-EQ at 2025-08-05 09:15
2025-08-05 21:03:43,578 [INFO] Skipping already traded signal: ('NSE:GODFRYPHLP-EQ', '2025-08-05 09:30')
2025-08-05 21:03:43,578 [INFO] Skipping duplicate trade for NSE:GODFRYPHLP-EQ at 2025-08-05 09:30
2025-08-05 21:03:43,578 [INFO] Skipping already traded signal: ('NSE:GODFRYPHLP-EQ', '2025-08-05 09:45')
2025-08-05 21:03:43,578 [INFO] Skipping duplicate trade for NSE:GODFRYPHLP-EQ at 2025-08-05 09:45
2025-08-05 21:03:43,578 [INFO] Skipping already traded signal: ('NSE:GODFRYPHLP-EQ', '2025-08-05 13:40')
2025-08-05 21:03:43,583 [INFO] Skipping duplicate trade for NSE:GODFRYPHLP-EQ at 2025-08-05 13:40
2025-08-05 21:03:53,585 [INFO] Checking for trade setups...
2025-08-05 21:03:53,585 [INFO] Applying trade logic to 2 stocks.
2025-08-05 21:03:53,586 [INFO] [Trade Candidate: NSE:COHANCE-EQ]
2025-08-05 21:03:54,337 [INFO] Skipping signal from previous day: 2025-08-04 13:15
2025-08-05 21:03:54,345 [INFO] Skipping already traded signal: ('NSE:COHANCE-EQ', '2025-08-05 13:05')
2025-08-05 21:03:54,345 [INFO] Skipping duplicate trade for NSE:COHANCE-EQ at 2025-08-05 13:05
2025-08-05 21:03:54,345 [INFO] Skipping already traded signal: ('NSE:COHANCE-EQ', '2025-08-05 15:10')
2025-08-05 21:03:54,345 [INFO] Skipping duplicate trade for NSE:COHANCE-EQ at 2025-08-05 15:10
2025-08-05 21:03:54,345 [INFO] Skipping already traded signal: ('NSE:COHANCE-EQ', '2025-08-05 13:05')
2025-08-05 21:03:54,345 [INFO] Skipping duplicate trade for NSE:COHANCE-EQ at 2025-08-05 13:05
2025-08-05 21:03:54,345 [INFO] Skipping already traded signal: ('NSE:COHANCE-EQ', '2025-08-05 15:10')
2025-08-05 21:03:54,345 [INFO] Skipping duplicate trade for NSE:COHANCE-EQ at 2025-08-05 15:10
2025-08-05 21:03:54,345 [INFO] [Trade Candidate: NSE:GODFRYPHLP-EQ]
2025-08-05 21:03:55,150 [INFO] Skipping signal from previous day: 2025-08-04 13:05
2025-08-05 21:03:55,150 [INFO] Skipping signal from previous day: 2025-08-04 13:10
2025-08-05 21:03:55,150 [INFO] Skipping already traded signal: ('NSE:GODFRYPHLP-EQ', '2025-08-05 09:30')
2025-08-05 21:03:55,150 [INFO] Skipping duplicate trade for NSE:GODFRYPHLP-EQ at 2025-08-05 09:30
2025-08-05 21:03:55,150 [INFO] Skipping already traded signal: ('NSE:GODFRYPHLP-EQ', '2025-08-05 09:45')
2025-08-05 21:03:55,150 [INFO] Skipping duplicate trade for NSE:GODFRYPHLP-EQ at 2025-08-05 09:45
2025-08-05 21:03:55,150 [INFO] Skipping already traded signal: ('NSE:GODFRYPHLP-EQ', '2025-08-05 13:40')
2025-08-05 21:03:55,150 [INFO] Skipping duplicate trade for NSE:GODFRYPHLP-EQ at 2025-08-05 13:40
2025-08-05 21:03:55,150 [INFO] Skipping already traded signal: ('NSE:GODFRYPHLP-EQ', '2025-08-05 09:15')
2025-08-05 21:03:55,150 [INFO] Skipping duplicate trade for NSE:GODFRYPHLP-EQ at 2025-08-05 09:15
2025-08-05 21:03:55,150 [INFO] Skipping already traded signal: ('NSE:GODFRYPHLP-EQ', '2025-08-05 09:30')
2025-08-05 21:03:55,150 [INFO] Skipping duplicate trade for NSE:GODFRYPHLP-EQ at 2025-08-05 09:30
2025-08-05 21:03:55,150 [INFO] Skipping already traded signal: ('NSE:GODFRYPHLP-EQ', '2025-08-05 09:45')
2025-08-05 21:03:55,166 [INFO] Skipping duplicate trade for NSE:GODFRYPHLP-EQ at 2025-08-05 09:45
2025-08-05 21:03:55,166 [INFO] Skipping already traded signal: ('NSE:GODFRYPHLP-EQ', '2025-08-05 13:40')
2025-08-05 21:03:55,166 [INFO] Skipping duplicate trade for NSE:GODFRYPHLP-EQ at 2025-08-05 13:40
2025-08-05 21:04:05,174 [INFO] Checking for trade setups...
2025-08-05 21:04:05,174 [INFO] Applying trade logic to 2 stocks.
2025-08-05 21:04:05,174 [INFO] [Trade Candidate: NSE:COHANCE-EQ]
2025-08-05 21:04:05,821 [INFO] Skipping signal from previous day: 2025-08-04 13:15
2025-08-05 21:04:05,821 [INFO] Skipping already traded signal: ('NSE:COHANCE-EQ', '2025-08-05 13:05')
2025-08-05 21:04:05,821 [INFO] Skipping duplicate trade for NSE:COHANCE-EQ at 2025-08-05 13:05
2025-08-05 21:04:05,831 [INFO] Skipping already traded signal: ('NSE:COHANCE-EQ', '2025-08-05 15:10')
2025-08-05 21:04:05,831 [INFO] Skipping duplicate trade for NSE:COHANCE-EQ at 2025-08-05 15:10
2025-08-05 21:04:05,831 [INFO] Skipping already traded signal: ('NSE:COHANCE-EQ', '2025-08-05 13:05')
2025-08-05 21:04:05,831 [INFO] Skipping duplicate trade for NSE:COHANCE-EQ at 2025-08-05 13:05
2025-08-05 21:04:05,831 [INFO] Skipping already traded signal: ('NSE:COHANCE-EQ', '2025-08-05 15:10')
2025-08-05 21:04:05,831 [INFO] Skipping duplicate trade for NSE:COHANCE-EQ at 2025-08-05 15:10
2025-08-05 21:04:05,835 [INFO] [Trade Candidate: NSE:GODFRYPHLP-EQ]
2025-08-05 21:04:06,658 [INFO] Skipping signal from previous day: 2025-08-04 13:05
2025-08-05 21:04:06,658 [INFO] Skipping signal from previous day: 2025-08-04 13:10
2025-08-05 21:04:06,658 [INFO] Skipping already traded signal: ('NSE:GODFRYPHLP-EQ', '2025-08-05 09:30')
2025-08-05 21:04:06,658 [INFO] Skipping duplicate trade for NSE:GODFRYPHLP-EQ at 2025-08-05 09:30
2025-08-05 21:04:06,669 [INFO] Skipping already traded signal: ('NSE:GODFRYPHLP-EQ', '2025-08-05 09:45')
2025-08-05 21:04:06,669 [INFO] Skipping duplicate trade for NSE:GODFRYPHLP-EQ at 2025-08-05 09:45
2025-08-05 21:04:06,669 [INFO] Skipping already traded signal: ('NSE:GODFRYPHLP-EQ', '2025-08-05 13:40')
2025-08-05 21:04:06,669 [INFO] Skipping duplicate trade for NSE:GODFRYPHLP-EQ at 2025-08-05 13:40
2025-08-05 21:04:06,670 [INFO] Skipping already traded signal: ('NSE:GODFRYPHLP-EQ', '2025-08-05 09:15')
2025-08-05 21:04:06,670 [INFO] Skipping duplicate trade for NSE:GODFRYPHLP-EQ at 2025-08-05 09:15
2025-08-05 21:04:06,670 [INFO] Skipping already traded signal: ('NSE:GODFRYPHLP-EQ', '2025-08-05 09:30')
2025-08-05 21:04:06,670 [INFO] Skipping duplicate trade for NSE:GODFRYPHLP-EQ at 2025-08-05 09:30
2025-08-05 21:04:06,672 [INFO] Skipping already traded signal: ('NSE:GODFRYPHLP-EQ', '2025-08-05 09:45')
2025-08-05 21:04:06,672 [INFO] Skipping duplicate trade for NSE:GODFRYPHLP-EQ at 2025-08-05 09:45
2025-08-05 21:04:06,673 [INFO] Skipping already traded signal: ('NSE:GODFRYPHLP-EQ', '2025-08-05 13:40')
2025-08-05 21:04:06,673 [INFO] Skipping duplicate trade for NSE:GODFRYPHLP-EQ at 2025-08-05 13:40
2025-08-05 21:04:16,675 [INFO] Checking for trade setups...
2025-08-05 21:04:16,675 [INFO] Applying trade logic to 2 stocks.
2025-08-05 21:04:16,675 [INFO] [Trade Candidate: NSE:COHANCE-EQ]
2025-08-05 21:04:17,206 [INFO] Skipping signal from previous day: 2025-08-04 13:15
2025-08-05 21:04:17,206 [INFO] Skipping already traded signal: ('NSE:COHANCE-EQ', '2025-08-05 13:05')
2025-08-05 21:04:17,206 [INFO] Skipping duplicate trade for NSE:COHANCE-EQ at 2025-08-05 13:05
2025-08-05 21:04:17,206 [INFO] Skipping already traded signal: ('NSE:COHANCE-EQ', '2025-08-05 15:10')
2025-08-05 21:04:17,206 [INFO] Skipping duplicate trade for NSE:COHANCE-EQ at 2025-08-05 15:10
2025-08-05 21:04:17,206 [INFO] Skipping already traded signal: ('NSE:COHANCE-EQ', '2025-08-05 13:05')
2025-08-05 21:04:17,206 [INFO] Skipping duplicate trade for NSE:COHANCE-EQ at 2025-08-05 13:05
2025-08-05 21:04:17,206 [INFO] Skipping already traded signal: ('NSE:COHANCE-EQ', '2025-08-05 15:10')
2025-08-05 21:04:17,206 [INFO] Skipping duplicate trade for NSE:COHANCE-EQ at 2025-08-05 15:10
2025-08-05 21:04:17,206 [INFO] [Trade Candidate: NSE:GODFRYPHLP-EQ]
2025-08-05 21:04:17,836 [INFO] Skipping signal from previous day: 2025-08-04 13:05
2025-08-05 21:04:17,836 [INFO] Skipping signal from previous day: 2025-08-04 13:10
2025-08-05 21:04:17,836 [INFO] Skipping already traded signal: ('NSE:GODFRYPHLP-EQ', '2025-08-05 09:30')
2025-08-05 21:04:17,842 [INFO] Skipping duplicate trade for NSE:GODFRYPHLP-EQ at 2025-08-05 09:30
2025-08-05 21:04:17,842 [INFO] Skipping already traded signal: ('NSE:GODFRYPHLP-EQ', '2025-08-05 09:45')
2025-08-05 21:04:17,842 [INFO] Skipping duplicate trade for NSE:GODFRYPHLP-EQ at 2025-08-05 09:45
2025-08-05 21:04:17,842 [INFO] Skipping already traded signal: ('NSE:GODFRYPHLP-EQ', '2025-08-05 13:40')
2025-08-05 21:04:17,842 [INFO] Skipping duplicate trade for NSE:GODFRYPHLP-EQ at 2025-08-05 13:40
2025-08-05 21:04:17,846 [INFO] Skipping already traded signal: ('NSE:GODFRYPHLP-EQ', '2025-08-05 09:15')
2025-08-05 21:04:17,848 [INFO] Skipping duplicate trade for NSE:GODFRYPHLP-EQ at 2025-08-05 09:15
2025-08-05 21:04:17,850 [INFO] Skipping already traded signal: ('NSE:GODFRYPHLP-EQ', '2025-08-05 09:30')
2025-08-05 21:04:17,850 [INFO] Skipping duplicate trade for NSE:GODFRYPHLP-EQ at 2025-08-05 09:30
2025-08-05 21:04:17,853 [INFO] Skipping already traded signal: ('NSE:GODFRYPHLP-EQ', '2025-08-05 09:45')
2025-08-05 21:04:17,853 [INFO] Skipping duplicate trade for NSE:GODFRYPHLP-EQ at 2025-08-05 09:45
2025-08-05 21:04:17,854 [INFO] Skipping already traded signal: ('NSE:GODFRYPHLP-EQ', '2025-08-05 13:40')
2025-08-05 21:04:17,854 [INFO] Skipping duplicate trade for NSE:GODFRYPHLP-EQ at 2025-08-05 13:40
2025-08-05 21:04:27,856 [INFO] Checking for trade setups...
2025-08-05 21:04:27,856 [INFO] Applying trade logic to 2 stocks.
2025-08-05 21:04:27,856 [INFO] [Trade Candidate: NSE:COHANCE-EQ]
2025-08-05 21:04:28,386 [INFO] Skipping signal from previous day: 2025-08-04 13:15
2025-08-05 21:04:28,386 [INFO] Skipping already traded signal: ('NSE:COHANCE-EQ', '2025-08-05 13:05')
2025-08-05 21:04:28,388 [INFO] Skipping duplicate trade for NSE:COHANCE-EQ at 2025-08-05 13:05
2025-08-05 21:04:28,388 [INFO] Skipping already traded signal: ('NSE:COHANCE-EQ', '2025-08-05 15:10')
2025-08-05 21:04:28,388 [INFO] Skipping duplicate trade for NSE:COHANCE-EQ at 2025-08-05 15:10
2025-08-05 21:04:28,388 [INFO] Skipping already traded signal: ('NSE:COHANCE-EQ', '2025-08-05 13:05')
2025-08-05 21:04:28,388 [INFO] Skipping duplicate trade for NSE:COHANCE-EQ at 2025-08-05 13:05
2025-08-05 21:04:28,390 [INFO] Skipping already traded signal: ('NSE:COHANCE-EQ', '2025-08-05 15:10')
2025-08-05 21:04:28,390 [INFO] Skipping duplicate trade for NSE:COHANCE-EQ at 2025-08-05 15:10
2025-08-05 21:04:28,390 [INFO] [Trade Candidate: NSE:GODFRYPHLP-EQ]
2025-08-05 21:04:28,935 [INFO] Skipping signal from previous day: 2025-08-04 13:05
2025-08-05 21:04:28,936 [INFO] Skipping signal from previous day: 2025-08-04 13:10
2025-08-05 21:04:28,936 [INFO] Skipping already traded signal: ('NSE:GODFRYPHLP-EQ', '2025-08-05 09:30')
2025-08-05 21:04:28,938 [INFO] Skipping duplicate trade for NSE:GODFRYPHLP-EQ at 2025-08-05 09:30
2025-08-05 21:04:28,938 [INFO] Skipping already traded signal: ('NSE:GODFRYPHLP-EQ', '2025-08-05 09:45')
2025-08-05 21:04:28,938 [INFO] Skipping duplicate trade for NSE:GODFRYPHLP-EQ at 2025-08-05 09:45
2025-08-05 21:04:28,938 [INFO] Skipping already traded signal: ('NSE:GODFRYPHLP-EQ', '2025-08-05 13:40')
2025-08-05 21:04:28,940 [INFO] Skipping duplicate trade for NSE:GODFRYPHLP-EQ at 2025-08-05 13:40
2025-08-05 21:04:28,940 [INFO] Skipping already traded signal: ('NSE:GODFRYPHLP-EQ', '2025-08-05 09:15')
2025-08-05 21:04:28,942 [INFO] Skipping duplicate trade for NSE:GODFRYPHLP-EQ at 2025-08-05 09:15
2025-08-05 21:04:28,942 [INFO] Skipping already traded signal: ('NSE:GODFRYPHLP-EQ', '2025-08-05 09:30')
2025-08-05 21:04:28,944 [INFO] Skipping duplicate trade for NSE:GODFRYPHLP-EQ at 2025-08-05 09:30
2025-08-05 21:04:28,944 [INFO] Skipping already traded signal: ('NSE:GODFRYPHLP-EQ', '2025-08-05 09:45')
2025-08-05 21:04:28,944 [INFO] Skipping duplicate trade for NSE:GODFRYPHLP-EQ at 2025-08-05 09:45
2025-08-05 21:04:28,946 [INFO] Skipping already traded signal: ('NSE:GODFRYPHLP-EQ', '2025-08-05 13:40')
2025-08-05 21:04:28,946 [INFO] Skipping duplicate trade for NSE:GODFRYPHLP-EQ at 2025-08-05 13:40
2025-08-05 21:04:38,948 [INFO] Checking for trade setups...
2025-08-05 21:04:38,948 [INFO] Applying trade logic to 2 stocks.
2025-08-05 21:04:38,948 [INFO] [Trade Candidate: NSE:COHANCE-EQ]
2025-08-05 21:04:39,499 [INFO] Skipping signal from previous day: 2025-08-04 13:15
2025-08-05 21:04:39,499 [INFO] Skipping already traded signal: ('NSE:COHANCE-EQ', '2025-08-05 13:05')
2025-08-05 21:04:39,499 [INFO] Skipping duplicate trade for NSE:COHANCE-EQ at 2025-08-05 13:05
2025-08-05 21:04:39,499 [INFO] Skipping already traded signal: ('NSE:COHANCE-EQ', '2025-08-05 15:10')
2025-08-05 21:04:39,499 [INFO] Skipping duplicate trade for NSE:COHANCE-EQ at 2025-08-05 15:10
2025-08-05 21:04:39,499 [INFO] Skipping already traded signal: ('NSE:COHANCE-EQ', '2025-08-05 13:05')
2025-08-05 21:04:39,499 [INFO] Skipping duplicate trade for NSE:COHANCE-EQ at 2025-08-05 13:05
2025-08-05 21:04:39,499 [INFO] Skipping already traded signal: ('NSE:COHANCE-EQ', '2025-08-05 15:10')
2025-08-05 21:04:39,499 [INFO] Skipping duplicate trade for NSE:COHANCE-EQ at 2025-08-05 15:10
2025-08-05 21:04:39,499 [INFO] [Trade Candidate: NSE:GODFRYPHLP-EQ]
2025-08-05 21:04:39,990 [INFO] Skipping signal from previous day: 2025-08-04 13:05
2025-08-05 21:04:39,990 [INFO] Skipping signal from previous day: 2025-08-04 13:10
2025-08-05 21:04:39,990 [INFO] Skipping already traded signal: ('NSE:GODFRYPHLP-EQ', '2025-08-05 09:30')
2025-08-05 21:04:39,990 [INFO] Skipping duplicate trade for NSE:GODFRYPHLP-EQ at 2025-08-05 09:30
2025-08-05 21:04:39,990 [INFO] Skipping already traded signal: ('NSE:GODFRYPHLP-EQ', '2025-08-05 09:45')
2025-08-05 21:04:39,990 [INFO] Skipping duplicate trade for NSE:GODFRYPHLP-EQ at 2025-08-05 09:45
2025-08-05 21:04:39,990 [INFO] Skipping already traded signal: ('NSE:GODFRYPHLP-EQ', '2025-08-05 13:40')
2025-08-05 21:04:39,990 [INFO] Skipping duplicate trade for NSE:GODFRYPHLP-EQ at 2025-08-05 13:40
2025-08-05 21:04:39,990 [INFO] Skipping already traded signal: ('NSE:GODFRYPHLP-EQ', '2025-08-05 09:15')
2025-08-05 21:04:39,990 [INFO] Skipping duplicate trade for NSE:GODFRYPHLP-EQ at 2025-08-05 09:15
2025-08-05 21:04:39,990 [INFO] Skipping already traded signal: ('NSE:GODFRYPHLP-EQ', '2025-08-05 09:30')
2025-08-05 21:04:39,990 [INFO] Skipping duplicate trade for NSE:GODFRYPHLP-EQ at 2025-08-05 09:30
2025-08-05 21:04:39,990 [INFO] Skipping already traded signal: ('NSE:GODFRYPHLP-EQ', '2025-08-05 09:45')
2025-08-05 21:04:39,990 [INFO] Skipping duplicate trade for NSE:GODFRYPHLP-EQ at 2025-08-05 09:45
2025-08-05 21:04:39,990 [INFO] Skipping already traded signal: ('NSE:GODFRYPHLP-EQ', '2025-08-05 13:40')
2025-08-05 21:04:39,990 [INFO] Skipping duplicate trade for NSE:GODFRYPHLP-EQ at 2025-08-05 13:40
2025-08-05 21:04:50,006 [INFO] Checking for trade setups...
2025-08-05 21:04:50,006 [INFO] Applying trade logic to 2 stocks.
2025-08-05 21:04:50,008 [INFO] [Trade Candidate: NSE:COHANCE-EQ]
2025-08-05 21:04:50,880 [INFO] Skipping signal from previous day: 2025-08-04 13:15
2025-08-05 21:04:50,880 [INFO] Skipping already traded signal: ('NSE:COHANCE-EQ', '2025-08-05 13:05')
2025-08-05 21:04:50,880 [INFO] Skipping duplicate trade for NSE:COHANCE-EQ at 2025-08-05 13:05
2025-08-05 21:04:50,880 [INFO] Skipping already traded signal: ('NSE:COHANCE-EQ', '2025-08-05 15:10')
2025-08-05 21:04:50,893 [INFO] Skipping duplicate trade for NSE:COHANCE-EQ at 2025-08-05 15:10
2025-08-05 21:04:50,893 [INFO] Skipping already traded signal: ('NSE:COHANCE-EQ', '2025-08-05 13:05')
2025-08-05 21:04:50,893 [INFO] Skipping duplicate trade for NSE:COHANCE-EQ at 2025-08-05 13:05
2025-08-05 21:04:50,893 [INFO] Skipping already traded signal: ('NSE:COHANCE-EQ', '2025-08-05 15:10')
2025-08-05 21:04:50,893 [INFO] Skipping duplicate trade for NSE:COHANCE-EQ at 2025-08-05 15:10
2025-08-05 21:04:50,893 [INFO] [Trade Candidate: NSE:GODFRYPHLP-EQ]
2025-08-05 21:04:51,687 [INFO] Skipping signal from previous day: 2025-08-04 13:05
2025-08-05 21:04:51,687 [INFO] Skipping signal from previous day: 2025-08-04 13:10
2025-08-05 21:04:51,687 [INFO] Skipping already traded signal: ('NSE:GODFRYPHLP-EQ', '2025-08-05 09:30')
2025-08-05 21:04:51,687 [INFO] Skipping duplicate trade for NSE:GODFRYPHLP-EQ at 2025-08-05 09:30
2025-08-05 21:04:51,691 [INFO] Skipping already traded signal: ('NSE:GODFRYPHLP-EQ', '2025-08-05 09:45')
2025-08-05 21:04:51,691 [INFO] Skipping duplicate trade for NSE:GODFRYPHLP-EQ at 2025-08-05 09:45
2025-08-05 21:04:51,691 [INFO] Skipping already traded signal: ('NSE:GODFRYPHLP-EQ', '2025-08-05 13:40')
2025-08-05 21:04:51,691 [INFO] Skipping duplicate trade for NSE:GODFRYPHLP-EQ at 2025-08-05 13:40
2025-08-05 21:04:51,693 [INFO] Skipping already traded signal: ('NSE:GODFRYPHLP-EQ', '2025-08-05 09:15')
2025-08-05 21:04:51,693 [INFO] Skipping duplicate trade for NSE:GODFRYPHLP-EQ at 2025-08-05 09:15
2025-08-05 21:04:51,695 [INFO] Skipping already traded signal: ('NSE:GODFRYPHLP-EQ', '2025-08-05 09:30')
2025-08-05 21:04:51,695 [INFO] Skipping duplicate trade for NSE:GODFRYPHLP-EQ at 2025-08-05 09:30
2025-08-05 21:04:51,695 [INFO] Skipping already traded signal: ('NSE:GODFRYPHLP-EQ', '2025-08-05 09:45')
2025-08-05 21:04:51,695 [INFO] Skipping duplicate trade for NSE:GODFRYPHLP-EQ at 2025-08-05 09:45
2025-08-05 21:04:51,695 [INFO] Skipping already traded signal: ('NSE:GODFRYPHLP-EQ', '2025-08-05 13:40')
2025-08-05 21:04:51,695 [INFO] Skipping duplicate trade for NSE:GODFRYPHLP-EQ at 2025-08-05 13:40
2025-08-05 21:05:01,700 [INFO] Checking for trade setups...
2025-08-05 21:05:01,701 [INFO] Applying trade logic to 2 stocks.
2025-08-05 21:05:01,701 [INFO] [Trade Candidate: NSE:COHANCE-EQ]
2025-08-05 21:05:02,178 [INFO] Skipping signal from previous day: 2025-08-04 13:15
2025-08-05 21:05:02,178 [INFO] Skipping already traded signal: ('NSE:COHANCE-EQ', '2025-08-05 13:05')
2025-08-05 21:05:02,178 [INFO] Skipping duplicate trade for NSE:COHANCE-EQ at 2025-08-05 13:05
2025-08-05 21:05:02,178 [INFO] Skipping already traded signal: ('NSE:COHANCE-EQ', '2025-08-05 15:10')
2025-08-05 21:05:02,191 [INFO] Skipping duplicate trade for NSE:COHANCE-EQ at 2025-08-05 15:10
2025-08-05 21:05:02,191 [INFO] Skipping already traded signal: ('NSE:COHANCE-EQ', '2025-08-05 13:05')
2025-08-05 21:05:02,191 [INFO] Skipping duplicate trade for NSE:COHANCE-EQ at 2025-08-05 13:05
2025-08-05 21:05:02,191 [INFO] Skipping already traded signal: ('NSE:COHANCE-EQ', '2025-08-05 15:10')
2025-08-05 21:05:02,191 [INFO] Skipping duplicate trade for NSE:COHANCE-EQ at 2025-08-05 15:10
2025-08-05 21:05:02,191 [INFO] [Trade Candidate: NSE:GODFRYPHLP-EQ]
2025-08-05 21:05:02,725 [INFO] Skipping signal from previous day: 2025-08-04 13:05
2025-08-05 21:05:02,725 [INFO] Skipping signal from previous day: 2025-08-04 13:10
2025-08-05 21:05:02,725 [INFO] Skipping already traded signal: ('NSE:GODFRYPHLP-EQ', '2025-08-05 09:30')
2025-08-05 21:05:02,725 [INFO] Skipping duplicate trade for NSE:GODFRYPHLP-EQ at 2025-08-05 09:30
2025-08-05 21:05:02,725 [INFO] Skipping already traded signal: ('NSE:GODFRYPHLP-EQ', '2025-08-05 09:45')
2025-08-05 21:05:02,725 [INFO] Skipping duplicate trade for NSE:GODFRYPHLP-EQ at 2025-08-05 09:45
2025-08-05 21:05:02,740 [INFO] Skipping already traded signal: ('NSE:GODFRYPHLP-EQ', '2025-08-05 13:40')
2025-08-05 21:05:02,742 [INFO] Skipping duplicate trade for NSE:GODFRYPHLP-EQ at 2025-08-05 13:40
2025-08-05 21:05:02,742 [INFO] Skipping already traded signal: ('NSE:GODFRYPHLP-EQ', '2025-08-05 09:15')
2025-08-05 21:05:02,743 [INFO] Skipping duplicate trade for NSE:GODFRYPHLP-EQ at 2025-08-05 09:15
2025-08-05 21:05:02,743 [INFO] Skipping already traded signal: ('NSE:GODFRYPHLP-EQ', '2025-08-05 09:30')
2025-08-05 21:05:02,743 [INFO] Skipping duplicate trade for NSE:GODFRYPHLP-EQ at 2025-08-05 09:30
2025-08-05 21:05:02,745 [INFO] Skipping already traded signal: ('NSE:GODFRYPHLP-EQ', '2025-08-05 09:45')
2025-08-05 21:05:02,746 [INFO] Skipping duplicate trade for NSE:GODFRYPHLP-EQ at 2025-08-05 09:45
2025-08-05 21:05:02,746 [INFO] Skipping already traded signal: ('NSE:GODFRYPHLP-EQ', '2025-08-05 13:40')
2025-08-05 21:05:02,746 [INFO] Skipping duplicate trade for NSE:GODFRYPHLP-EQ at 2025-08-05 13:40
2025-08-05 21:05:12,748 [INFO] Checking for trade setups...
2025-08-05 21:05:12,748 [INFO] Applying trade logic to 2 stocks.
2025-08-05 21:05:12,748 [INFO] [Trade Candidate: NSE:COHANCE-EQ]
2025-08-05 21:05:13,375 [INFO] Skipping signal from previous day: 2025-08-04 13:15
2025-08-05 21:05:13,375 [INFO] Skipping already traded signal: ('NSE:COHANCE-EQ', '2025-08-05 13:05')
2025-08-05 21:05:13,375 [INFO] Skipping duplicate trade for NSE:COHANCE-EQ at 2025-08-05 13:05
2025-08-05 21:05:13,382 [INFO] Skipping already traded signal: ('NSE:COHANCE-EQ', '2025-08-05 15:10')
2025-08-05 21:05:13,382 [INFO] Skipping duplicate trade for NSE:COHANCE-EQ at 2025-08-05 15:10
2025-08-05 21:05:13,383 [INFO] Skipping already traded signal: ('NSE:COHANCE-EQ', '2025-08-05 13:05')
2025-08-05 21:05:13,383 [INFO] Skipping duplicate trade for NSE:COHANCE-EQ at 2025-08-05 13:05
2025-08-05 21:05:13,385 [INFO] Skipping already traded signal: ('NSE:COHANCE-EQ', '2025-08-05 15:10')
2025-08-05 21:05:13,386 [INFO] Skipping duplicate trade for NSE:COHANCE-EQ at 2025-08-05 15:10
2025-08-05 21:05:13,386 [INFO] [Trade Candidate: NSE:GODFRYPHLP-EQ]
2025-08-05 21:05:14,010 [INFO] Skipping signal from previous day: 2025-08-04 13:05
2025-08-05 21:05:14,013 [INFO] Skipping signal from previous day: 2025-08-04 13:10
2025-08-05 21:05:14,014 [INFO] Skipping already traded signal: ('NSE:GODFRYPHLP-EQ', '2025-08-05 09:30')
2025-08-05 21:05:14,014 [INFO] Skipping duplicate trade for NSE:GODFRYPHLP-EQ at 2025-08-05 09:30
2025-08-05 21:05:14,015 [INFO] Skipping already traded signal: ('NSE:GODFRYPHLP-EQ', '2025-08-05 09:45')
2025-08-05 21:05:14,017 [INFO] Skipping duplicate trade for NSE:GODFRYPHLP-EQ at 2025-08-05 09:45
2025-08-05 21:05:14,018 [INFO] Skipping already traded signal: ('NSE:GODFRYPHLP-EQ', '2025-08-05 13:40')
2025-08-05 21:05:14,018 [INFO] Skipping duplicate trade for NSE:GODFRYPHLP-EQ at 2025-08-05 13:40
2025-08-05 21:05:14,020 [INFO] Skipping already traded signal: ('NSE:GODFRYPHLP-EQ', '2025-08-05 09:15')
2025-08-05 21:05:14,020 [INFO] Skipping duplicate trade for NSE:GODFRYPHLP-EQ at 2025-08-05 09:15
2025-08-05 21:05:14,020 [INFO] Skipping already traded signal: ('NSE:GODFRYPHLP-EQ', '2025-08-05 09:30')
2025-08-05 21:05:14,020 [INFO] Skipping duplicate trade for NSE:GODFRYPHLP-EQ at 2025-08-05 09:30
2025-08-05 21:05:14,020 [INFO] Skipping already traded signal: ('NSE:GODFRYPHLP-EQ', '2025-08-05 09:45')
2025-08-05 21:05:14,020 [INFO] Skipping duplicate trade for NSE:GODFRYPHLP-EQ at 2025-08-05 09:45
2025-08-05 21:05:14,020 [INFO] Skipping already traded signal: ('NSE:GODFRYPHLP-EQ', '2025-08-05 13:40')
2025-08-05 21:05:14,020 [INFO] Skipping duplicate trade for NSE:GODFRYPHLP-EQ at 2025-08-05 13:40
