2025-09-14 11:21:16,437 [INFO] Starting trading script...
2025-09-14 11:21:16,437 [INFO] Authenticating with Fyers to use its API...
2025-09-14 11:21:17,251 [INFO] [31m[1mWARNING: This is a development server. Do not use it in a production deployment. Use a production WSGI server instead.[0m
 * Running on http://127.0.0.1:5000
2025-09-14 11:21:17,251 [INFO] [33mPress CTRL+C to quit[0m
2025-09-14 11:56:53,473 [INFO] Starting trading script...
2025-09-14 11:56:53,473 [INFO] Authenticating with Fyers to use its API...
2025-09-14 11:56:54,461 [INFO] [31m[1mWARNING: This is a development server. Do not use it in a production deployment. Use a production WSGI server instead.[0m
 * Running on http://127.0.0.1:5000
2025-09-14 11:56:54,477 [INFO] [33mPress CTRL+C to quit[0m
2025-09-14 11:58:16,304 [INFO] 127.0.0.1 - - [14/Sep/2025 11:58:16] "GET /callback?s=ok&code=200&auth_code=eyJhbGciOiJIUzI1NiIsInR5cCI6IkpXVCJ9.eyJhcHBfaWQiOiJNWDNaSTYzOFlJIiwidXVpZCI6IjhhZDYzMzg3MTM3ODQ4ODRiOTBjZDVlZDYzMWQ2ZTczIiwiaXBBZGRyIjoiIiwibm9uY2UiOiIiLCJzY29wZSI6IiIsImRpc3BsYXlfbmFtZSI6IlhSMDQ3NTAiLCJvbXMiOiJLMSIsImhzbV9rZXkiOiI1ZWUxMmUxN2I3NzExMGQ2MmZjZTZlNGU3YTA3YjFjMzU1MGNmNTYyMjZiMDZkYzU2NjUwYTE2ZCIsImlzRGRwaUVuYWJsZWQiOiJZIiwiaXNNdGZFbmFibGVkIjoiTiIsImF1ZCI6IltcImQ6MVwiLFwiZDoyXCIsXCJ4OjBcIixcIng6MVwiLFwieDoyXCJdIiwiZXhwIjoxNzU3ODYxMjk1LCJpYXQiOjE3NTc4MzEyOTUsImlzcyI6ImFwaS5sb2dpbi5meWVycy5pbiIsIm5iZiI6MTc1NzgzMTI5NSwic3ViIjoiYXV0aF9jb2RlIn0.VWUUt8Hi8XU_MVvQisEryHWtawfpi3-8LevzhCdLHtQ&state=sample HTTP/1.1" 200 -
2025-09-14 11:58:16,450 [INFO] 127.0.0.1 - - [14/Sep/2025 11:58:16] "[33mGET /favicon.ico HTTP/1.1[0m" 404 -
2025-09-14 11:58:17,562 [INFO] Manual login successful.
2025-09-14 11:58:17,565 [INFO] Creating FyersModel instance with access token...
2025-09-14 11:58:17,565 [INFO] Authenticated Fyers instance created.
2025-09-14 11:58:17,565 [INFO] Loading filtered stocks from filtered_stocks.json...
2025-09-14 11:58:17,586 [INFO] Loaded 4 stocks.
2025-09-14 11:58:17,586 [INFO] Stocks to be traded: NSE:JBMA-EQ, NSE:NBCC-EQ, NSE:FIRSTCRY-EQ, NSE:LODHA-EQ
2025-09-14 11:58:17,591 [INFO] Entering monitoring loop...
2025-09-14 11:58:17,591 [INFO] Heartbeat: Checking for trade setups at 2025-09-14 11:58:17
2025-09-14 11:58:17,591 [INFO] Applying trade logic to 4 stocks.
2025-09-14 11:58:17,591 [INFO] [Trade Candidate: NSE:JBMA-EQ]
2025-09-14 11:58:18,669 [INFO] Error calculating EMA: 
Traceback (most recent call last):
  File "d:\datascience\trading_setup\src\tradingsetup\trade_logic\ema_strategy.py", line 86, in calculate_ema_series
    ema_values[timestamps[period - 1]] = sma
               ~~~~~~~~~~^^^^^^^^^^^^
IndexError: list index out of range

2025-09-14 11:58:18,671 [INFO] [Trade Candidate: NSE:NBCC-EQ]
2025-09-14 11:58:19,273 [INFO] Error calculating EMA: 
Traceback (most recent call last):
  File "d:\datascience\trading_setup\src\tradingsetup\trade_logic\ema_strategy.py", line 86, in calculate_ema_series
    ema_values[timestamps[period - 1]] = sma
               ~~~~~~~~~~^^^^^^^^^^^^
IndexError: list index out of range

2025-09-14 11:58:19,273 [INFO] [Trade Candidate: NSE:FIRSTCRY-EQ]
2025-09-14 11:58:19,988 [INFO] Error calculating EMA: 
Traceback (most recent call last):
  File "d:\datascience\trading_setup\src\tradingsetup\trade_logic\ema_strategy.py", line 86, in calculate_ema_series
    ema_values[timestamps[period - 1]] = sma
               ~~~~~~~~~~^^^^^^^^^^^^
IndexError: list index out of range

2025-09-14 11:58:19,988 [INFO] [Trade Candidate: NSE:LODHA-EQ]
2025-09-14 11:58:20,606 [INFO] Error calculating EMA: 
Traceback (most recent call last):
  File "d:\datascience\trading_setup\src\tradingsetup\trade_logic\ema_strategy.py", line 86, in calculate_ema_series
    ema_values[timestamps[period - 1]] = sma
               ~~~~~~~~~~^^^^^^^^^^^^
IndexError: list index out of range

2025-09-14 11:58:30,610 [INFO] Heartbeat: Checking for trade setups at 2025-09-14 11:58:30
2025-09-14 11:58:30,610 [INFO] Applying trade logic to 4 stocks.
2025-09-14 11:58:30,610 [INFO] [Trade Candidate: NSE:JBMA-EQ]
2025-09-14 11:58:31,357 [INFO] Error calculating EMA: 
Traceback (most recent call last):
  File "d:\datascience\trading_setup\src\tradingsetup\trade_logic\ema_strategy.py", line 86, in calculate_ema_series
    ema_values[timestamps[period - 1]] = sma
               ~~~~~~~~~~^^^^^^^^^^^^
IndexError: list index out of range

2025-09-14 11:58:31,360 [INFO] [Trade Candidate: NSE:NBCC-EQ]
2025-09-14 11:58:31,977 [INFO] Error calculating EMA: 
Traceback (most recent call last):
  File "d:\datascience\trading_setup\src\tradingsetup\trade_logic\ema_strategy.py", line 86, in calculate_ema_series
    ema_values[timestamps[period - 1]] = sma
               ~~~~~~~~~~^^^^^^^^^^^^
IndexError: list index out of range

2025-09-14 11:58:31,977 [INFO] [Trade Candidate: NSE:FIRSTCRY-EQ]
2025-09-14 11:58:32,594 [INFO] Error calculating EMA: 
Traceback (most recent call last):
  File "d:\datascience\trading_setup\src\tradingsetup\trade_logic\ema_strategy.py", line 86, in calculate_ema_series
    ema_values[timestamps[period - 1]] = sma
               ~~~~~~~~~~^^^^^^^^^^^^
IndexError: list index out of range

2025-09-14 11:58:32,596 [INFO] [Trade Candidate: NSE:LODHA-EQ]
2025-09-14 11:58:33,204 [INFO] Error calculating EMA: 
Traceback (most recent call last):
  File "d:\datascience\trading_setup\src\tradingsetup\trade_logic\ema_strategy.py", line 86, in calculate_ema_series
    ema_values[timestamps[period - 1]] = sma
               ~~~~~~~~~~^^^^^^^^^^^^
IndexError: list index out of range

2025-09-14 11:58:43,207 [INFO] Heartbeat: Checking for trade setups at 2025-09-14 11:58:43
2025-09-14 11:58:43,207 [INFO] Applying trade logic to 4 stocks.
2025-09-14 11:58:43,207 [INFO] [Trade Candidate: NSE:JBMA-EQ]
2025-09-14 11:58:43,849 [INFO] Error calculating EMA: 
Traceback (most recent call last):
  File "d:\datascience\trading_setup\src\tradingsetup\trade_logic\ema_strategy.py", line 86, in calculate_ema_series
    ema_values[timestamps[period - 1]] = sma
               ~~~~~~~~~~^^^^^^^^^^^^
IndexError: list index out of range

2025-09-14 11:58:43,851 [INFO] [Trade Candidate: NSE:NBCC-EQ]
2025-09-14 11:58:44,463 [INFO] Error calculating EMA: 
Traceback (most recent call last):
  File "d:\datascience\trading_setup\src\tradingsetup\trade_logic\ema_strategy.py", line 86, in calculate_ema_series
    ema_values[timestamps[period - 1]] = sma
               ~~~~~~~~~~^^^^^^^^^^^^
IndexError: list index out of range

2025-09-14 11:58:44,463 [INFO] [Trade Candidate: NSE:FIRSTCRY-EQ]
2025-09-14 11:58:44,981 [INFO] Error calculating EMA: 
Traceback (most recent call last):
  File "d:\datascience\trading_setup\src\tradingsetup\trade_logic\ema_strategy.py", line 86, in calculate_ema_series
    ema_values[timestamps[period - 1]] = sma
               ~~~~~~~~~~^^^^^^^^^^^^
IndexError: list index out of range

2025-09-14 11:58:44,981 [INFO] [Trade Candidate: NSE:LODHA-EQ]
2025-09-14 11:58:45,587 [INFO] Error calculating EMA: 
Traceback (most recent call last):
  File "d:\datascience\trading_setup\src\tradingsetup\trade_logic\ema_strategy.py", line 86, in calculate_ema_series
    ema_values[timestamps[period - 1]] = sma
               ~~~~~~~~~~^^^^^^^^^^^^
IndexError: list index out of range

