2025-09-16 09:27:55,091 [INFO] Starting trading script...
2025-09-16 09:27:55,091 [INFO] Authenticating with Fyers to use its API...
2025-09-16 09:28:03,637 [INFO] [31m[1mWARNING: This is a development server. Do not use it in a production deployment. Use a production WSGI server instead.[0m
 * Running on http://127.0.0.1:5000
2025-09-16 09:28:03,637 [INFO] [33mPress CTRL+C to quit[0m
2025-09-16 09:30:46,931 [INFO] Starting trading script...
2025-09-16 09:30:46,931 [INFO] Authenticating with Fyers to use its API...
2025-09-16 09:30:47,929 [INFO] [31m[1mWARNING: This is a development server. Do not use it in a production deployment. Use a production WSGI server instead.[0m
 * Running on http://127.0.0.1:5000
2025-09-16 09:30:47,946 [INFO] [33mPress CTRL+C to quit[0m
2025-09-16 09:33:26,750 [INFO] Starting trading script...
2025-09-16 09:33:26,750 [INFO] Authenticating with Fyers to use its API...
2025-09-16 09:33:27,789 [INFO] [31m[1mWARNING: This is a development server. Do not use it in a production deployment. Use a production WSGI server instead.[0m
 * Running on http://127.0.0.1:5000
2025-09-16 09:33:27,789 [INFO] [33mPress CTRL+C to quit[0m
2025-09-16 09:33:54,916 [INFO] Starting trading script...
2025-09-16 09:33:54,916 [INFO] Authenticating with Fyers to use its API...
2025-09-16 09:33:55,948 [INFO] [31m[1mWARNING: This is a development server. Do not use it in a production deployment. Use a production WSGI server instead.[0m
 * Running on http://127.0.0.1:5000
2025-09-16 09:33:55,950 [INFO] [33mPress CTRL+C to quit[0m
2025-09-16 09:36:00,159 [INFO] Starting trading script...
2025-09-16 09:36:00,159 [INFO] Authenticating with Fyers to use its API...
2025-09-16 09:36:00,979 [INFO] [31m[1mWARNING: This is a development server. Do not use it in a production deployment. Use a production WSGI server instead.[0m
 * Running on http://127.0.0.1:5000
2025-09-16 09:36:00,979 [INFO] [33mPress CTRL+C to quit[0m
2025-09-16 17:54:25,816 [INFO] Starting trading script...
2025-09-16 17:54:25,816 [INFO] Authenticating with Fyers to use its API...
2025-09-16 17:54:29,445 [INFO] [31m[1mWARNING: This is a development server. Do not use it in a production deployment. Use a production WSGI server instead.[0m
 * Running on http://127.0.0.1:5000
2025-09-16 17:54:29,445 [INFO] [33mPress CTRL+C to quit[0m
2025-09-16 20:17:26,905 [INFO] Starting trading script...
2025-09-16 20:17:26,905 [INFO] Authenticating with Fyers to use its API...
2025-09-16 20:17:28,192 [INFO] [31m[1mWARNING: This is a development server. Do not use it in a production deployment. Use a production WSGI server instead.[0m
 * Running on http://127.0.0.1:5000
2025-09-16 20:17:28,192 [INFO] [33mPress CTRL+C to quit[0m
2025-09-16 20:19:16,750 [INFO] Starting trading script...
2025-09-16 20:19:16,750 [INFO] Authenticating with Fyers to use its API...
2025-09-16 20:19:17,438 [INFO] Token invalid, trying to refresh...
2025-09-16 20:19:18,013 [INFO] Failed to refresh tokens:
2025-09-16 20:19:18,015 [INFO] Manual login flow started.
2025-09-16 20:19:18,038 [INFO] [31m[1mWARNING: This is a development server. Do not use it in a production deployment. Use a production WSGI server instead.[0m
 * Running on http://127.0.0.1:5000
2025-09-16 20:19:18,038 [INFO] [33mPress CTRL+C to quit[0m
2025-09-16 20:19:20,020 [INFO] Opening browser for login...
2025-09-16 20:21:57,072 [INFO] Starting trading script...
2025-09-16 20:21:57,080 [INFO] Authenticating with Fyers to use its API...
2025-09-16 20:21:57,695 [INFO] Token invalid, trying to refresh...
2025-09-16 20:21:58,408 [INFO] Failed to refresh tokens:
2025-09-16 20:21:58,410 [INFO] Manual login flow started.
2025-09-16 20:21:58,468 [INFO] [31m[1mWARNING: This is a development server. Do not use it in a production deployment. Use a production WSGI server instead.[0m
 * Running on http://127.0.0.1:5000
2025-09-16 20:21:58,480 [INFO] [33mPress CTRL+C to quit[0m
2025-09-16 20:22:00,415 [INFO] Opening browser for login...
2025-09-16 20:33:51,216 [INFO] Starting trading script...
2025-09-16 20:33:51,216 [INFO] Authenticating with Fyers to use its API...
2025-09-16 20:33:52,521 [INFO] Token invalid, trying to refresh...
2025-09-16 20:33:53,696 [INFO] Failed to refresh tokens:
2025-09-16 20:33:53,696 [INFO] Manual login flow started.
2025-09-16 20:33:53,732 [INFO] [31m[1mWARNING: This is a development server. Do not use it in a production deployment. Use a production WSGI server instead.[0m
 * Running on http://127.0.0.1:5000
2025-09-16 20:33:53,733 [INFO] [33mPress CTRL+C to quit[0m
2025-09-16 20:33:55,702 [INFO] Opening browser for login...
2025-09-16 20:36:04,993 [INFO] Token invalid, trying to refresh...
2025-09-16 20:36:05,521 [INFO] Failed to refresh tokens:
2025-09-16 20:36:59,907 [INFO] Token invalid, trying to refresh...
2025-09-16 20:37:00,381 [INFO] Failed to refresh tokens:
2025-09-16 20:38:41,553 [INFO] Token invalid, trying to refresh...
2025-09-16 20:38:42,173 [INFO] Failed to refresh tokens:
2025-09-16 20:39:54,461 [INFO] Failed to refresh tokens:
2025-09-16 20:42:28,695 [INFO] Failed to refresh tokens:
2025-09-16 20:43:19,997 [INFO] Failed to refresh tokens:
2025-09-16 21:12:27,927 [INFO] Starting trading script...
2025-09-16 21:12:27,933 [INFO] Authenticating with Fyers to use its API...
2025-09-16 21:12:28,766 [INFO] Token invalid, trying to refresh...
2025-09-16 21:12:29,873 [INFO] Failed to refresh tokens:
2025-09-16 21:12:29,873 [INFO] Manual login flow started.
2025-09-16 21:12:29,900 [INFO] [31m[1mWARNING: This is a development server. Do not use it in a production deployment. Use a production WSGI server instead.[0m
 * Running on http://127.0.0.1:5000
2025-09-16 21:12:29,900 [INFO] [33mPress CTRL+C to quit[0m
2025-09-16 21:12:31,879 [INFO] Opening browser for login...
2025-09-16 21:32:25,471 [INFO] Starting trading script...
2025-09-16 21:32:25,471 [INFO] Authenticating with Fyers to use its API...
2025-09-16 21:32:26,595 [INFO] Token invalid, trying to refresh...
2025-09-16 21:32:27,479 [INFO] Failed to refresh access token
2025-09-16 21:32:27,486 [INFO] Manual login flow started.
2025-09-16 21:32:27,523 [INFO] [31m[1mWARNING: This is a development server. Do not use it in a production deployment. Use a production WSGI server instead.[0m
 * Running on http://127.0.0.1:5000
2025-09-16 21:32:27,523 [INFO] [33mPress CTRL+C to quit[0m
2025-09-16 21:32:29,491 [INFO] Opening browser for login...
2025-09-16 21:40:29,676 [INFO] Starting trading script...
2025-09-16 21:40:29,676 [INFO] Authenticating with Fyers to use its API...
2025-09-16 21:40:31,094 [INFO] Token invalid, trying to refresh...
2025-09-16 21:40:31,652 [INFO] Failed to refresh access token
2025-09-16 21:40:31,657 [INFO] Manual login flow started.
2025-09-16 21:40:31,701 [INFO] [31m[1mWARNING: This is a development server. Do not use it in a production deployment. Use a production WSGI server instead.[0m
 * Running on all addresses (0.0.0.0)
 * Running on http://127.0.0.1:5000
 * Running on http://192.168.1.205:5000
2025-09-16 21:40:31,701 [INFO] [33mPress CTRL+C to quit[0m
2025-09-16 21:40:33,663 [INFO] Opening browser for login at https://api-t1.fyers.in/api/v3/generate-authcode?client_id=MX3ZI638YI-100&redirect_uri=http%3A%2F%2F127.0.0.1%3A5000%2Fcallback&response_type=code&state=sample
2025-09-16 21:44:27,602 [INFO] Starting trading script...
2025-09-16 21:44:27,602 [INFO] Authenticating with Fyers to use its API...
2025-09-16 21:44:28,469 [INFO] Token invalid, trying to refresh...
2025-09-16 21:44:29,128 [INFO] Failed to refresh access token
2025-09-16 21:44:29,130 [INFO] Manual login flow started.
2025-09-16 21:44:29,168 [INFO] [31m[1mWARNING: This is a development server. Do not use it in a production deployment. Use a production WSGI server instead.[0m
 * Running on all addresses (0.0.0.0)
 * Running on http://127.0.0.1:5000
 * Running on http://192.168.1.205:5000
2025-09-16 21:44:29,168 [INFO] [33mPress CTRL+C to quit[0m
2025-09-16 21:44:31,136 [INFO] Opening browser for login at https://api-t1.fyers.in/api/v3/generate-authcode?client_id=MX3ZI638YI-100&redirect_uri=http%3A%2F%2F127.0.0.1%3A5000%2Fcallback&response_type=code&state=sample
2025-09-16 21:51:22,530 [INFO] Starting trading script...
2025-09-16 21:51:22,530 [INFO] Authenticating with Fyers to use its API...
2025-09-16 21:51:22,530 [INFO] Manual login flow started.
2025-09-16 21:51:24,541 [INFO] Opening browser for login at https://api-t1.fyers.in/api/v3/generate-authcode?client_id=MX3ZI638YI-100&redirect_uri=http%3A%2F%2F127.0.0.1%3A5000%2Fcallback&response_type=code&state=sample
2025-09-16 21:51:56,842 [INFO] Starting trading script...
2025-09-16 21:51:56,842 [INFO] Authenticating with Fyers to use its API...
2025-09-16 21:51:56,852 [INFO] Manual login flow started.
2025-09-16 21:51:58,856 [INFO] Opening browser for login at https://api-t1.fyers.in/api/v3/generate-authcode?client_id=MX3ZI638YI-100&redirect_uri=http%3A%2F%2F127.0.0.1%3A5000%2Fcallback&response_type=code&state=sample
2025-09-16 21:59:22,985 [INFO] Starting trading script...
2025-09-16 21:59:22,985 [INFO] Authenticating with Fyers to use its API...
2025-09-16 21:59:22,988 [INFO] Manual login flow started.
2025-09-16 21:59:24,994 [INFO] Opening browser for login at https://api-t1.fyers.in/api/v3/generate-authcode?client_id=MX3ZI638YI-100&redirect_uri=http%3A%2F%2F127.0.0.1%3A5000%2Fcallback&response_type=code&state=sample
2025-09-16 22:00:51,006 [INFO] Starting trading script...
2025-09-16 22:00:51,008 [INFO] Authenticating with Fyers to use its API...
2025-09-16 22:00:51,488 [INFO] Token valid, skipping login.
2025-09-16 22:00:51,578 [INFO] Creating FyersModel instance with access token...
2025-09-16 22:00:51,581 [INFO] Authenticated Fyers instance created.
2025-09-16 22:00:51,586 [INFO] Fetching index symbols and running filtering stages...
2025-09-16 22:00:51,591 [INFO] Starting WebSocket to fetch gap-up stocks...
2025-09-16 22:00:52,207 [INFO] Loaded symbols from Stock_list.xlsx.
2025-09-16 22:00:53,230 [INFO] Websocket connected
2025-09-16 22:00:54,228 [INFO] WebSocket connection opened. Subscribing to data...
2025-09-16 22:01:53,258 [INFO] Gap-up stocks saved to gapup_data.csv with 2 entries.
2025-09-16 22:01:53,283 [INFO] Gap-up stocks loaded: 2
2025-09-16 22:01:53,961 [INFO] Symbol              Gap Up %    Avg Volume  Status
2025-09-16 22:01:53,965 [INFO] Included NSE:SARDAEN-EQ | Volume: 2430100
2025-09-16 22:01:53,965 [INFO] Included NSE:NCC-EQ | Volume: 3076960
2025-09-16 22:01:53,973 [INFO] Final filtered stocks after volume check: 2
2025-09-16 22:01:53,973 [INFO] Stocks to be traded: NSE:SARDAEN-EQ, NSE:NCC-EQ
2025-09-16 22:01:53,973 [INFO] Filtered stocks saved to filtered_stocks.json.
2025-09-16 22:01:53,976 [INFO] Entering monitoring loop...
2025-09-16 22:01:53,976 [INFO] Market closed. Sleeping for 60 seconds.
2025-09-16 22:02:53,979 [INFO] Market closed. Sleeping for 60 seconds.
2025-09-16 22:03:53,980 [INFO] Market closed. Sleeping for 60 seconds.
2025-09-16 22:04:53,983 [INFO] Market closed, Exiting......
