2025-08-18 09:26:55,426 [INFO] Starting trading script...
2025-08-18 09:26:55,426 [INFO] Creating FyersModel instance with access token...
2025-08-18 09:26:55,426 [INFO] Authenticated Fyers instance created.
2025-08-18 09:26:55,428 [INFO] Fetching index symbols and running filtering stages...
2025-08-18 09:26:55,428 [INFO] Starting WebSocket to fetch gap-up stocks...
2025-08-18 09:26:55,975 [INFO] Loaded symbols from Stock_list.xlsx.
2025-08-18 09:26:56,004 [ERROR] [Errno 11001] getaddrinfo failed - goodbye
2025-08-18 09:26:58,001 [INFO] WebSocket connection opened. Subscribing to data...
2025-08-18 09:27:08,284 [INFO] No GapUp_stocks.json file  stocks found.
2025-08-18 09:27:08,285 [INFO] Gap-up stocks loaded: 0
2025-08-18 09:27:08,295 [INFO] Symbol              Gap Up %    Avg Volume  Status
2025-08-18 09:27:08,305 [INFO] Final filtered stocks after volume check: 0
2025-08-18 09:27:08,305 [INFO] None
2025-08-18 09:27:08,308 [INFO] Filtered stocks saved to filtered_stocks.json.
2025-08-18 09:27:08,308 [INFO] Entering monitoring loop...
2025-08-18 09:27:08,308 [INFO] Heartbeat: Checking for trade setups at 2025-08-18 09:27:08
2025-08-18 09:27:08,308 [INFO] Applying trade logic to 0 stocks.
2025-08-18 09:27:18,311 [INFO] Heartbeat: Checking for trade setups at 2025-08-18 09:27:18
2025-08-18 09:27:18,311 [INFO] Applying trade logic to 0 stocks.
2025-08-18 09:27:28,312 [INFO] Heartbeat: Checking for trade setups at 2025-08-18 09:27:28
2025-08-18 09:27:28,314 [INFO] Applying trade logic to 0 stocks.
2025-08-18 09:27:38,315 [INFO] Heartbeat: Checking for trade setups at 2025-08-18 09:27:38
2025-08-18 09:27:38,315 [INFO] Applying trade logic to 0 stocks.
2025-08-18 09:27:48,316 [INFO] Heartbeat: Checking for trade setups at 2025-08-18 09:27:48
2025-08-18 09:27:48,316 [INFO] Applying trade logic to 0 stocks.
2025-08-18 09:27:58,317 [INFO] Heartbeat: Checking for trade setups at 2025-08-18 09:27:58
2025-08-18 09:27:58,317 [INFO] Applying trade logic to 0 stocks.
2025-08-18 09:28:08,319 [INFO] Heartbeat: Checking for trade setups at 2025-08-18 09:28:08
2025-08-18 09:28:08,321 [INFO] Applying trade logic to 0 stocks.
2025-08-18 09:28:18,322 [INFO] Heartbeat: Checking for trade setups at 2025-08-18 09:28:18
2025-08-18 09:28:18,322 [INFO] Applying trade logic to 0 stocks.
2025-08-18 09:28:28,325 [INFO] Heartbeat: Checking for trade setups at 2025-08-18 09:28:28
2025-08-18 09:28:28,326 [INFO] Applying trade logic to 0 stocks.
2025-08-18 09:28:38,327 [INFO] Heartbeat: Checking for trade setups at 2025-08-18 09:28:38
2025-08-18 09:28:38,327 [INFO] Applying trade logic to 0 stocks.
2025-08-18 09:28:48,329 [INFO] Heartbeat: Checking for trade setups at 2025-08-18 09:28:48
2025-08-18 09:28:48,330 [INFO] Applying trade logic to 0 stocks.
2025-08-18 09:28:58,330 [INFO] Heartbeat: Checking for trade setups at 2025-08-18 09:28:58
2025-08-18 09:28:58,330 [INFO] Applying trade logic to 0 stocks.
2025-08-18 09:29:08,332 [INFO] Heartbeat: Checking for trade setups at 2025-08-18 09:29:08
2025-08-18 09:29:08,332 [INFO] Applying trade logic to 0 stocks.
2025-08-18 09:29:18,333 [INFO] Heartbeat: Checking for trade setups at 2025-08-18 09:29:18
2025-08-18 09:29:18,333 [INFO] Applying trade logic to 0 stocks.
2025-08-18 09:29:28,335 [INFO] Heartbeat: Checking for trade setups at 2025-08-18 09:29:28
2025-08-18 09:29:28,336 [INFO] Applying trade logic to 0 stocks.
2025-08-18 09:29:38,336 [INFO] Heartbeat: Checking for trade setups at 2025-08-18 09:29:38
2025-08-18 09:29:38,336 [INFO] Applying trade logic to 0 stocks.
2025-08-18 09:29:48,340 [INFO] Heartbeat: Checking for trade setups at 2025-08-18 09:29:48
2025-08-18 09:29:48,340 [INFO] Applying trade logic to 0 stocks.
2025-08-18 09:29:58,341 [INFO] Heartbeat: Checking for trade setups at 2025-08-18 09:29:58
2025-08-18 09:29:58,341 [INFO] Applying trade logic to 0 stocks.
2025-08-18 09:30:08,344 [INFO] Heartbeat: Checking for trade setups at 2025-08-18 09:30:08
2025-08-18 09:30:08,344 [INFO] Applying trade logic to 0 stocks.
2025-08-18 09:30:18,346 [INFO] Heartbeat: Checking for trade setups at 2025-08-18 09:30:18
2025-08-18 09:30:18,346 [INFO] Applying trade logic to 0 stocks.
2025-08-18 09:30:28,348 [INFO] Heartbeat: Checking for trade setups at 2025-08-18 09:30:28
2025-08-18 09:30:28,348 [INFO] Applying trade logic to 0 stocks.
2025-08-18 09:30:38,350 [INFO] Heartbeat: Checking for trade setups at 2025-08-18 09:30:38
2025-08-18 09:30:38,350 [INFO] Applying trade logic to 0 stocks.
2025-08-18 09:30:48,352 [INFO] Heartbeat: Checking for trade setups at 2025-08-18 09:30:48
2025-08-18 09:30:48,352 [INFO] Applying trade logic to 0 stocks.
2025-08-18 09:30:58,354 [INFO] Heartbeat: Checking for trade setups at 2025-08-18 09:30:58
2025-08-18 09:30:58,354 [INFO] Applying trade logic to 0 stocks.
2025-08-18 09:31:08,356 [INFO] Heartbeat: Checking for trade setups at 2025-08-18 09:31:08
2025-08-18 09:31:08,356 [INFO] Applying trade logic to 0 stocks.
2025-08-18 09:31:18,358 [INFO] Heartbeat: Checking for trade setups at 2025-08-18 09:31:18
2025-08-18 09:31:18,358 [INFO] Applying trade logic to 0 stocks.
2025-08-18 09:31:28,361 [INFO] Heartbeat: Checking for trade setups at 2025-08-18 09:31:28
2025-08-18 09:31:28,362 [INFO] Applying trade logic to 0 stocks.
2025-08-18 09:31:38,363 [INFO] Heartbeat: Checking for trade setups at 2025-08-18 09:31:38
2025-08-18 09:31:38,363 [INFO] Applying trade logic to 0 stocks.
2025-08-18 09:31:48,365 [INFO] Heartbeat: Checking for trade setups at 2025-08-18 09:31:48
2025-08-18 09:31:48,370 [INFO] Applying trade logic to 0 stocks.
2025-08-18 09:31:58,382 [INFO] Heartbeat: Checking for trade setups at 2025-08-18 09:31:58
2025-08-18 09:31:58,382 [INFO] Applying trade logic to 0 stocks.
2025-08-18 09:44:40,945 [INFO] Heartbeat: Checking for trade setups at 2025-08-18 09:44:40
2025-08-18 09:44:41,072 [INFO] Applying trade logic to 0 stocks.
2025-08-18 15:30:21,233 [INFO] Market closed. Sleeping for 60 seconds.
2025-08-18 15:31:21,248 [INFO] Market closed. Sleeping for 60 seconds.
2025-08-18 15:32:21,249 [INFO] Market closed. Sleeping for 60 seconds.
2025-08-18 15:33:21,251 [INFO] Market closed for 5 minutes. Exiting.
2025-08-18 19:53:40,512 [INFO] Starting trading script...
2025-08-18 19:53:40,512 [INFO] Creating FyersModel instance with access token...
2025-08-18 19:53:40,513 [INFO] Authenticated Fyers instance created.
2025-08-18 19:53:40,513 [INFO] Fetching index symbols and running filtering stages...
2025-08-18 19:53:40,513 [INFO] Starting WebSocket to fetch gap-up stocks...
2025-08-18 19:53:41,006 [INFO] Loaded symbols from Stock_list.xlsx.
2025-08-18 19:53:41,892 [INFO] Websocket connected
2025-08-18 19:53:43,022 [INFO] WebSocket connection opened. Subscribing to data...
2025-08-18 19:54:01,906 [INFO] Gap-up stocks saved to gapup_data.csv with 73 entries.
2025-08-18 19:54:01,921 [INFO] Gap-up stocks loaded: 73
2025-08-18 19:54:09,888 [INFO] Symbol              Gap Up %    Avg Volume  Status
2025-08-18 19:54:09,888 [INFO] Included NSE:VMM-EQ | Volume: 27282328
2025-08-18 19:54:09,889 [INFO] Included NSE:GICRE-EQ | Volume: 921355
2025-08-18 19:54:09,889 [INFO] Included NSE:NIACL-EQ | Volume: 4866796
2025-08-18 19:54:09,890 [INFO] Included NSE:STARHEALTH-EQ | Volume: 1396403
2025-08-18 19:54:09,891 [INFO] Included NSE:VOLTAS-EQ | Volume: 1319711
2025-08-18 19:54:09,891 [INFO] Included NSE:MINDACORP-EQ | Volume: 323413
2025-08-18 19:54:09,892 [INFO] Included NSE:CENTRALBK-EQ | Volume: 7946346
2025-08-18 19:54:09,892 [INFO] Included NSE:ITI-EQ | Volume: 765542
2025-08-18 19:54:09,892 [INFO] Included NSE:ERIS-EQ | Volume: 159367
2025-08-18 19:54:09,892 [INFO] Included NSE:TVSMOTOR-EQ | Volume: 912486
2025-08-18 19:54:09,893 [INFO] Included NSE:NESTLEIND-EQ | Volume: 1941688
2025-08-18 19:54:09,893 [INFO] Included NSE:TRENT-EQ | Volume: 1479181
2025-08-18 19:54:09,893 [INFO] Included NSE:SAIL-EQ | Volume: 11883514
2025-08-18 19:54:09,893 [INFO] Included NSE:INDIACEM-EQ | Volume: 819129
2025-08-18 19:54:09,894 [INFO] Included NSE:LICI-EQ | Volume: 932359
2025-08-18 19:54:09,895 [INFO] Included NSE:LEMONTREE-EQ | Volume: 3390238
2025-08-18 19:54:09,897 [INFO] Included NSE:SWSOLAR-EQ | Volume: 3080290
2025-08-18 19:54:09,898 [INFO] Included NSE:SUZLON-EQ | Volume: 68690404
2025-08-18 19:54:09,899 [INFO] Included NSE:BHEL-EQ | Volume: 6943731
2025-08-18 19:54:09,899 [INFO] Included NSE:ULTRACEMCO-EQ | Volume: 290671
2025-08-18 19:54:09,939 [INFO] Excluded NSE:BLUESTARCO-EQ | Volume: -1
2025-08-18 19:54:09,942 [INFO] Included NSE:ASHOKLEY-EQ | Volume: 11189440
2025-08-18 19:54:09,943 [INFO] Excluded NSE:CHOLAFIN-EQ | Volume: -1
2025-08-18 19:54:09,951 [INFO] Excluded NSE:KPRMILL-EQ | Volume: -1
2025-08-18 19:54:09,951 [INFO] Excluded NSE:SYRMA-EQ | Volume: -1
2025-08-18 19:54:09,952 [INFO] Excluded NSE:OLAELEC-EQ | Volume: -1
2025-08-18 19:54:09,952 [INFO] Included NSE:DEVYANI-EQ | Volume: 2362349
2025-08-18 19:54:09,953 [INFO] Included NSE:VEDL-EQ | Volume: 7324201
2025-08-18 19:54:09,953 [INFO] Excluded NSE:HDFCLIFE-EQ | Volume: -1
2025-08-18 19:54:09,954 [INFO] Included NSE:BATAINDIA-EQ | Volume: 156452
2025-08-18 19:54:09,955 [INFO] Included NSE:MARICO-EQ | Volume: 2000351
2025-08-18 19:54:09,955 [INFO] Included NSE:HYUNDAI-EQ | Volume: 1009141
2025-08-18 19:54:09,955 [INFO] Excluded NSE:ECLERX-EQ | Volume: -1
2025-08-18 19:54:09,956 [INFO] Included NSE:RRKABEL-EQ | Volume: 224775
2025-08-18 19:54:09,956 [INFO] Included NSE:ESCORTS-EQ | Volume: 126447
2025-08-18 19:54:09,957 [INFO] Included NSE:HAVELLS-EQ | Volume: 1059749
2025-08-18 19:54:09,958 [INFO] Included NSE:SAGILITY-EQ | Volume: 36907634
2025-08-18 19:54:09,958 [INFO] Included NSE:POLICYBZR-EQ | Volume: 1286479
2025-08-18 19:54:09,958 [INFO] Included NSE:VIJAYA-EQ | Volume: 362625
2025-08-18 19:54:09,959 [INFO] Excluded NSE:WHIRLPOOL-EQ | Volume: -1
2025-08-18 19:54:09,960 [INFO] Included NSE:DBREALTY-EQ | Volume: 2944103
2025-08-18 19:54:09,960 [INFO] Included NSE:WAAREEENER-EQ | Volume: 2885419
2025-08-18 19:54:09,961 [INFO] Included NSE:NIVABUPA-EQ | Volume: 3602536
2025-08-18 19:54:09,961 [INFO] Included NSE:ICICIGI-EQ | Volume: 619573
2025-08-18 19:54:09,962 [INFO] Included NSE:INOXWIND-EQ | Volume: 6446197
2025-08-18 19:54:09,971 [INFO] Included NSE:SWIGGY-EQ | Volume: 15183221
2025-08-18 19:54:09,972 [INFO] Included NSE:DABUR-EQ | Volume: 2457876
2025-08-18 19:54:09,973 [INFO] Included NSE:RAMCOCEM-EQ | Volume: 433684
2025-08-18 19:54:09,973 [INFO] Included NSE:ZENSARTECH-EQ | Volume: 561870
2025-08-18 19:54:09,974 [INFO] Included NSE:AMBER-EQ | Volume: 419794
2025-08-18 19:54:09,974 [INFO] Included NSE:MARUTI-EQ | Volume: 338183
2025-08-18 19:54:09,975 [INFO] Included NSE:M&M-EQ | Volume: 2501545
2025-08-18 19:54:09,976 [INFO] Included NSE:BIKAJI-EQ | Volume: 262777
2025-08-18 19:54:09,977 [INFO] Excluded NSE:ASTRAZEN-EQ | Volume: 39204
2025-08-18 19:54:09,977 [INFO] Included NSE:BAJAJ-AUTO-EQ | Volume: 314342
2025-08-18 19:54:09,977 [INFO] Included NSE:HINDUNILVR-EQ | Volume: 1610980
2025-08-18 19:54:09,978 [INFO] Included NSE:AMBUJACEM-EQ | Volume: 2503398
2025-08-18 19:54:09,979 [INFO] Included NSE:ACC-EQ | Volume: 439704
2025-08-18 19:54:09,979 [INFO] Included NSE:DMART-EQ | Volume: 683183
2025-08-18 19:54:09,980 [INFO] Included NSE:IRB-EQ | Volume: 10303019
2025-08-18 19:54:09,980 [INFO] Excluded NSE:SUNDARMFIN-EQ | Volume: 77902
2025-08-18 19:54:09,981 [INFO] Excluded NSE:PGEL-EQ | Volume: -1
2025-08-18 19:54:09,981 [INFO] Included NSE:KEC-EQ | Volume: 789814
2025-08-18 19:54:09,981 [INFO] Included NSE:EICHERMOT-EQ | Volume: 434704
2025-08-18 19:54:09,981 [INFO] Included NSE:NSLNISP-EQ | Volume: 6016275
2025-08-18 19:54:09,982 [INFO] Included NSE:DALBHARAT-EQ | Volume: 381432
2025-08-18 19:54:09,982 [INFO] Included NSE:JYOTHYLAB-EQ | Volume: 483995
2025-08-18 19:54:09,983 [INFO] Included NSE:ICICIPRULI-EQ | Volume: 1341675
2025-08-18 19:54:09,983 [INFO] Included NSE:COLPAL-EQ | Volume: 610312
2025-08-18 19:54:09,983 [INFO] Included NSE:KAYNES-EQ | Volume: 579359
2025-08-18 19:54:09,984 [INFO] Included NSE:SBILIFE-EQ | Volume: 1040277
2025-08-18 19:54:09,984 [INFO] Included NSE:UNOMINDA-EQ | Volume: 734428
2025-08-18 19:54:09,984 [INFO] Included NSE:HEROMOTOCO-EQ | Volume: 725786
2025-08-18 19:54:09,990 [INFO] Final filtered stocks after volume check: 62
2025-08-18 19:54:09,990 [INFO] Stocks to be traded: NSE:VMM-EQ, NSE:GICRE-EQ, NSE:NIACL-EQ, NSE:STARHEALTH-EQ, NSE:VOLTAS-EQ, NSE:MINDACORP-EQ, NSE:CENTRALBK-EQ, NSE:ITI-EQ, NSE:ERIS-EQ, NSE:TVSMOTOR-EQ, NSE:NESTLEIND-EQ, NSE:TRENT-EQ, NSE:SAIL-EQ, NSE:INDIACEM-EQ, NSE:LICI-EQ, NSE:LEMONTREE-EQ, NSE:SWSOLAR-EQ, NSE:SUZLON-EQ, NSE:BHEL-EQ, NSE:ULTRACEMCO-EQ, NSE:ASHOKLEY-EQ, NSE:DEVYANI-EQ, NSE:VEDL-EQ, NSE:BATAINDIA-EQ, NSE:MARICO-EQ, NSE:HYUNDAI-EQ, NSE:RRKABEL-EQ, NSE:ESCORTS-EQ, NSE:HAVELLS-EQ, NSE:SAGILITY-EQ, NSE:POLICYBZR-EQ, NSE:VIJAYA-EQ, NSE:DBREALTY-EQ, NSE:WAAREEENER-EQ, NSE:NIVABUPA-EQ, NSE:ICICIGI-EQ, NSE:INOXWIND-EQ, NSE:SWIGGY-EQ, NSE:DABUR-EQ, NSE:RAMCOCEM-EQ, NSE:ZENSARTECH-EQ, NSE:AMBER-EQ, NSE:MARUTI-EQ, NSE:M&M-EQ, NSE:BIKAJI-EQ, NSE:BAJAJ-AUTO-EQ, NSE:HINDUNILVR-EQ, NSE:AMBUJACEM-EQ, NSE:ACC-EQ, NSE:DMART-EQ, NSE:IRB-EQ, NSE:KEC-EQ, NSE:EICHERMOT-EQ, NSE:NSLNISP-EQ, NSE:DALBHARAT-EQ, NSE:JYOTHYLAB-EQ, NSE:ICICIPRULI-EQ, NSE:COLPAL-EQ, NSE:KAYNES-EQ, NSE:SBILIFE-EQ, NSE:UNOMINDA-EQ, NSE:HEROMOTOCO-EQ
2025-08-18 19:54:09,993 [INFO] Filtered stocks saved to filtered_stocks.json.
2025-08-18 19:54:09,994 [INFO] Entering monitoring loop...
2025-08-18 19:54:09,994 [INFO] Market closed. Sleeping for 60 seconds.
2025-08-18 19:55:09,995 [INFO] Market closed. Sleeping for 60 seconds.
2025-08-18 19:56:09,996 [INFO] Market closed. Sleeping for 60 seconds.
2025-08-18 19:57:09,997 [INFO] Market closed for 5 minutes. Exiting.
